{"/Users/kphcdr/go/src/showdoc/web_src/src/App.vue": {"path":"/Users/kphcdr/go/src/showdoc/web_src/src/App.vue","statementMap":{"0":{"start":{"line":1,"column":1},"end":{"line":17,"column":4}},"1":{"start":{"line":4,"column":0},"end":{"line":6,"column":3}},"2":{"start":{"line":14,"column":0},"end":{"line":16,"column":2}},"3":{"start":{"line":18,"column":0},"end":{"line":18,"column":70}},"4":{"start":{"line":18,"column":31},"end":{"line":18,"column":70}},"5":{"start":{"line":19,"column":24},"end":{"line":19,"column":100}},"6":{"start":{"line":20,"column":0},"end":{"line":20,"column":169}},"7":{"start":{"line":20,"column":54},"end":{"line":20,"column":58}},"8":{"start":{"line":20,"column":66},"end":{"line":20,"column":84}},"9":{"start":{"line":20,"column":92},"end":{"line":20,"column":108}},"10":{"start":{"line":20,"column":109},"end":{"line":20,"column":168}},"11":{"start":{"line":21,"column":0},"end":{"line":21,"column":37}}},"fnMap":{"0":{"name":"(anonymous_0)","decl":{"start":{"line":1,"column":2},"end":{"line":1,"column":3}},"loc":{"start":{"line":1,"column":12},"end":{"line":17,"column":1}},"line":1},"1":{"name":"render","decl":{"start":{"line":20,"column":35},"end":{"line":20,"column":41}},"loc":{"start":{"line":20,"column":45},"end":{"line":20,"column":169}},"line":20}},"branchMap":{"0":{"loc":{"start":{"line":18,"column":0},"end":{"line":18,"column":70}},"type":"if","locations":[{"start":{"line":18,"column":0},"end":{"line":18,"column":70}},{"start":{"line":18,"column":0},"end":{"line":18,"column":70}}],"line":18},"1":{"loc":{"start":{"line":19,"column":24},"end":{"line":19,"column":100}},"type":"cond-expr","locations":[{"start":{"line":19,"column":62},"end":{"line":19,"column":84}},{"start":{"line":19,"column":86},"end":{"line":19,"column":100}}],"line":19},"2":{"loc":{"start":{"line":20,"column":92},"end":{"line":20,"column":108}},"type":"binary-expr","locations":[{"start":{"line":20,"column":92},"end":{"line":20,"column":104}},{"start":{"line":20,"column":106},"end":{"line":20,"column":108}}],"line":20}},"s":{"0":0,"1":0,"2":0,"3":0,"4":0,"5":0,"6":0,"7":0,"8":0,"9":0,"10":0,"11":0},"f":{"0":0,"1":0},"b":{"0":[0,0],"1":[0,0],"2":[0,0]}}
,"/Users/kphcdr/go/src/showdoc/web_src/src/http.js": {"path":"/Users/kphcdr/go/src/showdoc/web_src/src/http.js","statementMap":{"0":{"start":{"line":1,"column":13},"end":{"line":1,"column":75}},"1":{"start":{"line":1,"column":90},"end":{"line":1,"column":130}},"2":{"start":{"line":1,"column":147},"end":{"line":1,"column":179}},"3":{"start":{"line":5,"column":13},"end":{"line":5,"column":29}},"4":{"start":{"line":5,"column":44},"end":{"line":5,"column":74}},"5":{"start":{"line":6,"column":13},"end":{"line":6,"column":38}},"6":{"start":{"line":6,"column":53},"end":{"line":6,"column":83}},"7":{"start":{"line":6,"column":122},"end":{"line":6,"column":176}},"8":{"start":{"line":11,"column":3},"end":{"line":11,"column":44}},"9":{"start":{"line":11,"column":44},"end":{"line":11,"column":96}},"10":{"start":{"line":13,"column":0},"end":{"line":22,"column":3}},"11":{"start":{"line":18,"column":4},"end":{"line":18,"column":18}},"12":{"start":{"line":21,"column":4},"end":{"line":21,"column":41}},"13":{"start":{"line":25,"column":0},"end":{"line":41,"column":3}},"14":{"start":{"line":27,"column":4},"end":{"line":35,"column":5}},"15":{"start":{"line":30,"column":4},"end":{"line":35,"column":5}},"16":{"start":{"line":31,"column":8},"end":{"line":33,"column":74}},"17":{"start":{"line":36,"column":4},"end":{"line":36,"column":20}},"18":{"start":{"line":40,"column":4},"end":{"line":40,"column":57}},"19":{"start":{"line":41,"column":3},"end":{"line":41,"column":37}}},"fnMap":{"0":{"name":"_interopRequireDefault","decl":{"start":{"line":6,"column":93},"end":{"line":6,"column":115}},"loc":{"start":{"line":6,"column":121},"end":{"line":6,"column":177}},"line":6},"1":{"name":"(anonymous_1)","decl":{"start":{"line":14,"column":0},"end":{"line":14,"column":1}},"loc":{"start":{"line":14,"column":18},"end":{"line":19,"column":1}},"line":14},"2":{"name":"(anonymous_2)","decl":{"start":{"line":20,"column":0},"end":{"line":20,"column":1}},"loc":{"start":{"line":20,"column":15},"end":{"line":22,"column":1}},"line":20},"3":{"name":"(anonymous_3)","decl":{"start":{"line":26,"column":0},"end":{"line":26,"column":1}},"loc":{"start":{"line":26,"column":20},"end":{"line":37,"column":1}},"line":26},"4":{"name":"(anonymous_4)","decl":{"start":{"line":38,"column":0},"end":{"line":38,"column":1}},"loc":{"start":{"line":38,"column":17},"end":{"line":41,"column":1}},"line":38}},"branchMap":{"0":{"loc":{"start":{"line":6,"column":129},"end":{"line":6,"column":175}},"type":"cond-expr","locations":[{"start":{"line":6,"column":153},"end":{"line":6,"column":156}},{"start":{"line":6,"column":159},"end":{"line":6,"column":175}}],"line":6},"1":{"loc":{"start":{"line":6,"column":129},"end":{"line":6,"column":150}},"type":"binary-expr","locations":[{"start":{"line":6,"column":129},"end":{"line":6,"column":132}},{"start":{"line":6,"column":136},"end":{"line":6,"column":150}}],"line":6},"2":{"loc":{"start":{"line":27,"column":4},"end":{"line":35,"column":5}},"type":"if","locations":[{"start":{"line":27,"column":4},"end":{"line":35,"column":5}},{"start":{"line":27,"column":4},"end":{"line":35,"column":5}}],"line":27},"3":{"loc":{"start":{"line":27,"column":8},"end":{"line":27,"column":89}},"type":"binary-expr","locations":[{"start":{"line":27,"column":8},"end":{"line":27,"column":28}},{"start":{"line":27,"column":32},"end":{"line":27,"column":89}}],"line":27},"4":{"loc":{"start":{"line":30,"column":4},"end":{"line":35,"column":5}},"type":"if","locations":[{"start":{"line":30,"column":4},"end":{"line":35,"column":5}},{"start":{"line":30,"column":4},"end":{"line":35,"column":5}}],"line":30}},"s":{"0":0,"1":0,"2":0,"3":0,"4":0,"5":0,"6":0,"7":0,"8":0,"9":0,"10":0,"11":0,"12":0,"13":0,"14":0,"15":0,"16":0,"17":0,"18":0,"19":0},"f":{"0":0,"1":0,"2":0,"3":0,"4":0},"b":{"0":[0,0],"1":[0,0],"2":[0,0],"3":[0,0],"4":[0,0]}}
,"/Users/kphcdr/go/src/showdoc/web_src/src/util.js": {"path":"/Users/kphcdr/go/src/showdoc/web_src/src/util.js","statementMap":{"0":{"start":{"line":1,"column":13},"end":{"line":1,"column":75}},"1":{"start":{"line":2,"column":0},"end":{"line":49,"column":6}},"2":{"start":{"line":5,"column":4},"end":{"line":7,"column":6}},"3":{"start":{"line":6,"column":6},"end":{"line":6,"column":30}},"4":{"start":{"line":13,"column":4},"end":{"line":15,"column":6}},"5":{"start":{"line":17,"column":4},"end":{"line":19,"column":6}},"6":{"start":{"line":18,"column":6},"end":{"line":18,"column":95}},"7":{"start":{"line":22,"column":4},"end":{"line":24,"column":6}},"8":{"start":{"line":23,"column":6},"end":{"line":23,"column":111}},"9":{"start":{"line":26,"column":4},"end":{"line":35,"column":6}},"10":{"start":{"line":27,"column":17},"end":{"line":27,"column":21}},"11":{"start":{"line":28,"column":16},"end":{"line":28,"column":51}},"12":{"start":{"line":29,"column":19},"end":{"line":29,"column":40}},"13":{"start":{"line":30,"column":6},"end":{"line":30,"column":45}},"14":{"start":{"line":31,"column":6},"end":{"line":34,"column":9}},"15":{"start":{"line":33,"column":8},"end":{"line":33,"column":43}},"16":{"start":{"line":33,"column":23},"end":{"line":33,"column":42}},"17":{"start":{"line":37,"column":4},"end":{"line":47,"column":6}},"18":{"start":{"line":38,"column":17},"end":{"line":38,"column":21}},"19":{"start":{"line":39,"column":16},"end":{"line":39,"column":56}},"20":{"start":{"line":40,"column":19},"end":{"line":40,"column":40}},"21":{"start":{"line":41,"column":6},"end":{"line":41,"column":45}},"22":{"start":{"line":42,"column":6},"end":{"line":42,"column":34}},"23":{"start":{"line":43,"column":6},"end":{"line":46,"column":9}},"24":{"start":{"line":45,"column":8},"end":{"line":45,"column":43}},"25":{"start":{"line":45,"column":23},"end":{"line":45,"column":42}}},"fnMap":{"0":{"name":"install","decl":{"start":{"line":3,"column":20},"end":{"line":3,"column":27}},"loc":{"start":{"line":4,"column":2},"end":{"line":49,"column":3}},"line":4},"1":{"name":"(anonymous_1)","decl":{"start":{"line":5,"column":28},"end":{"line":5,"column":29}},"loc":{"start":{"line":5,"column":40},"end":{"line":7,"column":5}},"line":5},"2":{"name":"(anonymous_2)","decl":{"start":{"line":13,"column":28},"end":{"line":13,"column":29}},"loc":{"start":{"line":13,"column":40},"end":{"line":15,"column":5}},"line":13},"3":{"name":"(anonymous_3)","decl":{"start":{"line":17,"column":32},"end":{"line":17,"column":33}},"loc":{"start":{"line":17,"column":44},"end":{"line":19,"column":5}},"line":17},"4":{"name":"(anonymous_4)","decl":{"start":{"line":22,"column":29},"end":{"line":22,"column":30}},"loc":{"start":{"line":22,"column":41},"end":{"line":24,"column":5}},"line":22},"5":{"name":"(anonymous_5)","decl":{"start":{"line":26,"column":34},"end":{"line":26,"column":35}},"loc":{"start":{"line":26,"column":54},"end":{"line":35,"column":5}},"line":26},"6":{"name":"(anonymous_6)","decl":{"start":{"line":32,"column":11},"end":{"line":32,"column":12}},"loc":{"start":{"line":32,"column":31},"end":{"line":34,"column":7}},"line":32},"7":{"name":"(anonymous_7)","decl":{"start":{"line":37,"column":31},"end":{"line":37,"column":32}},"loc":{"start":{"line":37,"column":51},"end":{"line":47,"column":5}},"line":37},"8":{"name":"(anonymous_8)","decl":{"start":{"line":44,"column":11},"end":{"line":44,"column":12}},"loc":{"start":{"line":44,"column":31},"end":{"line":46,"column":7}},"line":44}},"branchMap":{"0":{"loc":{"start":{"line":23,"column":13},"end":{"line":23,"column":110}},"type":"cond-expr","locations":[{"start":{"line":23,"column":98},"end":{"line":23,"column":102}},{"start":{"line":23,"column":105},"end":{"line":23,"column":110}}],"line":23},"1":{"loc":{"start":{"line":33,"column":8},"end":{"line":33,"column":43}},"type":"if","locations":[{"start":{"line":33,"column":8},"end":{"line":33,"column":43}},{"start":{"line":33,"column":8},"end":{"line":33,"column":43}}],"line":33},"2":{"loc":{"start":{"line":45,"column":8},"end":{"line":45,"column":43}},"type":"if","locations":[{"start":{"line":45,"column":8},"end":{"line":45,"column":43}},{"start":{"line":45,"column":8},"end":{"line":45,"column":43}}],"line":45}},"s":{"0":0,"1":0,"2":0,"3":0,"4":0,"5":0,"6":0,"7":0,"8":0,"9":0,"10":0,"11":0,"12":0,"13":0,"14":0,"15":0,"16":0,"17":0,"18":0,"19":0,"20":0,"21":0,"22":0,"23":0,"24":0,"25":0},"f":{"0":0,"1":0,"2":0,"3":0,"4":0,"5":0,"6":0,"7":0,"8":0},"b":{"0":[0,0],"1":[0,0],"2":[0,0]}}
,"/Users/kphcdr/go/src/showdoc/web_src/src/components/Index.vue": {"path":"/Users/kphcdr/go/src/showdoc/web_src/src/components/Index.vue","statementMap":{"0":{"start":{"line":1,"column":1},"end":{"line":127,"column":4}},"1":{"start":{"line":4,"column":0},"end":{"line":6,"column":3}},"2":{"start":{"line":94,"column":0},"end":{"line":126,"column":2}},"3":{"start":{"line":97,"column":4},"end":{"line":101,"column":6}},"4":{"start":{"line":106,"column":6},"end":{"line":110,"column":7}},"5":{"start":{"line":107,"column":24},"end":{"line":107,"column":42}},"6":{"start":{"line":108,"column":13},"end":{"line":110,"column":7}},"7":{"start":{"line":109,"column":24},"end":{"line":109,"column":50}},"8":{"start":{"line":111,"column":6},"end":{"line":111,"column":37}},"9":{"start":{"line":115,"column":15},"end":{"line":115,"column":19}},"10":{"start":{"line":116,"column":4},"end":{"line":116,"column":21}},"11":{"start":{"line":117,"column":4},"end":{"line":117,"column":33}},"12":{"start":{"line":118,"column":4},"end":{"line":118,"column":56}},"13":{"start":{"line":119,"column":4},"end":{"line":124,"column":7}},"14":{"start":{"line":120,"column":6},"end":{"line":123,"column":7}},"15":{"start":{"line":121,"column":8},"end":{"line":121,"column":34}},"16":{"start":{"line":122,"column":8},"end":{"line":122,"column":44}},"17":{"start":{"line":128,"column":0},"end":{"line":128,"column":70}},"18":{"start":{"line":128,"column":31},"end":{"line":128,"column":70}},"19":{"start":{"line":129,"column":24},"end":{"line":129,"column":100}},"20":{"start":{"line":130,"column":0},"end":{"line":130,"column":3064}},"21":{"start":{"line":130,"column":54},"end":{"line":130,"column":58}},"22":{"start":{"line":130,"column":66},"end":{"line":130,"column":84}},"23":{"start":{"line":130,"column":92},"end":{"line":130,"column":108}},"24":{"start":{"line":130,"column":109},"end":{"line":130,"column":3063}},"25":{"start":{"line":131,"column":0},"end":{"line":131,"column":37}}},"fnMap":{"0":{"name":"(anonymous_0)","decl":{"start":{"line":1,"column":2},"end":{"line":1,"column":3}},"loc":{"start":{"line":1,"column":12},"end":{"line":127,"column":1}},"line":1},"1":{"name":"data","decl":{"start":{"line":96,"column":17},"end":{"line":96,"column":21}},"loc":{"start":{"line":96,"column":24},"end":{"line":102,"column":3}},"line":96},"2":{"name":"getHeight","decl":{"start":{"line":105,"column":24},"end":{"line":105,"column":33}},"loc":{"start":{"line":105,"column":36},"end":{"line":112,"column":5}},"line":105},"3":{"name":"mounted","decl":{"start":{"line":114,"column":20},"end":{"line":114,"column":27}},"loc":{"start":{"line":114,"column":30},"end":{"line":125,"column":3}},"line":114},"4":{"name":"(anonymous_4)","decl":{"start":{"line":119,"column":23},"end":{"line":119,"column":24}},"loc":{"start":{"line":119,"column":43},"end":{"line":124,"column":5}},"line":119},"5":{"name":"render","decl":{"start":{"line":130,"column":35},"end":{"line":130,"column":41}},"loc":{"start":{"line":130,"column":45},"end":{"line":130,"column":3064}},"line":130}},"branchMap":{"0":{"loc":{"start":{"line":106,"column":6},"end":{"line":110,"column":7}},"type":"if","locations":[{"start":{"line":106,"column":6},"end":{"line":110,"column":7}},{"start":{"line":106,"column":6},"end":{"line":110,"column":7}}],"line":106},"1":{"loc":{"start":{"line":108,"column":13},"end":{"line":110,"column":7}},"type":"if","locations":[{"start":{"line":108,"column":13},"end":{"line":110,"column":7}},{"start":{"line":108,"column":13},"end":{"line":110,"column":7}}],"line":108},"2":{"loc":{"start":{"line":108,"column":17},"end":{"line":108,"column":60}},"type":"binary-expr","locations":[{"start":{"line":108,"column":17},"end":{"line":108,"column":30}},{"start":{"line":108,"column":34},"end":{"line":108,"column":60}}],"line":108},"3":{"loc":{"start":{"line":120,"column":6},"end":{"line":123,"column":7}},"type":"if","locations":[{"start":{"line":120,"column":6},"end":{"line":123,"column":7}},{"start":{"line":120,"column":6},"end":{"line":123,"column":7}}],"line":120},"4":{"loc":{"start":{"line":128,"column":0},"end":{"line":128,"column":70}},"type":"if","locations":[{"start":{"line":128,"column":0},"end":{"line":128,"column":70}},{"start":{"line":128,"column":0},"end":{"line":128,"column":70}}],"line":128},"5":{"loc":{"start":{"line":129,"column":24},"end":{"line":129,"column":100}},"type":"cond-expr","locations":[{"start":{"line":129,"column":62},"end":{"line":129,"column":84}},{"start":{"line":129,"column":86},"end":{"line":129,"column":100}}],"line":129},"6":{"loc":{"start":{"line":130,"column":92},"end":{"line":130,"column":108}},"type":"binary-expr","locations":[{"start":{"line":130,"column":92},"end":{"line":130,"column":104}},{"start":{"line":130,"column":106},"end":{"line":130,"column":108}}],"line":130}},"s":{"0":0,"1":0,"2":0,"3":0,"4":0,"5":0,"6":0,"7":0,"8":0,"9":0,"10":0,"11":0,"12":0,"13":0,"14":0,"15":0,"16":0,"17":0,"18":0,"19":0,"20":0,"21":0,"22":0,"23":0,"24":0,"25":0},"f":{"0":0,"1":0,"2":0,"3":0,"4":0,"5":0},"b":{"0":[0,0],"1":[0,0],"2":[0,0],"3":[0,0],"4":[0,0],"5":[0,0],"6":[0,0]}}
,"/Users/kphcdr/go/src/showdoc/web_src/src/components/catalog/index.vue": {"path":"/Users/kphcdr/go/src/showdoc/web_src/src/components/catalog/index.vue","statementMap":{"0":{"start":{"line":1,"column":1},"end":{"line":223,"column":4}},"1":{"start":{"line":4,"column":0},"end":{"line":6,"column":3}},"2":{"start":{"line":8,"column":17},"end":{"line":8,"column":64}},"3":{"start":{"line":10,"column":18},"end":{"line":10,"column":52}},"4":{"start":{"line":12,"column":39},"end":{"line":12,"column":93}},"5":{"start":{"line":88,"column":0},"end":{"line":222,"column":2}},"6":{"start":{"line":92,"column":4},"end":{"line":102,"column":6}},"7":{"start":{"line":107,"column":16},"end":{"line":107,"column":24}},"8":{"start":{"line":108,"column":21},"end":{"line":108,"column":34}},"9":{"start":{"line":110,"column":6},"end":{"line":112,"column":7}},"10":{"start":{"line":111,"column":8},"end":{"line":111,"column":29}},"11":{"start":{"line":113,"column":6},"end":{"line":113,"column":16}},"12":{"start":{"line":116,"column":17},"end":{"line":116,"column":21}},"13":{"start":{"line":117,"column":16},"end":{"line":117,"column":62}},"14":{"start":{"line":118,"column":19},"end":{"line":118,"column":40}},"15":{"start":{"line":119,"column":6},"end":{"line":119,"column":59}},"16":{"start":{"line":120,"column":6},"end":{"line":148,"column":9}},"17":{"start":{"line":121,"column":8},"end":{"line":145,"column":9}},"18":{"start":{"line":122,"column":21},"end":{"line":122,"column":39}},"19":{"start":{"line":125,"column":22},"end":{"line":125,"column":35}},"20":{"start":{"line":126,"column":23},"end":{"line":126,"column":67}},"21":{"start":{"line":127,"column":10},"end":{"line":127,"column":32}},"22":{"start":{"line":128,"column":10},"end":{"line":128,"column":40}},"23":{"start":{"line":130,"column":26},"end":{"line":130,"column":28}},"24":{"start":{"line":131,"column":10},"end":{"line":141,"column":11}},"25":{"start":{"line":133,"column":12},"end":{"line":133,"column":54}},"26":{"start":{"line":134,"column":12},"end":{"line":134,"column":36}},"27":{"start":{"line":135,"column":12},"end":{"line":140,"column":13}},"28":{"start":{"line":136,"column":14},"end":{"line":139,"column":15}},"29":{"start":{"line":137,"column":16},"end":{"line":137,"column":87}},"30":{"start":{"line":138,"column":16},"end":{"line":138,"column":50}},"31":{"start":{"line":142,"column":10},"end":{"line":142,"column":36}},"32":{"start":{"line":144,"column":10},"end":{"line":144,"column":51}},"33":{"start":{"line":147,"column":8},"end":{"line":147,"column":27}},"34":{"start":{"line":151,"column":17},"end":{"line":151,"column":21}},"35":{"start":{"line":152,"column":16},"end":{"line":152,"column":54}},"36":{"start":{"line":154,"column":19},"end":{"line":154,"column":40}},"37":{"start":{"line":155,"column":6},"end":{"line":155,"column":59}},"38":{"start":{"line":156,"column":6},"end":{"line":156,"column":50}},"39":{"start":{"line":157,"column":6},"end":{"line":157,"column":64}},"40":{"start":{"line":158,"column":6},"end":{"line":158,"column":54}},"41":{"start":{"line":159,"column":6},"end":{"line":159,"column":54}},"42":{"start":{"line":161,"column":6},"end":{"line":171,"column":9}},"43":{"start":{"line":162,"column":8},"end":{"line":168,"column":9}},"44":{"start":{"line":163,"column":10},"end":{"line":163,"column":41}},"45":{"start":{"line":164,"column":10},"end":{"line":164,"column":29}},"46":{"start":{"line":165,"column":10},"end":{"line":165,"column":27}},"47":{"start":{"line":167,"column":10},"end":{"line":167,"column":51}},"48":{"start":{"line":170,"column":8},"end":{"line":170,"column":27}},"49":{"start":{"line":174,"column":17},"end":{"line":174,"column":19}},"50":{"start":{"line":175,"column":6},"end":{"line":175,"column":55}},"51":{"start":{"line":176,"column":6},"end":{"line":178,"column":7}},"52":{"start":{"line":177,"column":8},"end":{"line":177,"column":58}},"53":{"start":{"line":179,"column":6},"end":{"line":181,"column":7}},"54":{"start":{"line":180,"column":8},"end":{"line":180,"column":32}},"55":{"start":{"line":183,"column":6},"end":{"line":183,"column":25}},"56":{"start":{"line":185,"column":6},"end":{"line":185,"column":36}},"57":{"start":{"line":188,"column":17},"end":{"line":188,"column":21}},"58":{"start":{"line":189,"column":16},"end":{"line":189,"column":56}},"59":{"start":{"line":191,"column":6},"end":{"line":207,"column":9}},"60":{"start":{"line":196,"column":21},"end":{"line":196,"column":42}},"61":{"start":{"line":197,"column":8},"end":{"line":197,"column":61}},"62":{"start":{"line":198,"column":8},"end":{"line":198,"column":40}},"63":{"start":{"line":200,"column":8},"end":{"line":206,"column":11}},"64":{"start":{"line":201,"column":10},"end":{"line":205,"column":11}},"65":{"start":{"line":202,"column":12},"end":{"line":202,"column":31}},"66":{"start":{"line":204,"column":12},"end":{"line":204,"column":53}},"67":{"start":{"line":210,"column":6},"end":{"line":210,"column":23}},"68":{"start":{"line":211,"column":6},"end":{"line":211,"column":36}},"69":{"start":{"line":214,"column":16},"end":{"line":214,"column":48}},"70":{"start":{"line":215,"column":6},"end":{"line":215,"column":39}},"71":{"start":{"line":220,"column":4},"end":{"line":220,"column":23}},"72":{"start":{"line":224,"column":0},"end":{"line":224,"column":70}},"73":{"start":{"line":224,"column":31},"end":{"line":224,"column":70}},"74":{"start":{"line":225,"column":24},"end":{"line":225,"column":100}},"75":{"start":{"line":226,"column":0},"end":{"line":226,"column":2893}},"76":{"start":{"line":226,"column":54},"end":{"line":226,"column":58}},"77":{"start":{"line":226,"column":66},"end":{"line":226,"column":84}},"78":{"start":{"line":226,"column":92},"end":{"line":226,"column":108}},"79":{"start":{"line":226,"column":109},"end":{"line":226,"column":2892}},"80":{"start":{"line":226,"column":1078},"end":{"line":226,"column":1391}},"81":{"start":{"line":226,"column":1168},"end":{"line":226,"column":1187}},"82":{"start":{"line":226,"column":1319},"end":{"line":226,"column":1351}},"83":{"start":{"line":226,"column":1528},"end":{"line":226,"column":1556}},"84":{"start":{"line":226,"column":1759},"end":{"line":226,"column":1796}},"85":{"start":{"line":226,"column":2033},"end":{"line":226,"column":2075}},"86":{"start":{"line":226,"column":2158},"end":{"line":226,"column":2248}},"87":{"start":{"line":226,"column":2448},"end":{"line":226,"column":2485}},"88":{"start":{"line":226,"column":2662},"end":{"line":226,"column":2691}},"89":{"start":{"line":227,"column":0},"end":{"line":227,"column":37}}},"fnMap":{"0":{"name":"(anonymous_0)","decl":{"start":{"line":1,"column":2},"end":{"line":1,"column":3}},"loc":{"start":{"line":1,"column":12},"end":{"line":223,"column":1}},"line":1},"1":{"name":"_interopRequireDefault","decl":{"start":{"line":12,"column":9},"end":{"line":12,"column":31}},"loc":{"start":{"line":12,"column":37},"end":{"line":12,"column":95}},"line":12},"2":{"name":"data","decl":{"start":{"line":91,"column":17},"end":{"line":91,"column":21}},"loc":{"start":{"line":91,"column":24},"end":{"line":103,"column":3}},"line":91},"3":{"name":"tableRowClassName","decl":{"start":{"line":106,"column":32},"end":{"line":106,"column":49}},"loc":{"start":{"line":106,"column":56},"end":{"line":114,"column":5}},"line":106},"4":{"name":"get_catalog","decl":{"start":{"line":115,"column":26},"end":{"line":115,"column":37}},"loc":{"start":{"line":115,"column":40},"end":{"line":149,"column":5}},"line":115},"5":{"name":"(anonymous_5)","decl":{"start":{"line":120,"column":40},"end":{"line":120,"column":41}},"loc":{"start":{"line":120,"column":60},"end":{"line":146,"column":7}},"line":120},"6":{"name":"(anonymous_6)","decl":{"start":{"line":146,"column":15},"end":{"line":146,"column":16}},"loc":{"start":{"line":146,"column":32},"end":{"line":148,"column":7}},"line":146},"7":{"name":"MyFormSubmit","decl":{"start":{"line":150,"column":27},"end":{"line":150,"column":39}},"loc":{"start":{"line":150,"column":42},"end":{"line":172,"column":5}},"line":150},"8":{"name":"(anonymous_8)","decl":{"start":{"line":161,"column":40},"end":{"line":161,"column":41}},"loc":{"start":{"line":161,"column":60},"end":{"line":169,"column":7}},"line":161},"9":{"name":"(anonymous_9)","decl":{"start":{"line":169,"column":15},"end":{"line":169,"column":16}},"loc":{"start":{"line":169,"column":32},"end":{"line":171,"column":7}},"line":169},"10":{"name":"edit","decl":{"start":{"line":173,"column":19},"end":{"line":173,"column":23}},"loc":{"start":{"line":173,"column":29},"end":{"line":186,"column":5}},"line":173},"11":{"name":"delete_cat","decl":{"start":{"line":187,"column":25},"end":{"line":187,"column":35}},"loc":{"start":{"line":187,"column":44},"end":{"line":208,"column":5}},"line":187},"12":{"name":"(anonymous_12)","decl":{"start":{"line":195,"column":14},"end":{"line":195,"column":15}},"loc":{"start":{"line":195,"column":26},"end":{"line":207,"column":7}},"line":195},"13":{"name":"(anonymous_13)","decl":{"start":{"line":200,"column":42},"end":{"line":200,"column":43}},"loc":{"start":{"line":200,"column":62},"end":{"line":206,"column":9}},"line":200},"14":{"name":"add_cat","decl":{"start":{"line":209,"column":22},"end":{"line":209,"column":29}},"loc":{"start":{"line":209,"column":32},"end":{"line":212,"column":5}},"line":209},"15":{"name":"goback","decl":{"start":{"line":213,"column":21},"end":{"line":213,"column":27}},"loc":{"start":{"line":213,"column":30},"end":{"line":216,"column":5}},"line":213},"16":{"name":"mounted","decl":{"start":{"line":219,"column":20},"end":{"line":219,"column":27}},"loc":{"start":{"line":219,"column":30},"end":{"line":221,"column":3}},"line":219},"17":{"name":"render","decl":{"start":{"line":226,"column":35},"end":{"line":226,"column":41}},"loc":{"start":{"line":226,"column":45},"end":{"line":226,"column":2893}},"line":226},"18":{"name":"(anonymous_18)","decl":{"start":{"line":226,"column":1062},"end":{"line":226,"column":1063}},"loc":{"start":{"line":226,"column":1077},"end":{"line":226,"column":1392}},"line":226},"19":{"name":"(anonymous_19)","decl":{"start":{"line":226,"column":1151},"end":{"line":226,"column":1152}},"loc":{"start":{"line":226,"column":1167},"end":{"line":226,"column":1188}},"line":226},"20":{"name":"(anonymous_20)","decl":{"start":{"line":226,"column":1302},"end":{"line":226,"column":1303}},"loc":{"start":{"line":226,"column":1318},"end":{"line":226,"column":1352}},"line":226},"21":{"name":"(anonymous_21)","decl":{"start":{"line":226,"column":1511},"end":{"line":226,"column":1512}},"loc":{"start":{"line":226,"column":1527},"end":{"line":226,"column":1557}},"line":226},"22":{"name":"(anonymous_22)","decl":{"start":{"line":226,"column":1743},"end":{"line":226,"column":1744}},"loc":{"start":{"line":226,"column":1758},"end":{"line":226,"column":1797}},"line":226},"23":{"name":"(anonymous_23)","decl":{"start":{"line":226,"column":2017},"end":{"line":226,"column":2018}},"loc":{"start":{"line":226,"column":2032},"end":{"line":226,"column":2076}},"line":226},"24":{"name":"(anonymous_24)","decl":{"start":{"line":226,"column":2143},"end":{"line":226,"column":2144}},"loc":{"start":{"line":226,"column":2157},"end":{"line":226,"column":2249}},"line":226},"25":{"name":"(anonymous_25)","decl":{"start":{"line":226,"column":2432},"end":{"line":226,"column":2433}},"loc":{"start":{"line":226,"column":2447},"end":{"line":226,"column":2486}},"line":226},"26":{"name":"(anonymous_26)","decl":{"start":{"line":226,"column":2645},"end":{"line":226,"column":2646}},"loc":{"start":{"line":226,"column":2661},"end":{"line":226,"column":2692}},"line":226}},"branchMap":{"0":{"loc":{"start":{"line":12,"column":46},"end":{"line":12,"column":92}},"type":"cond-expr","locations":[{"start":{"line":12,"column":70},"end":{"line":12,"column":73}},{"start":{"line":12,"column":76},"end":{"line":12,"column":92}}],"line":12},"1":{"loc":{"start":{"line":12,"column":46},"end":{"line":12,"column":67}},"type":"binary-expr","locations":[{"start":{"line":12,"column":46},"end":{"line":12,"column":49}},{"start":{"line":12,"column":53},"end":{"line":12,"column":67}}],"line":12},"2":{"loc":{"start":{"line":110,"column":6},"end":{"line":112,"column":7}},"type":"if","locations":[{"start":{"line":110,"column":6},"end":{"line":112,"column":7}},{"start":{"line":110,"column":6},"end":{"line":112,"column":7}}],"line":110},"3":{"loc":{"start":{"line":121,"column":8},"end":{"line":145,"column":9}},"type":"if","locations":[{"start":{"line":121,"column":8},"end":{"line":145,"column":9}},{"start":{"line":121,"column":8},"end":{"line":145,"column":9}}],"line":121},"4":{"loc":{"start":{"line":135,"column":12},"end":{"line":140,"column":13}},"type":"if","locations":[{"start":{"line":135,"column":12},"end":{"line":140,"column":13}},{"start":{"line":135,"column":12},"end":{"line":140,"column":13}}],"line":135},"5":{"loc":{"start":{"line":162,"column":8},"end":{"line":168,"column":9}},"type":"if","locations":[{"start":{"line":162,"column":8},"end":{"line":168,"column":9}},{"start":{"line":162,"column":8},"end":{"line":168,"column":9}}],"line":162},"6":{"loc":{"start":{"line":176,"column":6},"end":{"line":178,"column":7}},"type":"if","locations":[{"start":{"line":176,"column":6},"end":{"line":178,"column":7}},{"start":{"line":176,"column":6},"end":{"line":178,"column":7}}],"line":176},"7":{"loc":{"start":{"line":179,"column":6},"end":{"line":181,"column":7}},"type":"if","locations":[{"start":{"line":179,"column":6},"end":{"line":181,"column":7}},{"start":{"line":179,"column":6},"end":{"line":181,"column":7}}],"line":179},"8":{"loc":{"start":{"line":201,"column":10},"end":{"line":205,"column":11}},"type":"if","locations":[{"start":{"line":201,"column":10},"end":{"line":205,"column":11}},{"start":{"line":201,"column":10},"end":{"line":205,"column":11}}],"line":201},"9":{"loc":{"start":{"line":224,"column":0},"end":{"line":224,"column":70}},"type":"if","locations":[{"start":{"line":224,"column":0},"end":{"line":224,"column":70}},{"start":{"line":224,"column":0},"end":{"line":224,"column":70}}],"line":224},"10":{"loc":{"start":{"line":225,"column":24},"end":{"line":225,"column":100}},"type":"cond-expr","locations":[{"start":{"line":225,"column":62},"end":{"line":225,"column":84}},{"start":{"line":225,"column":86},"end":{"line":225,"column":100}}],"line":225},"11":{"loc":{"start":{"line":226,"column":92},"end":{"line":226,"column":108}},"type":"binary-expr","locations":[{"start":{"line":226,"column":92},"end":{"line":226,"column":104}},{"start":{"line":226,"column":106},"end":{"line":226,"column":108}}],"line":226}},"s":{"0":0,"1":0,"2":0,"3":0,"4":0,"5":0,"6":0,"7":0,"8":0,"9":0,"10":0,"11":0,"12":0,"13":0,"14":0,"15":0,"16":0,"17":0,"18":0,"19":0,"20":0,"21":0,"22":0,"23":0,"24":0,"25":0,"26":0,"27":0,"28":0,"29":0,"30":0,"31":0,"32":0,"33":0,"34":0,"35":0,"36":0,"37":0,"38":0,"39":0,"40":0,"41":0,"42":0,"43":0,"44":0,"45":0,"46":0,"47":0,"48":0,"49":0,"50":0,"51":0,"52":0,"53":0,"54":0,"55":0,"56":0,"57":0,"58":0,"59":0,"60":0,"61":0,"62":0,"63":0,"64":0,"65":0,"66":0,"67":0,"68":0,"69":0,"70":0,"71":0,"72":0,"73":0,"74":0,"75":0,"76":0,"77":0,"78":0,"79":0,"80":0,"81":0,"82":0,"83":0,"84":0,"85":0,"86":0,"87":0,"88":0,"89":0},"f":{"0":0,"1":0,"2":0,"3":0,"4":0,"5":0,"6":0,"7":0,"8":0,"9":0,"10":0,"11":0,"12":0,"13":0,"14":0,"15":0,"16":0,"17":0,"18":0,"19":0,"20":0,"21":0,"22":0,"23":0,"24":0,"25":0,"26":0},"b":{"0":[0,0],"1":[0,0],"2":[0,0],"3":[0,0],"4":[0,0],"5":[0,0],"6":[0,0],"7":[0,0],"8":[0,0],"9":[0,0],"10":[0,0],"11":[0,0]}}
,"/Users/kphcdr/go/src/showdoc/web_src/src/components/common/BackToTop.vue": {"path":"/Users/kphcdr/go/src/showdoc/web_src/src/components/common/BackToTop.vue","statementMap":{"0":{"start":{"line":1,"column":1},"end":{"line":51,"column":4}},"1":{"start":{"line":4,"column":0},"end":{"line":6,"column":3}},"2":{"start":{"line":16,"column":0},"end":{"line":50,"column":2}},"3":{"start":{"line":18,"column":4},"end":{"line":23,"column":6}},"4":{"start":{"line":26,"column":13},"end":{"line":26,"column":17}},"5":{"start":{"line":27,"column":4},"end":{"line":30,"column":6}},"6":{"start":{"line":28,"column":6},"end":{"line":28,"column":180}},"7":{"start":{"line":29,"column":6},"end":{"line":29,"column":51}},"8":{"start":{"line":35,"column":15},"end":{"line":35,"column":19}},"9":{"start":{"line":36,"column":6},"end":{"line":44,"column":21}},"10":{"start":{"line":37,"column":8},"end":{"line":37,"column":28}},"11":{"start":{"line":38,"column":8},"end":{"line":42,"column":9}},"12":{"start":{"line":39,"column":10},"end":{"line":39,"column":27}},"13":{"start":{"line":40,"column":10},"end":{"line":40,"column":28}},"14":{"start":{"line":41,"column":10},"end":{"line":41,"column":34}},"15":{"start":{"line":43,"column":8},"end":{"line":43,"column":34}},"16":{"start":{"line":48,"column":4},"end":{"line":48,"column":30}},"17":{"start":{"line":52,"column":0},"end":{"line":52,"column":70}},"18":{"start":{"line":52,"column":31},"end":{"line":52,"column":70}},"19":{"start":{"line":53,"column":24},"end":{"line":53,"column":100}},"20":{"start":{"line":54,"column":0},"end":{"line":54,"column":342}},"21":{"start":{"line":54,"column":54},"end":{"line":54,"column":58}},"22":{"start":{"line":54,"column":66},"end":{"line":54,"column":84}},"23":{"start":{"line":54,"column":92},"end":{"line":54,"column":108}},"24":{"start":{"line":54,"column":109},"end":{"line":54,"column":341}},"25":{"start":{"line":55,"column":0},"end":{"line":55,"column":37}}},"fnMap":{"0":{"name":"(anonymous_0)","decl":{"start":{"line":1,"column":2},"end":{"line":1,"column":3}},"loc":{"start":{"line":1,"column":12},"end":{"line":51,"column":1}},"line":1},"1":{"name":"data","decl":{"start":{"line":17,"column":17},"end":{"line":17,"column":21}},"loc":{"start":{"line":17,"column":24},"end":{"line":24,"column":3}},"line":17},"2":{"name":"mounted","decl":{"start":{"line":25,"column":20},"end":{"line":25,"column":27}},"loc":{"start":{"line":25,"column":30},"end":{"line":31,"column":3}},"line":25},"3":{"name":"(anonymous_3)","decl":{"start":{"line":27,"column":22},"end":{"line":27,"column":23}},"loc":{"start":{"line":27,"column":34},"end":{"line":30,"column":5}},"line":27},"4":{"name":"gototop","decl":{"start":{"line":34,"column":22},"end":{"line":34,"column":29}},"loc":{"start":{"line":34,"column":32},"end":{"line":45,"column":5}},"line":34},"5":{"name":"(anonymous_5)","decl":{"start":{"line":36,"column":29},"end":{"line":36,"column":30}},"loc":{"start":{"line":36,"column":41},"end":{"line":44,"column":7}},"line":36},"6":{"name":"destroyed","decl":{"start":{"line":47,"column":22},"end":{"line":47,"column":31}},"loc":{"start":{"line":47,"column":34},"end":{"line":49,"column":3}},"line":47},"7":{"name":"render","decl":{"start":{"line":54,"column":35},"end":{"line":54,"column":41}},"loc":{"start":{"line":54,"column":45},"end":{"line":54,"column":342}},"line":54}},"branchMap":{"0":{"loc":{"start":{"line":28,"column":21},"end":{"line":28,"column":179}},"type":"cond-expr","locations":[{"start":{"line":28,"column":47},"end":{"line":28,"column":70}},{"start":{"line":28,"column":73},"end":{"line":28,"column":179}}],"line":28},"1":{"loc":{"start":{"line":28,"column":73},"end":{"line":28,"column":179}},"type":"cond-expr","locations":[{"start":{"line":28,"column":138},"end":{"line":28,"column":172}},{"start":{"line":28,"column":175},"end":{"line":28,"column":179}}],"line":28},"2":{"loc":{"start":{"line":28,"column":73},"end":{"line":28,"column":135}},"type":"binary-expr","locations":[{"start":{"line":28,"column":73},"end":{"line":28,"column":97}},{"start":{"line":28,"column":101},"end":{"line":28,"column":135}}],"line":28},"3":{"loc":{"start":{"line":29,"column":18},"end":{"line":29,"column":50}},"type":"binary-expr","locations":[{"start":{"line":29,"column":18},"end":{"line":29,"column":30}},{"start":{"line":29,"column":34},"end":{"line":29,"column":50}}],"line":29},"4":{"loc":{"start":{"line":38,"column":8},"end":{"line":42,"column":9}},"type":"if","locations":[{"start":{"line":38,"column":8},"end":{"line":42,"column":9}},{"start":{"line":38,"column":8},"end":{"line":42,"column":9}}],"line":38},"5":{"loc":{"start":{"line":52,"column":0},"end":{"line":52,"column":70}},"type":"if","locations":[{"start":{"line":52,"column":0},"end":{"line":52,"column":70}},{"start":{"line":52,"column":0},"end":{"line":52,"column":70}}],"line":52},"6":{"loc":{"start":{"line":53,"column":24},"end":{"line":53,"column":100}},"type":"cond-expr","locations":[{"start":{"line":53,"column":62},"end":{"line":53,"column":84}},{"start":{"line":53,"column":86},"end":{"line":53,"column":100}}],"line":53},"7":{"loc":{"start":{"line":54,"column":92},"end":{"line":54,"column":108}},"type":"binary-expr","locations":[{"start":{"line":54,"column":92},"end":{"line":54,"column":104}},{"start":{"line":54,"column":106},"end":{"line":54,"column":108}}],"line":54}},"s":{"0":0,"1":0,"2":0,"3":0,"4":0,"5":0,"6":0,"7":0,"8":0,"9":0,"10":0,"11":0,"12":0,"13":0,"14":0,"15":0,"16":0,"17":0,"18":0,"19":0,"20":0,"21":0,"22":0,"23":0,"24":0,"25":0},"f":{"0":0,"1":0,"2":0,"3":0,"4":0,"5":0,"6":0,"7":0},"b":{"0":[0,0],"1":[0,0],"2":[0,0],"3":[0,0],"4":[0,0],"5":[0,0],"6":[0,0],"7":[0,0]}}
,"/Users/kphcdr/go/src/showdoc/web_src/src/components/common/BigImg.vue": {"path":"/Users/kphcdr/go/src/showdoc/web_src/src/components/common/BigImg.vue","statementMap":{"0":{"start":{"line":1,"column":1},"end":{"line":29,"column":4}},"1":{"start":{"line":4,"column":0},"end":{"line":6,"column":3}},"2":{"start":{"line":20,"column":0},"end":{"line":28,"column":2}},"3":{"start":{"line":25,"column":6},"end":{"line":25,"column":28}},"4":{"start":{"line":30,"column":0},"end":{"line":30,"column":70}},"5":{"start":{"line":30,"column":31},"end":{"line":30,"column":70}},"6":{"start":{"line":31,"column":24},"end":{"line":31,"column":100}},"7":{"start":{"line":32,"column":0},"end":{"line":32,"column":337}},"8":{"start":{"line":32,"column":54},"end":{"line":32,"column":58}},"9":{"start":{"line":32,"column":66},"end":{"line":32,"column":84}},"10":{"start":{"line":32,"column":92},"end":{"line":32,"column":108}},"11":{"start":{"line":32,"column":109},"end":{"line":32,"column":336}},"12":{"start":{"line":33,"column":0},"end":{"line":33,"column":37}}},"fnMap":{"0":{"name":"(anonymous_0)","decl":{"start":{"line":1,"column":2},"end":{"line":1,"column":3}},"loc":{"start":{"line":1,"column":12},"end":{"line":29,"column":1}},"line":1},"1":{"name":"bigImg","decl":{"start":{"line":23,"column":21},"end":{"line":23,"column":27}},"loc":{"start":{"line":23,"column":30},"end":{"line":26,"column":5}},"line":23},"2":{"name":"render","decl":{"start":{"line":32,"column":35},"end":{"line":32,"column":41}},"loc":{"start":{"line":32,"column":45},"end":{"line":32,"column":337}},"line":32}},"branchMap":{"0":{"loc":{"start":{"line":30,"column":0},"end":{"line":30,"column":70}},"type":"if","locations":[{"start":{"line":30,"column":0},"end":{"line":30,"column":70}},{"start":{"line":30,"column":0},"end":{"line":30,"column":70}}],"line":30},"1":{"loc":{"start":{"line":31,"column":24},"end":{"line":31,"column":100}},"type":"cond-expr","locations":[{"start":{"line":31,"column":62},"end":{"line":31,"column":84}},{"start":{"line":31,"column":86},"end":{"line":31,"column":100}}],"line":31},"2":{"loc":{"start":{"line":32,"column":92},"end":{"line":32,"column":108}},"type":"binary-expr","locations":[{"start":{"line":32,"column":92},"end":{"line":32,"column":104}},{"start":{"line":32,"column":106},"end":{"line":32,"column":108}}],"line":32}},"s":{"0":0,"1":0,"2":0,"3":0,"4":0,"5":0,"6":0,"7":0,"8":0,"9":0,"10":0,"11":0,"12":0},"f":{"0":0,"1":0,"2":0},"b":{"0":[0,0],"1":[0,0],"2":[0,0]}}
,"/Users/kphcdr/go/src/showdoc/web_src/src/components/common/Editormd.vue": {"path":"/Users/kphcdr/go/src/showdoc/web_src/src/components/common/Editormd.vue","statementMap":{"0":{"start":{"line":1,"column":1},"end":{"line":242,"column":4}},"1":{"start":{"line":4,"column":0},"end":{"line":6,"column":3}},"2":{"start":{"line":8,"column":14},"end":{"line":8,"column":51}},"3":{"start":{"line":10,"column":15},"end":{"line":10,"column":46}},"4":{"start":{"line":12,"column":39},"end":{"line":12,"column":93}},"5":{"start":{"line":14,"column":0},"end":{"line":16,"column":1}},"6":{"start":{"line":15,"column":11},"end":{"line":15,"column":30}},"7":{"start":{"line":33,"column":0},"end":{"line":241,"column":2}},"8":{"start":{"line":56,"column":8},"end":{"line":71,"column":10}},"9":{"start":{"line":69,"column":12},"end":{"line":69,"column":34}},"10":{"start":{"line":80,"column":4},"end":{"line":84,"column":6}},"11":{"start":{"line":89,"column":16},"end":{"line":89,"column":20}},"12":{"start":{"line":92,"column":4},"end":{"line":103,"column":7}},"13":{"start":{"line":93,"column":6},"end":{"line":102,"column":9}},"14":{"start":{"line":95,"column":8},"end":{"line":97,"column":11}},"15":{"start":{"line":96,"column":10},"end":{"line":96,"column":29}},"16":{"start":{"line":99,"column":8},"end":{"line":101,"column":11}},"17":{"start":{"line":100,"column":10},"end":{"line":100,"column":40}},"18":{"start":{"line":108,"column":4},"end":{"line":110,"column":5}},"19":{"start":{"line":109,"column":6},"end":{"line":109,"column":30}},"20":{"start":{"line":117,"column":19},"end":{"line":117,"column":23}},"21":{"start":{"line":119,"column":6},"end":{"line":133,"column":9}},"22":{"start":{"line":120,"column":23},"end":{"line":120,"column":106}},"23":{"start":{"line":122,"column":8},"end":{"line":132,"column":9}},"24":{"start":{"line":123,"column":10},"end":{"line":130,"column":11}},"25":{"start":{"line":124,"column":12},"end":{"line":124,"column":71}},"26":{"start":{"line":126,"column":12},"end":{"line":126,"column":27}},"27":{"start":{"line":129,"column":12},"end":{"line":129,"column":86}},"28":{"start":{"line":131,"column":10},"end":{"line":131,"column":37}},"29":{"start":{"line":139,"column":6},"end":{"line":139,"column":47}},"30":{"start":{"line":142,"column":6},"end":{"line":142,"column":41}},"31":{"start":{"line":145,"column":6},"end":{"line":145,"column":35}},"32":{"start":{"line":151,"column":17},"end":{"line":151,"column":21}},"33":{"start":{"line":153,"column":6},"end":{"line":155,"column":16}},"34":{"start":{"line":154,"column":8},"end":{"line":154,"column":55}},"35":{"start":{"line":158,"column":25},"end":{"line":158,"column":50}},"36":{"start":{"line":159,"column":6},"end":{"line":166,"column":7}},"37":{"start":{"line":160,"column":8},"end":{"line":160,"column":48}},"38":{"start":{"line":161,"column":8},"end":{"line":165,"column":11}},"39":{"start":{"line":162,"column":10},"end":{"line":162,"column":23}},"40":{"start":{"line":163,"column":10},"end":{"line":163,"column":41}},"41":{"start":{"line":164,"column":10},"end":{"line":164,"column":50}},"42":{"start":{"line":171,"column":6},"end":{"line":171,"column":28}},"43":{"start":{"line":174,"column":6},"end":{"line":176,"column":7}},"44":{"start":{"line":175,"column":8},"end":{"line":175,"column":29}},"45":{"start":{"line":179,"column":6},"end":{"line":179,"column":18}},"46":{"start":{"line":185,"column":17},"end":{"line":185,"column":21}},"47":{"start":{"line":187,"column":6},"end":{"line":189,"column":9}},"48":{"start":{"line":188,"column":8},"end":{"line":188,"column":120}},"49":{"start":{"line":192,"column":6},"end":{"line":194,"column":9}},"50":{"start":{"line":193,"column":8},"end":{"line":193,"column":41}},"51":{"start":{"line":197,"column":6},"end":{"line":216,"column":9}},"52":{"start":{"line":198,"column":22},"end":{"line":198,"column":29}},"53":{"start":{"line":199,"column":18},"end":{"line":199,"column":49}},"54":{"start":{"line":200,"column":18},"end":{"line":200,"column":49}},"55":{"start":{"line":201,"column":8},"end":{"line":205,"column":9}},"56":{"start":{"line":202,"column":10},"end":{"line":202,"column":57}},"57":{"start":{"line":204,"column":10},"end":{"line":204,"column":50}},"58":{"start":{"line":207,"column":8},"end":{"line":215,"column":11}},"59":{"start":{"line":208,"column":10},"end":{"line":208,"column":53}},"60":{"start":{"line":210,"column":10},"end":{"line":214,"column":11}},"61":{"start":{"line":211,"column":12},"end":{"line":211,"column":59}},"62":{"start":{"line":213,"column":12},"end":{"line":213,"column":52}},"63":{"start":{"line":218,"column":6},"end":{"line":218,"column":36}},"64":{"start":{"line":220,"column":6},"end":{"line":225,"column":9}},"65":{"start":{"line":221,"column":22},"end":{"line":221,"column":41}},"66":{"start":{"line":222,"column":8},"end":{"line":222,"column":28}},"67":{"start":{"line":224,"column":8},"end":{"line":224,"column":30}},"68":{"start":{"line":228,"column":6},"end":{"line":228,"column":78}},"69":{"start":{"line":229,"column":6},"end":{"line":229,"column":64}},"70":{"start":{"line":232,"column":6},"end":{"line":232,"column":65}},"71":{"start":{"line":233,"column":6},"end":{"line":233,"column":72}},"72":{"start":{"line":234,"column":6},"end":{"line":234,"column":76}},"73":{"start":{"line":235,"column":6},"end":{"line":235,"column":67}},"74":{"start":{"line":236,"column":6},"end":{"line":236,"column":67}},"75":{"start":{"line":238,"column":6},"end":{"line":238,"column":54}},"76":{"start":{"line":243,"column":0},"end":{"line":243,"column":70}},"77":{"start":{"line":243,"column":31},"end":{"line":243,"column":70}},"78":{"start":{"line":244,"column":24},"end":{"line":244,"column":100}},"79":{"start":{"line":245,"column":0},"end":{"line":245,"column":499}},"80":{"start":{"line":245,"column":54},"end":{"line":245,"column":58}},"81":{"start":{"line":245,"column":66},"end":{"line":245,"column":84}},"82":{"start":{"line":245,"column":92},"end":{"line":245,"column":108}},"83":{"start":{"line":245,"column":109},"end":{"line":245,"column":498}},"84":{"start":{"line":245,"column":462},"end":{"line":245,"column":481}},"85":{"start":{"line":246,"column":0},"end":{"line":246,"column":37}}},"fnMap":{"0":{"name":"(anonymous_0)","decl":{"start":{"line":1,"column":2},"end":{"line":1,"column":3}},"loc":{"start":{"line":1,"column":12},"end":{"line":242,"column":1}},"line":1},"1":{"name":"_interopRequireDefault","decl":{"start":{"line":12,"column":9},"end":{"line":12,"column":31}},"loc":{"start":{"line":12,"column":37},"end":{"line":12,"column":95}},"line":12},"2":{"name":"_default","decl":{"start":{"line":55,"column":24},"end":{"line":55,"column":32}},"loc":{"start":{"line":55,"column":35},"end":{"line":72,"column":7}},"line":55},"3":{"name":"onload","decl":{"start":{"line":68,"column":27},"end":{"line":68,"column":33}},"loc":{"start":{"line":68,"column":36},"end":{"line":70,"column":11}},"line":68},"4":{"name":"data","decl":{"start":{"line":79,"column":17},"end":{"line":79,"column":21}},"loc":{"start":{"line":79,"column":24},"end":{"line":85,"column":3}},"line":79},"5":{"name":"mounted","decl":{"start":{"line":88,"column":20},"end":{"line":88,"column":27}},"loc":{"start":{"line":88,"column":30},"end":{"line":104,"column":3}},"line":88},"6":{"name":"(anonymous_6)","decl":{"start":{"line":92,"column":132},"end":{"line":92,"column":133}},"loc":{"start":{"line":92,"column":144},"end":{"line":103,"column":5}},"line":92},"7":{"name":"(anonymous_7)","decl":{"start":{"line":93,"column":279},"end":{"line":93,"column":280}},"loc":{"start":{"line":93,"column":291},"end":{"line":102,"column":7}},"line":93},"8":{"name":"(anonymous_8)","decl":{"start":{"line":95,"column":46},"end":{"line":95,"column":47}},"loc":{"start":{"line":95,"column":58},"end":{"line":97,"column":9}},"line":95},"9":{"name":"(anonymous_9)","decl":{"start":{"line":99,"column":64},"end":{"line":99,"column":65}},"loc":{"start":{"line":99,"column":76},"end":{"line":101,"column":9}},"line":99},"10":{"name":"beforeDestroy","decl":{"start":{"line":105,"column":26},"end":{"line":105,"column":39}},"loc":{"start":{"line":105,"column":42},"end":{"line":113,"column":3}},"line":105},"11":{"name":"initEditor","decl":{"start":{"line":116,"column":25},"end":{"line":116,"column":35}},"loc":{"start":{"line":116,"column":38},"end":{"line":134,"column":5}},"line":116},"12":{"name":"(anonymous_12)","decl":{"start":{"line":119,"column":21},"end":{"line":119,"column":22}},"loc":{"start":{"line":119,"column":33},"end":{"line":133,"column":7}},"line":119},"13":{"name":"insertValue","decl":{"start":{"line":138,"column":26},"end":{"line":138,"column":37}},"loc":{"start":{"line":138,"column":53},"end":{"line":140,"column":5}},"line":138},"14":{"name":"getMarkdown","decl":{"start":{"line":141,"column":26},"end":{"line":141,"column":37}},"loc":{"start":{"line":141,"column":40},"end":{"line":143,"column":5}},"line":141},"15":{"name":"clear","decl":{"start":{"line":144,"column":20},"end":{"line":144,"column":25}},"loc":{"start":{"line":144,"column":28},"end":{"line":146,"column":5}},"line":144},"16":{"name":"draft","decl":{"start":{"line":150,"column":20},"end":{"line":150,"column":25}},"loc":{"start":{"line":150,"column":28},"end":{"line":167,"column":5}},"line":150},"17":{"name":"(anonymous_17)","decl":{"start":{"line":153,"column":18},"end":{"line":153,"column":19}},"loc":{"start":{"line":153,"column":30},"end":{"line":155,"column":7}},"line":153},"18":{"name":"(anonymous_18)","decl":{"start":{"line":161,"column":50},"end":{"line":161,"column":51}},"loc":{"start":{"line":161,"column":62},"end":{"line":165,"column":9}},"line":161},"19":{"name":"beforeunloadHandler","decl":{"start":{"line":170,"column":34},"end":{"line":170,"column":53}},"loc":{"start":{"line":170,"column":57},"end":{"line":180,"column":5}},"line":170},"20":{"name":"deal_with_content","decl":{"start":{"line":184,"column":32},"end":{"line":184,"column":49}},"loc":{"start":{"line":184,"column":52},"end":{"line":239,"column":5}},"line":184},"21":{"name":"(anonymous_21)","decl":{"start":{"line":187,"column":42},"end":{"line":187,"column":43}},"loc":{"start":{"line":187,"column":54},"end":{"line":189,"column":7}},"line":187},"22":{"name":"(anonymous_22)","decl":{"start":{"line":192,"column":49},"end":{"line":192,"column":50}},"loc":{"start":{"line":192,"column":61},"end":{"line":194,"column":7}},"line":192},"23":{"name":"(anonymous_23)","decl":{"start":{"line":197,"column":48},"end":{"line":197,"column":49}},"loc":{"start":{"line":197,"column":60},"end":{"line":216,"column":7}},"line":197},"24":{"name":"(anonymous_24)","decl":{"start":{"line":207,"column":22},"end":{"line":207,"column":23}},"loc":{"start":{"line":207,"column":34},"end":{"line":209,"column":9}},"line":207},"25":{"name":"(anonymous_25)","decl":{"start":{"line":209,"column":11},"end":{"line":209,"column":12}},"loc":{"start":{"line":209,"column":23},"end":{"line":215,"column":9}},"line":209},"26":{"name":"(anonymous_26)","decl":{"start":{"line":220,"column":38},"end":{"line":220,"column":39}},"loc":{"start":{"line":220,"column":50},"end":{"line":225,"column":7}},"line":220},"27":{"name":"render","decl":{"start":{"line":245,"column":35},"end":{"line":245,"column":41}},"loc":{"start":{"line":245,"column":45},"end":{"line":245,"column":499}},"line":245},"28":{"name":"(anonymous_28)","decl":{"start":{"line":245,"column":445},"end":{"line":245,"column":446}},"loc":{"start":{"line":245,"column":461},"end":{"line":245,"column":482}},"line":245}},"branchMap":{"0":{"loc":{"start":{"line":12,"column":46},"end":{"line":12,"column":92}},"type":"cond-expr","locations":[{"start":{"line":12,"column":70},"end":{"line":12,"column":73}},{"start":{"line":12,"column":76},"end":{"line":12,"column":92}}],"line":12},"1":{"loc":{"start":{"line":12,"column":46},"end":{"line":12,"column":67}},"type":"binary-expr","locations":[{"start":{"line":12,"column":46},"end":{"line":12,"column":49}},{"start":{"line":12,"column":53},"end":{"line":12,"column":67}}],"line":12},"2":{"loc":{"start":{"line":14,"column":0},"end":{"line":16,"column":1}},"type":"if","locations":[{"start":{"line":14,"column":0},"end":{"line":16,"column":1}},{"start":{"line":14,"column":0},"end":{"line":16,"column":1}}],"line":14},"3":{"loc":{"start":{"line":120,"column":23},"end":{"line":120,"column":106}},"type":"cond-expr","locations":[{"start":{"line":120,"column":76},"end":{"line":120,"column":88}},{"start":{"line":120,"column":91},"end":{"line":120,"column":106}}],"line":120},"4":{"loc":{"start":{"line":120,"column":23},"end":{"line":120,"column":73}},"type":"binary-expr","locations":[{"start":{"line":120,"column":23},"end":{"line":120,"column":43}},{"start":{"line":120,"column":47},"end":{"line":120,"column":73}}],"line":120},"5":{"loc":{"start":{"line":122,"column":8},"end":{"line":132,"column":9}},"type":"if","locations":[{"start":{"line":122,"column":8},"end":{"line":132,"column":9}},{"start":{"line":122,"column":8},"end":{"line":132,"column":9}}],"line":122},"6":{"loc":{"start":{"line":123,"column":10},"end":{"line":130,"column":11}},"type":"if","locations":[{"start":{"line":123,"column":10},"end":{"line":130,"column":11}},{"start":{"line":123,"column":10},"end":{"line":130,"column":11}}],"line":123},"7":{"loc":{"start":{"line":159,"column":6},"end":{"line":166,"column":7}},"type":"if","locations":[{"start":{"line":159,"column":6},"end":{"line":166,"column":7}},{"start":{"line":159,"column":6},"end":{"line":166,"column":7}}],"line":159},"8":{"loc":{"start":{"line":159,"column":10},"end":{"line":159,"column":49}},"type":"binary-expr","locations":[{"start":{"line":159,"column":10},"end":{"line":159,"column":22}},{"start":{"line":159,"column":26},"end":{"line":159,"column":49}}],"line":159},"9":{"loc":{"start":{"line":171,"column":10},"end":{"line":171,"column":27}},"type":"binary-expr","locations":[{"start":{"line":171,"column":10},"end":{"line":171,"column":11}},{"start":{"line":171,"column":15},"end":{"line":171,"column":27}}],"line":171},"10":{"loc":{"start":{"line":174,"column":6},"end":{"line":176,"column":7}},"type":"if","locations":[{"start":{"line":174,"column":6},"end":{"line":176,"column":7}},{"start":{"line":174,"column":6},"end":{"line":176,"column":7}}],"line":174},"11":{"loc":{"start":{"line":201,"column":8},"end":{"line":205,"column":9}},"type":"if","locations":[{"start":{"line":201,"column":8},"end":{"line":205,"column":9}},{"start":{"line":201,"column":8},"end":{"line":205,"column":9}}],"line":201},"12":{"loc":{"start":{"line":201,"column":12},"end":{"line":201,"column":98}},"type":"binary-expr","locations":[{"start":{"line":201,"column":12},"end":{"line":201,"column":27}},{"start":{"line":201,"column":31},"end":{"line":201,"column":53}},{"start":{"line":201,"column":57},"end":{"line":201,"column":72}},{"start":{"line":201,"column":76},"end":{"line":201,"column":98}}],"line":201},"13":{"loc":{"start":{"line":210,"column":10},"end":{"line":214,"column":11}},"type":"if","locations":[{"start":{"line":210,"column":10},"end":{"line":214,"column":11}},{"start":{"line":210,"column":10},"end":{"line":214,"column":11}}],"line":210},"14":{"loc":{"start":{"line":210,"column":14},"end":{"line":210,"column":100}},"type":"binary-expr","locations":[{"start":{"line":210,"column":14},"end":{"line":210,"column":29}},{"start":{"line":210,"column":33},"end":{"line":210,"column":55}},{"start":{"line":210,"column":59},"end":{"line":210,"column":74}},{"start":{"line":210,"column":78},"end":{"line":210,"column":100}}],"line":210},"15":{"loc":{"start":{"line":243,"column":0},"end":{"line":243,"column":70}},"type":"if","locations":[{"start":{"line":243,"column":0},"end":{"line":243,"column":70}},{"start":{"line":243,"column":0},"end":{"line":243,"column":70}}],"line":243},"16":{"loc":{"start":{"line":244,"column":24},"end":{"line":244,"column":100}},"type":"cond-expr","locations":[{"start":{"line":244,"column":62},"end":{"line":244,"column":84}},{"start":{"line":244,"column":86},"end":{"line":244,"column":100}}],"line":244},"17":{"loc":{"start":{"line":245,"column":92},"end":{"line":245,"column":108}},"type":"binary-expr","locations":[{"start":{"line":245,"column":92},"end":{"line":245,"column":104}},{"start":{"line":245,"column":106},"end":{"line":245,"column":108}}],"line":245},"18":{"loc":{"start":{"line":245,"column":376},"end":{"line":245,"column":494}},"type":"cond-expr","locations":[{"start":{"line":245,"column":390},"end":{"line":245,"column":485}},{"start":{"line":245,"column":486},"end":{"line":245,"column":494}}],"line":245}},"s":{"0":0,"1":0,"2":0,"3":0,"4":0,"5":0,"6":0,"7":0,"8":0,"9":0,"10":0,"11":0,"12":0,"13":0,"14":0,"15":0,"16":0,"17":0,"18":0,"19":0,"20":0,"21":0,"22":0,"23":0,"24":0,"25":0,"26":0,"27":0,"28":0,"29":0,"30":0,"31":0,"32":0,"33":0,"34":0,"35":0,"36":0,"37":0,"38":0,"39":0,"40":0,"41":0,"42":0,"43":0,"44":0,"45":0,"46":0,"47":0,"48":0,"49":0,"50":0,"51":0,"52":0,"53":0,"54":0,"55":0,"56":0,"57":0,"58":0,"59":0,"60":0,"61":0,"62":0,"63":0,"64":0,"65":0,"66":0,"67":0,"68":0,"69":0,"70":0,"71":0,"72":0,"73":0,"74":0,"75":0,"76":0,"77":0,"78":0,"79":0,"80":0,"81":0,"82":0,"83":0,"84":0,"85":0},"f":{"0":0,"1":0,"2":0,"3":0,"4":0,"5":0,"6":0,"7":0,"8":0,"9":0,"10":0,"11":0,"12":0,"13":0,"14":0,"15":0,"16":0,"17":0,"18":0,"19":0,"20":0,"21":0,"22":0,"23":0,"24":0,"25":0,"26":0,"27":0,"28":0},"b":{"0":[0,0],"1":[0,0],"2":[0,0],"3":[0,0],"4":[0,0],"5":[0,0],"6":[0,0],"7":[0,0],"8":[0,0],"9":[0,0],"10":[0,0],"11":[0,0],"12":[0,0,0,0],"13":[0,0],"14":[0,0,0,0],"15":[0,0],"16":[0,0],"17":[0,0],"18":[0,0]}}
,"/Users/kphcdr/go/src/showdoc/web_src/src/components/common/Footer.vue": {"path":"/Users/kphcdr/go/src/showdoc/web_src/src/components/common/Footer.vue","statementMap":{"0":{"start":{"line":1,"column":1},"end":{"line":22,"column":4}},"1":{"start":{"line":4,"column":0},"end":{"line":6,"column":3}},"2":{"start":{"line":14,"column":0},"end":{"line":21,"column":2}},"3":{"start":{"line":17,"column":4},"end":{"line":19,"column":6}},"4":{"start":{"line":23,"column":0},"end":{"line":23,"column":70}},"5":{"start":{"line":23,"column":31},"end":{"line":23,"column":70}},"6":{"start":{"line":24,"column":24},"end":{"line":24,"column":100}},"7":{"start":{"line":25,"column":0},"end":{"line":25,"column":126}},"8":{"start":{"line":25,"column":54},"end":{"line":25,"column":58}},"9":{"start":{"line":25,"column":66},"end":{"line":25,"column":84}},"10":{"start":{"line":25,"column":92},"end":{"line":25,"column":108}},"11":{"start":{"line":25,"column":109},"end":{"line":25,"column":125}},"12":{"start":{"line":26,"column":0},"end":{"line":26,"column":37}}},"fnMap":{"0":{"name":"(anonymous_0)","decl":{"start":{"line":1,"column":2},"end":{"line":1,"column":3}},"loc":{"start":{"line":1,"column":12},"end":{"line":22,"column":1}},"line":1},"1":{"name":"data","decl":{"start":{"line":16,"column":17},"end":{"line":16,"column":21}},"loc":{"start":{"line":16,"column":24},"end":{"line":20,"column":3}},"line":16},"2":{"name":"render","decl":{"start":{"line":25,"column":35},"end":{"line":25,"column":41}},"loc":{"start":{"line":25,"column":45},"end":{"line":25,"column":126}},"line":25}},"branchMap":{"0":{"loc":{"start":{"line":23,"column":0},"end":{"line":23,"column":70}},"type":"if","locations":[{"start":{"line":23,"column":0},"end":{"line":23,"column":70}},{"start":{"line":23,"column":0},"end":{"line":23,"column":70}}],"line":23},"1":{"loc":{"start":{"line":24,"column":24},"end":{"line":24,"column":100}},"type":"cond-expr","locations":[{"start":{"line":24,"column":62},"end":{"line":24,"column":84}},{"start":{"line":24,"column":86},"end":{"line":24,"column":100}}],"line":24},"2":{"loc":{"start":{"line":25,"column":92},"end":{"line":25,"column":108}},"type":"binary-expr","locations":[{"start":{"line":25,"column":92},"end":{"line":25,"column":104}},{"start":{"line":25,"column":106},"end":{"line":25,"column":108}}],"line":25}},"s":{"0":0,"1":0,"2":0,"3":0,"4":0,"5":0,"6":0,"7":0,"8":0,"9":0,"10":0,"11":0,"12":0},"f":{"0":0,"1":0,"2":0},"b":{"0":[0,0],"1":[0,0],"2":[0,0]}}
,"/Users/kphcdr/go/src/showdoc/web_src/src/components/common/Header.vue": {"path":"/Users/kphcdr/go/src/showdoc/web_src/src/components/common/Header.vue","statementMap":{"0":{"start":{"line":1,"column":1},"end":{"line":20,"column":4}},"1":{"start":{"line":4,"column":0},"end":{"line":6,"column":3}},"2":{"start":{"line":12,"column":0},"end":{"line":19,"column":2}},"3":{"start":{"line":15,"column":4},"end":{"line":17,"column":6}},"4":{"start":{"line":21,"column":0},"end":{"line":21,"column":70}},"5":{"start":{"line":21,"column":31},"end":{"line":21,"column":70}},"6":{"start":{"line":22,"column":24},"end":{"line":22,"column":100}},"7":{"start":{"line":23,"column":0},"end":{"line":23,"column":126}},"8":{"start":{"line":23,"column":54},"end":{"line":23,"column":58}},"9":{"start":{"line":23,"column":66},"end":{"line":23,"column":84}},"10":{"start":{"line":23,"column":92},"end":{"line":23,"column":108}},"11":{"start":{"line":23,"column":109},"end":{"line":23,"column":125}},"12":{"start":{"line":24,"column":0},"end":{"line":24,"column":37}}},"fnMap":{"0":{"name":"(anonymous_0)","decl":{"start":{"line":1,"column":2},"end":{"line":1,"column":3}},"loc":{"start":{"line":1,"column":12},"end":{"line":20,"column":1}},"line":1},"1":{"name":"data","decl":{"start":{"line":14,"column":17},"end":{"line":14,"column":21}},"loc":{"start":{"line":14,"column":24},"end":{"line":18,"column":3}},"line":14},"2":{"name":"render","decl":{"start":{"line":23,"column":35},"end":{"line":23,"column":41}},"loc":{"start":{"line":23,"column":45},"end":{"line":23,"column":126}},"line":23}},"branchMap":{"0":{"loc":{"start":{"line":21,"column":0},"end":{"line":21,"column":70}},"type":"if","locations":[{"start":{"line":21,"column":0},"end":{"line":21,"column":70}},{"start":{"line":21,"column":0},"end":{"line":21,"column":70}}],"line":21},"1":{"loc":{"start":{"line":22,"column":24},"end":{"line":22,"column":100}},"type":"cond-expr","locations":[{"start":{"line":22,"column":62},"end":{"line":22,"column":84}},{"start":{"line":22,"column":86},"end":{"line":22,"column":100}}],"line":22},"2":{"loc":{"start":{"line":23,"column":92},"end":{"line":23,"column":108}},"type":"binary-expr","locations":[{"start":{"line":23,"column":92},"end":{"line":23,"column":104}},{"start":{"line":23,"column":106},"end":{"line":23,"column":108}}],"line":23}},"s":{"0":0,"1":0,"2":0,"3":0,"4":0,"5":0,"6":0,"7":0,"8":0,"9":0,"10":0,"11":0,"12":0},"f":{"0":0,"1":0,"2":0},"b":{"0":[0,0],"1":[0,0],"2":[0,0]}}
,"/Users/kphcdr/go/src/showdoc/web_src/src/components/common/JsonBeautify.vue": {"path":"/Users/kphcdr/go/src/showdoc/web_src/src/components/common/JsonBeautify.vue","statementMap":{"0":{"start":{"line":1,"column":1},"end":{"line":105,"column":4}},"1":{"start":{"line":4,"column":0},"end":{"line":6,"column":3}},"2":{"start":{"line":8,"column":27},"end":{"line":8,"column":89}},"3":{"start":{"line":10,"column":28},"end":{"line":10,"column":72}},"4":{"start":{"line":12,"column":15},"end":{"line":12,"column":54}},"5":{"start":{"line":14,"column":15},"end":{"line":14,"column":47}},"6":{"start":{"line":16,"column":39},"end":{"line":16,"column":93}},"7":{"start":{"line":35,"column":0},"end":{"line":104,"column":2}},"8":{"start":{"line":43,"column":4},"end":{"line":47,"column":6}},"9":{"start":{"line":52,"column":17},"end":{"line":52,"column":29}},"10":{"start":{"line":53,"column":6},"end":{"line":62,"column":7}},"11":{"start":{"line":54,"column":8},"end":{"line":54,"column":50}},"12":{"start":{"line":55,"column":18},"end":{"line":55,"column":54}},"13":{"start":{"line":56,"column":18},"end":{"line":56,"column":40}},"14":{"start":{"line":57,"column":19},"end":{"line":57,"column":105}},"15":{"start":{"line":58,"column":8},"end":{"line":58,"column":28}},"16":{"start":{"line":61,"column":8},"end":{"line":61,"column":28}},"17":{"start":{"line":63,"column":6},"end":{"line":63,"column":37}},"18":{"start":{"line":66,"column":24},"end":{"line":66,"column":26}},"19":{"start":{"line":67,"column":6},"end":{"line":67,"column":28}},"20":{"start":{"line":67,"column":18},"end":{"line":67,"column":28}},"21":{"start":{"line":70,"column":26},"end":{"line":70,"column":28}},"22":{"start":{"line":71,"column":6},"end":{"line":73,"column":7}},"23":{"start":{"line":72,"column":8},"end":{"line":72,"column":33}},"24":{"start":{"line":73,"column":7},"end":{"line":100,"column":7}},"25":{"start":{"line":75,"column":16},"end":{"line":75,"column":17}},"26":{"start":{"line":76,"column":8},"end":{"line":96,"column":9}},"27":{"start":{"line":77,"column":22},"end":{"line":77,"column":31}},"28":{"start":{"line":78,"column":10},"end":{"line":89,"column":11}},"29":{"start":{"line":80,"column":12},"end":{"line":80,"column":70}},"30":{"start":{"line":81,"column":12},"end":{"line":81,"column":55}},"31":{"start":{"line":82,"column":12},"end":{"line":82,"column":48}},"32":{"start":{"line":84,"column":12},"end":{"line":88,"column":13}},"33":{"start":{"line":85,"column":14},"end":{"line":85,"column":75}},"34":{"start":{"line":87,"column":14},"end":{"line":87,"column":84}},"35":{"start":{"line":90,"column":10},"end":{"line":94,"column":11}},"36":{"start":{"line":91,"column":12},"end":{"line":91,"column":34}},"37":{"start":{"line":93,"column":12},"end":{"line":93,"column":33}},"38":{"start":{"line":95,"column":10},"end":{"line":95,"column":14}},"39":{"start":{"line":99,"column":8},"end":{"line":99,"column":125}},"40":{"start":{"line":101,"column":6},"end":{"line":101,"column":25}},"41":{"start":{"line":106,"column":0},"end":{"line":106,"column":70}},"42":{"start":{"line":106,"column":31},"end":{"line":106,"column":70}},"43":{"start":{"line":107,"column":24},"end":{"line":107,"column":100}},"44":{"start":{"line":108,"column":0},"end":{"line":108,"column":858}},"45":{"start":{"line":108,"column":54},"end":{"line":108,"column":58}},"46":{"start":{"line":108,"column":66},"end":{"line":108,"column":84}},"47":{"start":{"line":108,"column":92},"end":{"line":108,"column":108}},"48":{"start":{"line":108,"column":109},"end":{"line":108,"column":857}},"49":{"start":{"line":108,"column":252},"end":{"line":108,"column":280}},"50":{"start":{"line":108,"column":479},"end":{"line":108,"column":494}},"51":{"start":{"line":108,"column":659},"end":{"line":108,"column":688}},"52":{"start":{"line":109,"column":0},"end":{"line":109,"column":37}}},"fnMap":{"0":{"name":"(anonymous_0)","decl":{"start":{"line":1,"column":2},"end":{"line":1,"column":3}},"loc":{"start":{"line":1,"column":12},"end":{"line":105,"column":1}},"line":1},"1":{"name":"_interopRequireDefault","decl":{"start":{"line":16,"column":9},"end":{"line":16,"column":31}},"loc":{"start":{"line":16,"column":37},"end":{"line":16,"column":95}},"line":16},"2":{"name":"data","decl":{"start":{"line":42,"column":17},"end":{"line":42,"column":21}},"loc":{"start":{"line":42,"column":24},"end":{"line":48,"column":3}},"line":42},"3":{"name":"transform","decl":{"start":{"line":51,"column":24},"end":{"line":51,"column":33}},"loc":{"start":{"line":51,"column":36},"end":{"line":64,"column":5}},"line":51},"4":{"name":"dump","decl":{"start":{"line":65,"column":19},"end":{"line":65,"column":23}},"loc":{"start":{"line":65,"column":36},"end":{"line":102,"column":5}},"line":65},"5":{"name":"render","decl":{"start":{"line":108,"column":35},"end":{"line":108,"column":41}},"loc":{"start":{"line":108,"column":45},"end":{"line":108,"column":858}},"line":108},"6":{"name":"(anonymous_6)","decl":{"start":{"line":108,"column":235},"end":{"line":108,"column":236}},"loc":{"start":{"line":108,"column":251},"end":{"line":108,"column":281}},"line":108},"7":{"name":"(anonymous_7)","decl":{"start":{"line":108,"column":463},"end":{"line":108,"column":464}},"loc":{"start":{"line":108,"column":478},"end":{"line":108,"column":495}},"line":108},"8":{"name":"(anonymous_8)","decl":{"start":{"line":108,"column":642},"end":{"line":108,"column":643}},"loc":{"start":{"line":108,"column":658},"end":{"line":108,"column":689}},"line":108}},"branchMap":{"0":{"loc":{"start":{"line":16,"column":46},"end":{"line":16,"column":92}},"type":"cond-expr","locations":[{"start":{"line":16,"column":70},"end":{"line":16,"column":73}},{"start":{"line":16,"column":76},"end":{"line":16,"column":92}}],"line":16},"1":{"loc":{"start":{"line":16,"column":46},"end":{"line":16,"column":67}},"type":"binary-expr","locations":[{"start":{"line":16,"column":46},"end":{"line":16,"column":49}},{"start":{"line":16,"column":53},"end":{"line":16,"column":67}}],"line":16},"2":{"loc":{"start":{"line":55,"column":18},"end":{"line":55,"column":54}},"type":"cond-expr","locations":[{"start":{"line":55,"column":45},"end":{"line":55,"column":48}},{"start":{"line":55,"column":51},"end":{"line":55,"column":54}}],"line":55},"3":{"loc":{"start":{"line":56,"column":18},"end":{"line":56,"column":40}},"type":"cond-expr","locations":[{"start":{"line":56,"column":31},"end":{"line":56,"column":34}},{"start":{"line":56,"column":37},"end":{"line":56,"column":40}}],"line":56},"4":{"loc":{"start":{"line":67,"column":6},"end":{"line":67,"column":28}},"type":"if","locations":[{"start":{"line":67,"column":6},"end":{"line":67,"column":28}},{"start":{"line":67,"column":6},"end":{"line":67,"column":28}}],"line":67},"5":{"loc":{"start":{"line":73,"column":7},"end":{"line":100,"column":7}},"type":"if","locations":[{"start":{"line":73,"column":7},"end":{"line":100,"column":7}},{"start":{"line":73,"column":7},"end":{"line":100,"column":7}}],"line":73},"6":{"loc":{"start":{"line":73,"column":12},"end":{"line":73,"column":81}},"type":"cond-expr","locations":[{"start":{"line":73,"column":41},"end":{"line":73,"column":52}},{"start":{"line":73,"column":55},"end":{"line":73,"column":81}}],"line":73},"7":{"loc":{"start":{"line":78,"column":10},"end":{"line":89,"column":11}},"type":"if","locations":[{"start":{"line":78,"column":10},"end":{"line":89,"column":11}},{"start":{"line":78,"column":10},"end":{"line":89,"column":11}}],"line":78},"8":{"loc":{"start":{"line":78,"column":15},"end":{"line":78,"column":88}},"type":"cond-expr","locations":[{"start":{"line":78,"column":46},"end":{"line":78,"column":57}},{"start":{"line":78,"column":60},"end":{"line":78,"column":88}}],"line":78},"9":{"loc":{"start":{"line":84,"column":12},"end":{"line":88,"column":13}},"type":"if","locations":[{"start":{"line":84,"column":12},"end":{"line":88,"column":13}},{"start":{"line":84,"column":12},"end":{"line":88,"column":13}}],"line":84},"10":{"loc":{"start":{"line":90,"column":10},"end":{"line":94,"column":11}},"type":"if","locations":[{"start":{"line":90,"column":10},"end":{"line":94,"column":11}},{"start":{"line":90,"column":10},"end":{"line":94,"column":11}}],"line":90},"11":{"loc":{"start":{"line":99,"column":48},"end":{"line":99,"column":117}},"type":"cond-expr","locations":[{"start":{"line":99,"column":77},"end":{"line":99,"column":88}},{"start":{"line":99,"column":91},"end":{"line":99,"column":117}}],"line":99},"12":{"loc":{"start":{"line":106,"column":0},"end":{"line":106,"column":70}},"type":"if","locations":[{"start":{"line":106,"column":0},"end":{"line":106,"column":70}},{"start":{"line":106,"column":0},"end":{"line":106,"column":70}}],"line":106},"13":{"loc":{"start":{"line":107,"column":24},"end":{"line":107,"column":100}},"type":"cond-expr","locations":[{"start":{"line":107,"column":62},"end":{"line":107,"column":84}},{"start":{"line":107,"column":86},"end":{"line":107,"column":100}}],"line":107},"14":{"loc":{"start":{"line":108,"column":92},"end":{"line":108,"column":108}},"type":"binary-expr","locations":[{"start":{"line":108,"column":92},"end":{"line":108,"column":104}},{"start":{"line":108,"column":106},"end":{"line":108,"column":108}}],"line":108}},"s":{"0":0,"1":0,"2":0,"3":0,"4":0,"5":0,"6":0,"7":0,"8":0,"9":0,"10":0,"11":0,"12":0,"13":0,"14":0,"15":0,"16":0,"17":0,"18":0,"19":0,"20":0,"21":0,"22":0,"23":0,"24":0,"25":0,"26":0,"27":0,"28":0,"29":0,"30":0,"31":0,"32":0,"33":0,"34":0,"35":0,"36":0,"37":0,"38":0,"39":0,"40":0,"41":0,"42":0,"43":0,"44":0,"45":0,"46":0,"47":0,"48":0,"49":0,"50":0,"51":0,"52":0},"f":{"0":0,"1":0,"2":0,"3":0,"4":0,"5":0,"6":0,"7":0,"8":0},"b":{"0":[0,0],"1":[0,0],"2":[0,0],"3":[0,0],"4":[0,0],"5":[0,0],"6":[0,0],"7":[0,0],"8":[0,0],"9":[0,0],"10":[0,0],"11":[0,0],"12":[0,0],"13":[0,0],"14":[0,0]}}
,"/Users/kphcdr/go/src/showdoc/web_src/src/components/common/JsonToTable.vue": {"path":"/Users/kphcdr/go/src/showdoc/web_src/src/components/common/JsonToTable.vue","statementMap":{"0":{"start":{"line":1,"column":1},"end":{"line":90,"column":4}},"1":{"start":{"line":4,"column":0},"end":{"line":6,"column":3}},"2":{"start":{"line":8,"column":15},"end":{"line":8,"column":54}},"3":{"start":{"line":10,"column":15},"end":{"line":10,"column":47}},"4":{"start":{"line":12,"column":39},"end":{"line":12,"column":93}},"5":{"start":{"line":31,"column":0},"end":{"line":89,"column":2}},"6":{"start":{"line":38,"column":4},"end":{"line":42,"column":6}},"7":{"start":{"line":48,"column":6},"end":{"line":55,"column":7}},"8":{"start":{"line":49,"column":23},"end":{"line":49,"column":47}},"9":{"start":{"line":50,"column":8},"end":{"line":50,"column":76}},"10":{"start":{"line":51,"column":8},"end":{"line":51,"column":30}},"11":{"start":{"line":52,"column":8},"end":{"line":52,"column":44}},"12":{"start":{"line":54,"column":8},"end":{"line":54,"column":32}},"13":{"start":{"line":56,"column":6},"end":{"line":56,"column":37}},"14":{"start":{"line":59,"column":17},"end":{"line":59,"column":21}},"15":{"start":{"line":60,"column":22},"end":{"line":60,"column":26}},"16":{"start":{"line":61,"column":6},"end":{"line":67,"column":7}},"17":{"start":{"line":63,"column":8},"end":{"line":63,"column":60}},"18":{"start":{"line":64,"column":8},"end":{"line":66,"column":9}},"19":{"start":{"line":65,"column":10},"end":{"line":65,"column":28}},"20":{"start":{"line":69,"column":6},"end":{"line":86,"column":7}},"21":{"start":{"line":70,"column":20},"end":{"line":70,"column":29}},"22":{"start":{"line":71,"column":19},"end":{"line":71,"column":92}},"23":{"start":{"line":72,"column":8},"end":{"line":85,"column":9}},"24":{"start":{"line":73,"column":10},"end":{"line":73,"column":85}},"25":{"start":{"line":74,"column":10},"end":{"line":78,"column":11}},"26":{"start":{"line":75,"column":20},"end":{"line":75,"column":29}},"27":{"start":{"line":76,"column":12},"end":{"line":76,"column":37}},"28":{"start":{"line":77,"column":12},"end":{"line":77,"column":21}},"29":{"start":{"line":81,"column":10},"end":{"line":81,"column":36}},"30":{"start":{"line":84,"column":10},"end":{"line":84,"column":72}},"31":{"start":{"line":91,"column":0},"end":{"line":91,"column":70}},"32":{"start":{"line":91,"column":31},"end":{"line":91,"column":70}},"33":{"start":{"line":92,"column":24},"end":{"line":92,"column":100}},"34":{"start":{"line":93,"column":0},"end":{"line":93,"column":858}},"35":{"start":{"line":93,"column":54},"end":{"line":93,"column":58}},"36":{"start":{"line":93,"column":66},"end":{"line":93,"column":84}},"37":{"start":{"line":93,"column":92},"end":{"line":93,"column":108}},"38":{"start":{"line":93,"column":109},"end":{"line":93,"column":857}},"39":{"start":{"line":93,"column":252},"end":{"line":93,"column":280}},"40":{"start":{"line":93,"column":479},"end":{"line":93,"column":494}},"41":{"start":{"line":93,"column":659},"end":{"line":93,"column":688}},"42":{"start":{"line":94,"column":0},"end":{"line":94,"column":37}}},"fnMap":{"0":{"name":"(anonymous_0)","decl":{"start":{"line":1,"column":2},"end":{"line":1,"column":3}},"loc":{"start":{"line":1,"column":12},"end":{"line":90,"column":1}},"line":1},"1":{"name":"_interopRequireDefault","decl":{"start":{"line":12,"column":9},"end":{"line":12,"column":31}},"loc":{"start":{"line":12,"column":37},"end":{"line":12,"column":95}},"line":12},"2":{"name":"data","decl":{"start":{"line":37,"column":17},"end":{"line":37,"column":21}},"loc":{"start":{"line":37,"column":24},"end":{"line":43,"column":3}},"line":37},"3":{"name":"transform","decl":{"start":{"line":46,"column":24},"end":{"line":46,"column":33}},"loc":{"start":{"line":46,"column":36},"end":{"line":57,"column":5}},"line":46},"4":{"name":"Change","decl":{"start":{"line":58,"column":21},"end":{"line":58,"column":27}},"loc":{"start":{"line":58,"column":34},"end":{"line":87,"column":5}},"line":58},"5":{"name":"render","decl":{"start":{"line":93,"column":35},"end":{"line":93,"column":41}},"loc":{"start":{"line":93,"column":45},"end":{"line":93,"column":858}},"line":93},"6":{"name":"(anonymous_6)","decl":{"start":{"line":93,"column":235},"end":{"line":93,"column":236}},"loc":{"start":{"line":93,"column":251},"end":{"line":93,"column":281}},"line":93},"7":{"name":"(anonymous_7)","decl":{"start":{"line":93,"column":463},"end":{"line":93,"column":464}},"loc":{"start":{"line":93,"column":478},"end":{"line":93,"column":495}},"line":93},"8":{"name":"(anonymous_8)","decl":{"start":{"line":93,"column":642},"end":{"line":93,"column":643}},"loc":{"start":{"line":93,"column":658},"end":{"line":93,"column":689}},"line":93}},"branchMap":{"0":{"loc":{"start":{"line":12,"column":46},"end":{"line":12,"column":92}},"type":"cond-expr","locations":[{"start":{"line":12,"column":70},"end":{"line":12,"column":73}},{"start":{"line":12,"column":76},"end":{"line":12,"column":92}}],"line":12},"1":{"loc":{"start":{"line":12,"column":46},"end":{"line":12,"column":67}},"type":"binary-expr","locations":[{"start":{"line":12,"column":46},"end":{"line":12,"column":49}},{"start":{"line":12,"column":53},"end":{"line":12,"column":67}}],"line":12},"2":{"loc":{"start":{"line":61,"column":6},"end":{"line":67,"column":7}},"type":"if","locations":[{"start":{"line":61,"column":6},"end":{"line":67,"column":7}},{"start":{"line":61,"column":6},"end":{"line":67,"column":7}}],"line":61},"3":{"loc":{"start":{"line":63,"column":8},"end":{"line":63,"column":59}},"type":"cond-expr","locations":[{"start":{"line":63,"column":27},"end":{"line":63,"column":47}},{"start":{"line":63,"column":50},"end":{"line":63,"column":59}}],"line":63},"4":{"loc":{"start":{"line":71,"column":19},"end":{"line":71,"column":92}},"type":"cond-expr","locations":[{"start":{"line":71,"column":50},"end":{"line":71,"column":61}},{"start":{"line":71,"column":64},"end":{"line":71,"column":92}}],"line":71},"5":{"loc":{"start":{"line":72,"column":8},"end":{"line":85,"column":9}},"type":"if","locations":[{"start":{"line":72,"column":8},"end":{"line":85,"column":9}},{"start":{"line":72,"column":8},"end":{"line":85,"column":9}}],"line":72},"6":{"loc":{"start":{"line":74,"column":10},"end":{"line":78,"column":11}},"type":"if","locations":[{"start":{"line":74,"column":10},"end":{"line":78,"column":11}},{"start":{"line":74,"column":10},"end":{"line":78,"column":11}}],"line":74},"7":{"loc":{"start":{"line":91,"column":0},"end":{"line":91,"column":70}},"type":"if","locations":[{"start":{"line":91,"column":0},"end":{"line":91,"column":70}},{"start":{"line":91,"column":0},"end":{"line":91,"column":70}}],"line":91},"8":{"loc":{"start":{"line":92,"column":24},"end":{"line":92,"column":100}},"type":"cond-expr","locations":[{"start":{"line":92,"column":62},"end":{"line":92,"column":84}},{"start":{"line":92,"column":86},"end":{"line":92,"column":100}}],"line":92},"9":{"loc":{"start":{"line":93,"column":92},"end":{"line":93,"column":108}},"type":"binary-expr","locations":[{"start":{"line":93,"column":92},"end":{"line":93,"column":104}},{"start":{"line":93,"column":106},"end":{"line":93,"column":108}}],"line":93}},"s":{"0":0,"1":0,"2":0,"3":0,"4":0,"5":0,"6":0,"7":0,"8":0,"9":0,"10":0,"11":0,"12":0,"13":0,"14":0,"15":0,"16":0,"17":0,"18":0,"19":0,"20":0,"21":0,"22":0,"23":0,"24":0,"25":0,"26":0,"27":0,"28":0,"29":0,"30":0,"31":0,"32":0,"33":0,"34":0,"35":0,"36":0,"37":0,"38":0,"39":0,"40":0,"41":0,"42":0},"f":{"0":0,"1":0,"2":0,"3":0,"4":0,"5":0,"6":0,"7":0,"8":0},"b":{"0":[0,0],"1":[0,0],"2":[0,0],"3":[0,0],"4":[0,0],"5":[0,0],"6":[0,0],"7":[0,0],"8":[0,0],"9":[0,0]}}
[...]
},"6":{"start":{"line":61,"column":19},"end":{"line":61,"column":40}},"7":{"start":{"line":62,"column":6},"end":{"line":62,"column":41}},"8":{"start":{"line":63,"column":6},"end":{"line":63,"column":43}},"9":{"start":{"line":65,"column":6},"end":{"line":71,"column":9}},"10":{"start":{"line":66,"column":8},"end":{"line":70,"column":9}},"11":{"start":{"line":67,"column":10},"end":{"line":67,"column":52}},"12":{"start":{"line":69,"column":10},"end":{"line":69,"column":51}},"13":{"start":{"line":74,"column":17},"end":{"line":74,"column":41}},"14":{"start":{"line":75,"column":6},"end":{"line":75,"column":30}},"15":{"start":{"line":80,"column":4},"end":{"line":80,"column":67}},"16":{"start":{"line":84,"column":4},"end":{"line":84,"column":54}},"17":{"start":{"line":88,"column":0},"end":{"line":88,"column":70}},"18":{"start":{"line":88,"column":31},"end":{"line":88,"column":70}},"19":{"start":{"line":89,"column":24},"end":{"line":89,"column":100}},"20":{"start":{"line":90,"column":0},"end":{"line":90,"column":1292}},"21":{"start":{"line":90,"column":54},"end":{"line":90,"column":58}},"22":{"start":{"line":90,"column":66},"end":{"line":90,"column":84}},"23":{"start":{"line":90,"column":92},"end":{"line":90,"column":108}},"24":{"start":{"line":90,"column":109},"end":{"line":90,"column":1291}},"25":{"start":{"line":90,"column":532},"end":{"line":90,"column":545}},"26":{"start":{"line":90,"column":755},"end":{"line":90,"column":769}},"27":{"start":{"line":91,"column":0},"end":{"line":91,"column":37}}},"fnMap":{"0":{"name":"(anonymous_0)","decl":{"start":{"line":1,"column":2},"end":{"line":1,"column":3}},"loc":{"start":{"line":1,"column":12},"end":{"line":87,"column":1}},"line":1},"1":{"name":"data","decl":{"start":{"line":47,"column":17},"end":{"line":47,"column":21}},"loc":{"start":{"line":47,"column":24},"end":{"line":53,"column":3}},"line":47},"2":{"name":"onSubmit","decl":{"start":{"line":56,"column":23},"end":{"line":56,"column":31}},"loc":{"start":{"line":56,"column":34},"end":{"line":72,"column":5}},"line":56},"3":{"name":"(anonymous_3)","decl":{"start":{"line":65,"column":40},"end":{"line":65,"column":41}},"loc":{"start":{"line":65,"column":60},"end":{"line":71,"column":7}},"line":65},"4":{"name":"change_v_code_img","decl":{"start":{"line":73,"column":32},"end":{"line":73,"column":49}},"loc":{"start":{"line":73,"column":52},"end":{"line":76,"column":5}},"line":73},"5":{"name":"mounted","decl":{"start":{"line":78,"column":20},"end":{"line":78,"column":27}},"loc":{"start":{"line":78,"column":30},"end":{"line":81,"column":3}},"line":78},"6":{"name":"beforeDestroy","decl":{"start":{"line":82,"column":26},"end":{"line":82,"column":39}},"loc":{"start":{"line":82,"column":42},"end":{"line":85,"column":3}},"line":82},"7":{"name":"render","decl":{"start":{"line":90,"column":35},"end":{"line":90,"column":41}},"loc":{"start":{"line":90,"column":45},"end":{"line":90,"column":1292}},"line":90},"8":{"name":"(anonymous_8)","decl":{"start":{"line":90,"column":516},"end":{"line":90,"column":517}},"loc":{"start":{"line":90,"column":531},"end":{"line":90,"column":546}},"line":90},"9":{"name":"(anonymous_9)","decl":{"start":{"line":90,"column":739},"end":{"line":90,"column":740}},"loc":{"start":{"line":90,"column":754},"end":{"line":90,"column":770}},"line":90}},"branchMap":{"0":{"loc":{"start":{"line":66,"column":8},"end":{"line":70,"column":9}},"type":"if","locations":[{"start":{"line":66,"column":8},"end":{"line":70,"column":9}},{"start":{"line":66,"column":8},"end":{"line":70,"column":9}}],"line":66},"1":{"loc":{"start":{"line":88,"column":0},"end":{"line":88,"column":70}},"type":"if","locations":[{"start":{"line":88,"column":0},"end":{"line":88,"column":70}},{"start":{"line":88,"column":0},"end":{"line":88,"column":70}}],"line":88},"2":{"loc":{"start":{"line":89,"column":24},"end":{"line":89,"column":100}},"type":"cond-expr","locations":[{"start":{"line":89,"column":62},"end":{"line":89,"column":84}},{"start":{"line":89,"column":86},"end":{"line":89,"column":100}}],"line":89},"3":{"loc":{"start":{"line":90,"column":92},"end":{"line":90,"column":108}},"type":"binary-expr","locations":[{"start":{"line":90,"column":92},"end":{"line":90,"column":104}},{"start":{"line":90,"column":106},"end":{"line":90,"column":108}}],"line":90}},"s":{"0":0,"1":0,"2":0,"3":0,"4":0,"5":0,"6":0,"7":0,"8":0,"9":0,"10":0,"11":0,"12":0,"13":0,"14":0,"15":0,"16":0,"17":0,"18":0,"19":0,"20":0,"21":0,"22":0,"23":0,"24":0,"25":0,"26":0,"27":0},"f":{"0":0,"1":0,"2":0,"3":0,"4":0,"5":0,"6":0,"7":0,"8":0,"9":0},"b":{"0":[0,0],"1":[0,0],"2":[0,0],"3":[0,0]}}
,"/Users/kphcdr/go/src/showdoc/web_src/src/components/user/ResetPasswordByUrl.vue": {"path":"/Users/kphcdr/go/src/showdoc/web_src/src/components/user/ResetPasswordByUrl.vue","statementMap":{"0":{"start":{"line":1,"column":1},"end":{"line":81,"column":4}},"1":{"start":{"line":4,"column":0},"end":{"line":6,"column":3}},"2":{"start":{"line":39,"column":0},"end":{"line":80,"column":2}},"3":{"start":{"line":43,"column":4},"end":{"line":45,"column":6}},"4":{"start":{"line":51,"column":17},"end":{"line":51,"column":21}},"5":{"start":{"line":52,"column":16},"end":{"line":52,"column":65}},"6":{"start":{"line":54,"column":19},"end":{"line":54,"column":40}},"7":{"start":{"line":55,"column":6},"end":{"line":55,"column":55}},"8":{"start":{"line":56,"column":6},"end":{"line":56,"column":50}},"9":{"start":{"line":57,"column":6},"end":{"line":57,"column":54}},"10":{"start":{"line":58,"column":6},"end":{"line":58,"column":54}},"11":{"start":{"line":60,"column":6},"end":{"line":69,"column":9}},"12":{"start":{"line":61,"column":8},"end":{"line":68,"column":9}},"13":{"start":{"line":62,"column":25},"end":{"line":62,"column":88}},"14":{"start":{"line":63,"column":10},"end":{"line":65,"column":13}},"15":{"start":{"line":67,"column":10},"end":{"line":67,"column":51}},"16":{"start":{"line":74,"column":4},"end":{"line":74,"column":67}},"17":{"start":{"line":78,"column":4},"end":{"line":78,"column":54}},"18":{"start":{"line":82,"column":0},"end":{"line":82,"column":70}},"19":{"start":{"line":82,"column":31},"end":{"line":82,"column":70}},"20":{"start":{"line":83,"column":24},"end":{"line":83,"column":100}},"21":{"start":{"line":84,"column":0},"end":{"line":84,"column":974}},"22":{"start":{"line":84,"column":54},"end":{"line":84,"column":58}},"23":{"start":{"line":84,"column":66},"end":{"line":84,"column":84}},"24":{"start":{"line":84,"column":92},"end":{"line":84,"column":108}},"25":{"start":{"line":84,"column":109},"end":{"line":84,"column":973}},"26":{"start":{"line":84,"column":544},"end":{"line":84,"column":564}},"27":{"start":{"line":85,"column":0},"end":{"line":85,"column":37}}},"fnMap":{"0":{"name":"(anonymous_0)","decl":{"start":{"line":1,"column":2},"end":{"line":1,"column":3}},"loc":{"start":{"line":1,"column":12},"end":{"line":81,"column":1}},"line":1},"1":{"name":"data","decl":{"start":{"line":42,"column":17},"end":{"line":42,"column":21}},"loc":{"start":{"line":42,"column":24},"end":{"line":46,"column":3}},"line":42},"2":{"name":"onSubmit","decl":{"start":{"line":49,"column":23},"end":{"line":49,"column":31}},"loc":{"start":{"line":49,"column":34},"end":{"line":70,"column":5}},"line":49},"3":{"name":"(anonymous_3)","decl":{"start":{"line":60,"column":40},"end":{"line":60,"column":41}},"loc":{"start":{"line":60,"column":60},"end":{"line":69,"column":7}},"line":60},"4":{"name":"mounted","decl":{"start":{"line":72,"column":20},"end":{"line":72,"column":27}},"loc":{"start":{"line":72,"column":30},"end":{"line":75,"column":3}},"line":72},"5":{"name":"beforeDestroy","decl":{"start":{"line":76,"column":26},"end":{"line":76,"column":39}},"loc":{"start":{"line":76,"column":42},"end":{"line":79,"column":3}},"line":76},"6":{"name":"render","decl":{"start":{"line":84,"column":35},"end":{"line":84,"column":41}},"loc":{"start":{"line":84,"column":45},"end":{"line":84,"column":974}},"line":84},"7":{"name":"(anonymous_7)","decl":{"start":{"line":84,"column":528},"end":{"line":84,"column":529}},"loc":{"start":{"line":84,"column":543},"end":{"line":84,"column":565}},"line":84}},"branchMap":{"0":{"loc":{"start":{"line":61,"column":8},"end":{"line":68,"column":9}},"type":"if","locations":[{"start":{"line":61,"column":8},"end":{"line":68,"column":9}},{"start":{"line":61,"column":8},"end":{"line":68,"column":9}}],"line":61},"1":{"loc":{"start":{"line":62,"column":44},"end":{"line":62,"column":87}},"type":"binary-expr","locations":[{"start":{"line":62,"column":44},"end":{"line":62,"column":70}},{"start":{"line":62,"column":74},"end":{"line":62,"column":87}}],"line":62},"2":{"loc":{"start":{"line":82,"column":0},"end":{"line":82,"column":70}},"type":"if","locations":[{"start":{"line":82,"column":0},"end":{"line":82,"column":70}},{"start":{"line":82,"column":0},"end":{"line":82,"column":70}}],"line":82},"3":{"loc":{"start":{"line":83,"column":24},"end":{"line":83,"column":100}},"type":"cond-expr","locations":[{"start":{"line":83,"column":62},"end":{"line":83,"column":84}},{"start":{"line":83,"column":86},"end":{"line":83,"column":100}}],"line":83},"4":{"loc":{"start":{"line":84,"column":92},"end":{"line":84,"column":108}},"type":"binary-expr","locations":[{"start":{"line":84,"column":92},"end":{"line":84,"column":104}},{"start":{"line":84,"column":106},"end":{"line":84,"column":108}}],"line":84}},"s":{"0":0,"1":0,"2":0,"3":0,"4":0,"5":0,"6":0,"7":0,"8":0,"9":0,"10":0,"11":0,"12":0,"13":0,"14":0,"15":0,"16":0,"17":0,"18":0,"19":0,"20":0,"21":0,"22":0,"23":0,"24":0,"25":0,"26":0,"27":0},"f":{"0":0,"1":0,"2":0,"3":0,"4":0,"5":0,"6":0,"7":0},"b":{"0":[0,0],"1":[0,0],"2":[0,0],"3":[0,0],"4":[0,0]}}
,"/Users/kphcdr/go/src/showdoc/web_src/src/components/user/Setting.vue": {"path":"/Users/kphcdr/go/src/showdoc/web_src/src/components/user/Setting.vue","statementMap":{"0":{"start":{"line":1,"column":1},"end":{"line":153,"column":4}},"1":{"start":{"line":4,"column":0},"end":{"line":6,"column":3}},"2":{"start":{"line":52,"column":0},"end":{"line":152,"column":2}},"3":{"start":{"line":56,"column":4},"end":{"line":69,"column":6}},"4":{"start":{"line":74,"column":17},"end":{"line":74,"column":21}},"5":{"start":{"line":75,"column":16},"end":{"line":75,"column":51}},"6":{"start":{"line":76,"column":19},"end":{"line":76,"column":40}},"7":{"start":{"line":77,"column":6},"end":{"line":101,"column":9}},"8":{"start":{"line":78,"column":8},"end":{"line":98,"column":9}},"9":{"start":{"line":79,"column":25},"end":{"line":79,"column":43}},"10":{"start":{"line":80,"column":10},"end":{"line":80,"column":35}},"11":{"start":{"line":81,"column":10},"end":{"line":81,"column":57}},"12":{"start":{"line":82,"column":10},"end":{"line":82,"column":48}},"13":{"start":{"line":83,"column":23},"end":{"line":83,"column":46}},"14":{"start":{"line":84,"column":10},"end":{"line":94,"column":11}},"15":{"start":{"line":85,"column":12},"end":{"line":85,"column":59}},"16":{"start":{"line":86,"column":12},"end":{"line":90,"column":13}},"17":{"start":{"line":87,"column":14},"end":{"line":87,"column":44}},"18":{"start":{"line":89,"column":14},"end":{"line":89,"column":44}},"19":{"start":{"line":92,"column":12},"end":{"line":92,"column":42}},"20":{"start":{"line":93,"column":12},"end":{"line":93,"column":60}},"21":{"start":{"line":95,"column":10},"end":{"line":95,"column":41}},"22":{"start":{"line":97,"column":10},"end":{"line":97,"column":51}},"23":{"start":{"line":100,"column":8},"end":{"line":100,"column":27}},"24":{"start":{"line":104,"column":17},"end":{"line":104,"column":21}},"25":{"start":{"line":105,"column":16},"end":{"line":105,"column":60}},"26":{"start":{"line":107,"column":19},"end":{"line":107,"column":40}},"27":{"start":{"line":108,"column":6},"end":{"line":108,"column":68}},"28":{"start":{"line":109,"column":6},"end":{"line":109,"column":60}},"29":{"start":{"line":111,"column":6},"end":{"line":119,"column":9}},"30":{"start":{"line":112,"column":8},"end":{"line":116,"column":9}},"31":{"start":{"line":113,"column":10},"end":{"line":113,"column":59}},"32":{"start":{"line":115,"column":10},"end":{"line":115,"column":51}},"33":{"start":{"line":118,"column":8},"end":{"line":118,"column":27}},"34":{"start":{"line":122,"column":17},"end":{"line":122,"column":21}},"35":{"start":{"line":123,"column":16},"end":{"line":123,"column":58}},"36":{"start":{"line":125,"column":19},"end":{"line":125,"column":40}},"37":{"start":{"line":126,"column":6},"end":{"line":126,"column":51}},"38":{"start":{"line":127,"column":6},"end":{"line":127,"column":57}},"39":{"start":{"line":129,"column":6},"end":{"line":138,"column":9}},"40":{"start":{"line":130,"column":8},"end":{"line":135,"column":9}},"41":{"start":{"line":131,"column":10},"end":{"line":131,"column":55}},"42":{"start":{"line":132,"column":10},"end":{"line":132,"column":31}},"43":{"start":{"line":134,"column":10},"end":{"line":134,"column":51}},"44":{"start":{"line":137,"column":8},"end":{"line":137,"column":27}},"45":{"start":{"line":144,"column":4},"end":{"line":144,"column":25}},"46":{"start":{"line":146,"column":4},"end":{"line":146,"column":67}},"47":{"start":{"line":150,"column":4},"end":{"line":150,"column":54}},"48":{"start":{"line":154,"column":0},"end":{"line":154,"column":70}},"49":{"start":{"line":154,"column":31},"end":{"line":154,"column":70}},"50":{"start":{"line":155,"column":24},"end":{"line":155,"column":100}},"51":{"start":{"line":156,"column":0},"end":{"line":156,"column":1880}},"52":{"start":{"line":156,"column":54},"end":{"line":156,"column":58}},"53":{"start":{"line":156,"column":66},"end":{"line":156,"column":84}},"54":{"start":{"line":156,"column":92},"end":{"line":156,"column":108}},"55":{"start":{"line":156,"column":109},"end":{"line":156,"column":1879}},"56":{"start":{"line":156,"column":673},"end":{"line":156,"column":693}},"57":{"start":{"line":156,"column":922},"end":{"line":156,"column":965}},"58":{"start":{"line":156,"column":1227},"end":{"line":156,"column":1270}},"59":{"start":{"line":156,"column":1536},"end":{"line":156,"column":1583}},"60":{"start":{"line":157,"column":0},"end":{"line":157,"column":37}}},"fnMap":{"0":{"name":"(anonymous_0)","decl":{"start":{"line":1,"column":2},"end":{"line":1,"column":3}},"loc":{"start":{"line":1,"column":12},"end":{"line":153,"column":1}},"line":1},"1":{"name":"data","decl":{"start":{"line":55,"column":17},"end":{"line":55,"column":21}},"loc":{"start":{"line":55,"column":24},"end":{"line":70,"column":3}},"line":55},"2":{"name":"get_user_info","decl":{"start":{"line":73,"column":28},"end":{"line":73,"column":41}},"loc":{"start":{"line":73,"column":44},"end":{"line":102,"column":5}},"line":73},"3":{"name":"(anonymous_3)","decl":{"start":{"line":77,"column":40},"end":{"line":77,"column":41}},"loc":{"start":{"line":77,"column":60},"end":{"line":99,"column":7}},"line":77},"4":{"name":"(anonymous_4)","decl":{"start":{"line":99,"column":15},"end":{"line":99,"column":16}},"loc":{"start":{"line":99,"column":32},"end":{"line":101,"column":7}},"line":99},"5":{"name":"passwordFormSubmit","decl":{"start":{"line":103,"column":33},"end":{"line":103,"column":51}},"loc":{"start":{"line":103,"column":54},"end":{"line":120,"column":5}},"line":103},"6":{"name":"(anonymous_6)","decl":{"start":{"line":111,"column":40},"end":{"line":111,"column":41}},"loc":{"start":{"line":111,"column":60},"end":{"line":117,"column":7}},"line":111},"7":{"name":"(anonymous_7)","decl":{"start":{"line":117,"column":15},"end":{"line":117,"column":16}},"loc":{"start":{"line":117,"column":32},"end":{"line":119,"column":7}},"line":117},"8":{"name":"emailFormSubmit","decl":{"start":{"line":121,"column":30},"end":{"line":121,"column":45}},"loc":{"start":{"line":121,"column":48},"end":{"line":139,"column":5}},"line":121},"9":{"name":"(anonymous_9)","decl":{"start":{"line":129,"column":40},"end":{"line":129,"column":41}},"loc":{"start":{"line":129,"column":60},"end":{"line":136,"column":7}},"line":129},"10":{"name":"(anonymous_10)","decl":{"start":{"line":136,"column":15},"end":{"line":136,"column":16}},"loc":{"start":{"line":136,"column":32},"end":{"line":138,"column":7}},"line":136},"11":{"name":"mounted","decl":{"start":{"line":142,"column":20},"end":{"line":142,"column":27}},"loc":{"start":{"line":142,"column":30},"end":{"line":147,"column":3}},"line":142},"12":{"name":"beforeDestroy","decl":{"start":{"line":148,"column":26},"end":{"line":148,"column":39}},"loc":{"start":{"line":148,"column":42},"end":{"line":151,"column":3}},"line":148},"13":{"name":"render","decl":{"start":{"line":156,"column":35},"end":{"line":156,"column":41}},"loc":{"start":{"line":156,"column":45},"end":{"line":156,"column":1880}},"line":156},"14":{"name":"(anonymous_14)","decl":{"start":{"line":156,"column":657},"end":{"line":156,"column":658}},"loc":{"start":{"line":156,"column":672},"end":{"line":156,"column":694}},"line":156},"15":{"name":"(anonymous_15)","decl":{"start":{"line":156,"column":906},"end":{"line":156,"column":907}},"loc":{"start":{"line":156,"column":921},"end":{"line":156,"column":966}},"line":156},"16":{"name":"(anonymous_16)","decl":{"start":{"line":156,"column":1211},"end":{"line":156,"column":1212}},"loc":{"start":{"line":156,"column":1226},"end":{"line":156,"column":1271}},"line":156},"17":{"name":"(anonymous_17)","decl":{"start":{"line":156,"column":1520},"end":{"line":156,"column":1521}},"loc":{"start":{"line":156,"column":1535},"end":{"line":156,"column":1584}},"line":156}},"branchMap":{"0":{"loc":{"start":{"line":78,"column":8},"end":{"line":98,"column":9}},"type":"if","locations":[{"start":{"line":78,"column":8},"end":{"line":98,"column":9}},{"start":{"line":78,"column":8},"end":{"line":98,"column":9}}],"line":78},"1":{"loc":{"start":{"line":84,"column":10},"end":{"line":94,"column":11}},"type":"if","locations":[{"start":{"line":84,"column":10},"end":{"line":94,"column":11}},{"start":{"line":84,"column":10},"end":{"line":94,"column":11}}],"line":84},"2":{"loc":{"start":{"line":86,"column":12},"end":{"line":90,"column":13}},"type":"if","locations":[{"start":{"line":86,"column":12},"end":{"line":90,"column":13}},{"start":{"line":86,"column":12},"end":{"line":90,"column":13}}],"line":86},"3":{"loc":{"start":{"line":112,"column":8},"end":{"line":116,"column":9}},"type":"if","locations":[{"start":{"line":112,"column":8},"end":{"line":116,"column":9}},{"start":{"line":112,"column":8},"end":{"line":116,"column":9}}],"line":112},"4":{"loc":{"start":{"line":130,"column":8},"end":{"line":135,"column":9}},"type":"if","locations":[{"start":{"line":130,"column":8},"end":{"line":135,"column":9}},{"start":{"line":130,"column":8},"end":{"line":135,"column":9}}],"line":130},"5":{"loc":{"start":{"line":154,"column":0},"end":{"line":154,"column":70}},"type":"if","locations":[{"start":{"line":154,"column":0},"end":{"line":154,"column":70}},{"start":{"line":154,"column":0},"end":{"line":154,"column":70}}],"line":154},"6":{"loc":{"start":{"line":155,"column":24},"end":{"line":155,"column":100}},"type":"cond-expr","locations":[{"start":{"line":155,"column":62},"end":{"line":155,"column":84}},{"start":{"line":155,"column":86},"end":{"line":155,"column":100}}],"line":155},"7":{"loc":{"start":{"line":156,"column":92},"end":{"line":156,"column":108}},"type":"binary-expr","locations":[{"start":{"line":156,"column":92},"end":{"line":156,"column":104}},{"start":{"line":156,"column":106},"end":{"line":156,"column":108}}],"line":156}},"s":{"0":0,"1":0,"2":0,"3":0,"4":0,"5":0,"6":0,"7":0,"8":0,"9":0,"10":0,"11":0,"12":0,"13":0,"14":0,"15":0,"16":0,"17":0,"18":0,"19":0,"20":0,"21":0,"22":0,"23":0,"24":0,"25":0,"26":0,"27":0,"28":0,"29":0,"30":0,"31":0,"32":0,"33":0,"34":0,"35":0,"36":0,"37":0,"38":0,"39":0,"40":0,"41":0,"42":0,"43":0,"44":0,"45":0,"46":0,"47":0,"48":0,"49":0,"50":0,"51":0,"52":0,"53":0,"54":0,"55":0,"56":0,"57":0,"58":0,"59":0,"60":0},"f":{"0":0,"1":0,"2":0,"3":0,"4":0,"5":0,"6":0,"7":0,"8":0,"9":0,"10":0,"11":0,"12":0,"13":0,"14":0,"15":0,"16":0,"17":0},"b":{"0":[0,0],"1":[0,0],"2":[0,0],"3":[0,0],"4":[0,0],"5":[0,0],"6":[0,0],"7":[0,0]}}
}
