TN:
SF:/Users/kphcdr/go/src/showdoc/web_src/src/App.vue
FN:1,(anonymous_0)
FN:20,render
FNF:2
FNH:0
FNDA:0,(anonymous_0)
FNDA:0,render
DA:1,0
DA:4,0
DA:14,0
DA:18,0
DA:19,0
DA:20,0
DA:21,0
LF:7
LH:0
BRDA:18,0,0,0
BRDA:18,0,1,0
BRDA:19,1,0,0
BRDA:19,1,1,0
BRDA:20,2,0,0
BRDA:20,2,1,0
BRF:6
BRH:0
end_of_record
TN:
SF:/Users/kphcdr/go/src/showdoc/web_src/src/http.js
FN:6,_interopRequireDefault
FN:14,(anonymous_1)
FN:20,(anonymous_2)
FN:26,(anonymous_3)
FN:38,(anonymous_4)
FNF:5
FNH:0
FNDA:0,_interopRequireDefault
FNDA:0,(anonymous_1)
FNDA:0,(anonymous_2)
FNDA:0,(anonymous_3)
FNDA:0,(anonymous_4)
DA:1,0
DA:5,0
DA:6,0
DA:11,0
DA:13,0
DA:18,0
DA:21,0
DA:25,0
DA:27,0
DA:30,0
DA:31,0
DA:36,0
DA:40,0
DA:41,0
LF:14
LH:0
BRDA:6,0,0,0
BRDA:6,0,1,0
BRDA:6,1,0,0
BRDA:6,1,1,0
BRDA:27,2,0,0
BRDA:27,2,1,0
BRDA:27,3,0,0
BRDA:27,3,1,0
BRDA:30,4,0,0
BRDA:30,4,1,0
BRF:10
BRH:0
end_of_record
TN:
SF:/Users/kphcdr/go/src/showdoc/web_src/src/util.js
FN:3,install
FN:5,(anonymous_1)
FN:13,(anonymous_2)
FN:17,(anonymous_3)
FN:22,(anonymous_4)
FN:26,(anonymous_5)
FN:32,(anonymous_6)
FN:37,(anonymous_7)
FN:44,(anonymous_8)
FNF:9
FNH:0
FNDA:0,install
FNDA:0,(anonymous_1)
FNDA:0,(anonymous_2)
FNDA:0,(anonymous_3)
FNDA:0,(anonymous_4)
FNDA:0,(anonymous_5)
FNDA:0,(anonymous_6)
FNDA:0,(anonymous_7)
FNDA:0,(anonymous_8)
DA:1,0
DA:2,0
DA:5,0
DA:6,0
DA:13,0
DA:17,0
DA:18,0
DA:22,0
DA:23,0
DA:26,0
DA:27,0
DA:28,0
DA:29,0
DA:30,0
DA:31,0
DA:33,0
DA:37,0
DA:38,0
DA:39,0
DA:40,0
DA:41,0
DA:42,0
DA:43,0
DA:45,0
LF:24
LH:0
BRDA:23,0,0,0
BRDA:23,0,1,0
BRDA:33,1,0,0
BRDA:33,1,1,0
BRDA:45,2,0,0
BRDA:45,2,1,0
BRF:6
BRH:0
end_of_record
TN:
SF:/Users/kphcdr/go/src/showdoc/web_src/src/components/Index.vue
FN:1,(anonymous_0)
FN:96,data
FN:105,getHeight
FN:114,mounted
FN:119,(anonymous_4)
FN:130,render
FNF:6
FNH:0
FNDA:0,(anonymous_0)
FNDA:0,data
FNDA:0,getHeight
FNDA:0,mounted
FNDA:0,(anonymous_4)
FNDA:0,render
DA:1,0
DA:4,0
DA:94,0
DA:97,0
DA:106,0
DA:107,0
DA:108,0
DA:109,0
DA:111,0
DA:115,0
DA:116,0
DA:117,0
DA:118,0
DA:119,0
DA:120,0
DA:121,0
DA:122,0
DA:128,0
DA:129,0
DA:130,0
DA:131,0
LF:21
LH:0
BRDA:106,0,0,0
BRDA:106,0,1,0
BRDA:108,1,0,0
BRDA:108,1,1,0
BRDA:108,2,0,0
BRDA:108,2,1,0
BRDA:120,3,0,0
BRDA:120,3,1,0
BRDA:128,4,0,0
BRDA:128,4,1,0
BRDA:129,5,0,0
BRDA:129,5,1,0
BRDA:130,6,0,0
BRDA:130,6,1,0
BRF:14
BRH:0
end_of_record
TN:
SF:/Users/kphcdr/go/src/showdoc/web_src/src/components/catalog/index.vue
FN:1,(anonymous_0)
FN:12,_interopRequireDefault
FN:91,data
FN:106,tableRowClassName
FN:115,get_catalog
FN:120,(anonymous_5)
FN:146,(anonymous_6)
FN:150,MyFormSubmit
FN:161,(anonymous_8)
FN:169,(anonymous_9)
FN:173,edit
FN:187,delete_cat
FN:195,(anonymous_12)
FN:200,(anonymous_13)
FN:209,add_cat
FN:213,goback
FN:219,mounted
FN:226,render
FN:226,(anonymous_18)
FN:226,(anonymous_19)
FN:226,(anonymous_20)
FN:226,(anonymous_21)
FN:226,(anonymous_22)
FN:226,(anonymous_23)
FN:226,(anonymous_24)
FN:226,(anonymous_25)
FN:226,(anonymous_26)
FNF:27
FNH:0
FNDA:0,(anonymous_0)
FNDA:0,_interopRequireDefault
FNDA:0,data
FNDA:0,tableRowClassName
FNDA:0,get_catalog
FNDA:0,(anonymous_5)
FNDA:0,(anonymous_6)
FNDA:0,MyFormSubmit
FNDA:0,(anonymous_8)
FNDA:0,(anonymous_9)
FNDA:0,edit
FNDA:0,delete_cat
FNDA:0,(anonymous_12)
FNDA:0,(anonymous_13)
FNDA:0,add_cat
FNDA:0,goback
FNDA:0,mounted
FNDA:0,render
FNDA:0,(anonymous_18)
FNDA:0,(anonymous_19)
FNDA:0,(anonymous_20)
FNDA:0,(anonymous_21)
FNDA:0,(anonymous_22)
FNDA:0,(anonymous_23)
FNDA:0,(anonymous_24)
FNDA:0,(anonymous_25)
FNDA:0,(anonymous_26)
DA:1,0
DA:4,0
DA:8,0
DA:10,0
DA:12,0
DA:88,0
DA:92,0
DA:107,0
DA:108,0
DA:110,0
DA:111,0
DA:113,0
DA:116,0
DA:117,0
DA:118,0
DA:119,0
DA:120,0
DA:121,0
DA:122,0
DA:125,0
DA:126,0
DA:127,0
DA:128,0
DA:130,0
DA:131,0
DA:133,0
DA:134,0
DA:135,0
DA:136,0
DA:137,0
DA:138,0
DA:142,0
DA:144,0
DA:147,0
DA:151,0
DA:152,0
DA:154,0
DA:155,0
DA:156,0
DA:157,0
DA:158,0
DA:159,0
DA:161,0
DA:162,0
DA:163,0
DA:164,0
DA:165,0
DA:167,0
DA:170,0
DA:174,0
DA:175,0
DA:176,0
DA:177,0
DA:179,0
DA:180,0
DA:183,0
DA:185,0
DA:188,0
DA:189,0
DA:191,0
DA:196,0
DA:197,0
DA:198,0
DA:200,0
DA:201,0
DA:202,0
DA:204,0
DA:210,0
DA:211,0
DA:214,0
DA:215,0
DA:220,0
DA:224,0
DA:225,0
DA:226,0
DA:227,0
LF:76
LH:0
BRDA:12,0,0,0
BRDA:12,0,1,0
BRDA:12,1,0,0
BRDA:12,1,1,0
BRDA:110,2,0,0
BRDA:110,2,1,0
BRDA:121,3,0,0
BRDA:121,3,1,0
BRDA:135,4,0,0
BRDA:135,4,1,0
BRDA:162,5,0,0
BRDA:162,5,1,0
BRDA:176,6,0,0
BRDA:176,6,1,0
BRDA:179,7,0,0
BRDA:179,7,1,0
BRDA:201,8,0,0
BRDA:201,8,1,0
BRDA:224,9,0,0
BRDA:224,9,1,0
BRDA:225,10,0,0
BRDA:225,10,1,0
BRDA:226,11,0,0
BRDA:226,11,1,0
BRF:24
BRH:0
end_of_record
TN:
SF:/Users/kphcdr/go/src/showdoc/web_src/src/components/common/BackToTop.vue
FN:1,(anonymous_0)
FN:17,data
FN:25,mounted
FN:27,(anonymous_3)
FN:34,gototop
FN:36,(anonymous_5)
FN:47,destroyed
FN:54,render
FNF:8
FNH:0
FNDA:0,(anonymous_0)
FNDA:0,data
FNDA:0,mounted
FNDA:0,(anonymous_3)
FNDA:0,gototop
FNDA:0,(anonymous_5)
FNDA:0,destroyed
FNDA:0,render
DA:1,0
DA:4,0
DA:16,0
DA:18,0
DA:26,0
DA:27,0
DA:28,0
DA:29,0
DA:35,0
DA:36,0
DA:37,0
DA:38,0
DA:39,0
DA:40,0
DA:41,0
DA:43,0
DA:48,0
DA:52,0
DA:53,0
DA:54,0
DA:55,0
LF:21
LH:0
BRDA:28,0,0,0
BRDA:28,0,1,0
BRDA:28,1,0,0
BRDA:28,1,1,0
BRDA:28,2,0,0
BRDA:28,2,1,0
BRDA:29,3,0,0
BRDA:29,3,1,0
BRDA:38,4,0,0
BRDA:38,4,1,0
BRDA:52,5,0,0
BRDA:52,5,1,0
BRDA:53,6,0,0
BRDA:53,6,1,0
BRDA:54,7,0,0
BRDA:54,7,1,0
BRF:16
BRH:0
end_of_record
TN:
SF:/Users/kphcdr/go/src/showdoc/web_src/src/components/common/BigImg.vue
FN:1,(anonymous_0)
FN:23,bigImg
FN:32,render
FNF:3
FNH:0
FNDA:0,(anonymous_0)
FNDA:0,bigImg
FNDA:0,render
DA:1,0
DA:4,0
DA:20,0
DA:25,0
DA:30,0
DA:31,0
DA:32,0
DA:33,0
LF:8
LH:0
BRDA:30,0,0,0
BRDA:30,0,1,0
BRDA:31,1,0,0
BRDA:31,1,1,0
BRDA:32,2,0,0
BRDA:32,2,1,0
BRF:6
BRH:0
end_of_record
TN:
SF:/Users/kphcdr/go/src/showdoc/web_src/src/components/common/Editormd.vue
FN:1,(anonymous_0)
FN:12,_interopRequireDefault
FN:55,_default
FN:68,onload
FN:79,data
FN:88,mounted
FN:92,(anonymous_6)
FN:93,(anonymous_7)
FN:95,(anonymous_8)
FN:99,(anonymous_9)
FN:105,beforeDestroy
FN:116,initEditor
FN:119,(anonymous_12)
FN:138,insertValue
FN:141,getMarkdown
FN:144,clear
FN:150,draft
FN:153,(anonymous_17)
FN:161,(anonymous_18)
FN:170,beforeunloadHandler
FN:184,deal_with_content
FN:187,(anonymous_21)
FN:192,(anonymous_22)
FN:197,(anonymous_23)
FN:207,(anonymous_24)
FN:209,(anonymous_25)
FN:220,(anonymous_26)
FN:245,render
FN:245,(anonymous_28)
FNF:29
FNH:0
FNDA:0,(anonymous_0)
FNDA:0,_interopRequireDefault
FNDA:0,_default
FNDA:0,onload
FNDA:0,data
FNDA:0,mounted
FNDA:0,(anonymous_6)
FNDA:0,(anonymous_7)
FNDA:0,(anonymous_8)
FNDA:0,(anonymous_9)
FNDA:0,beforeDestroy
FNDA:0,initEditor
FNDA:0,(anonymous_12)
FNDA:0,insertValue
FNDA:0,getMarkdown
FNDA:0,clear
FNDA:0,draft
FNDA:0,(anonymous_17)
FNDA:0,(anonymous_18)
FNDA:0,beforeunloadHandler
FNDA:0,deal_with_content
FNDA:0,(anonymous_21)
FNDA:0,(anonymous_22)
FNDA:0,(anonymous_23)
FNDA:0,(anonymous_24)
FNDA:0,(anonymous_25)
FNDA:0,(anonymous_26)
FNDA:0,render
FNDA:0,(anonymous_28)
DA:1,0
DA:4,0
DA:8,0
DA:10,0
DA:12,0
DA:14,0
DA:15,0
DA:33,0
DA:56,0
DA:69,0
DA:80,0
DA:89,0
DA:92,0
DA:93,0
DA:95,0
DA:96,0
DA:99,0
DA:100,0
DA:108,0
DA:109,0
DA:117,0
DA:119,0
DA:120,0
DA:122,0
DA:123,0
DA:124,0
DA:126,0
DA:129,0
DA:131,0
DA:139,0
DA:142,0
DA:145,0
DA:151,0
DA:153,0
DA:154,0
DA:158,0
DA:159,0
DA:160,0
DA:161,0
DA:162,0
DA:163,0
DA:164,0
DA:171,0
DA:174,0
DA:175,0
DA:179,0
DA:185,0
DA:187,0
DA:188,0
DA:192,0
DA:193,0
DA:197,0
DA:198,0
DA:199,0
DA:200,0
DA:201,0
DA:202,0
DA:204,0
DA:207,0
DA:208,0
DA:210,0
DA:211,0
DA:213,0
DA:218,0
DA:220,0
DA:221,0
DA:222,0
DA:224,0
DA:228,0
DA:229,0
DA:232,0
DA:233,0
DA:234,0
DA:235,0
DA:236,0
DA:238,0
DA:243,0
DA:244,0
DA:245,0
DA:246,0
LF:80
LH:0
BRDA:12,0,0,0
BRDA:12,0,1,0
BRDA:12,1,0,0
BRDA:12,1,1,0
BRDA:14,2,0,0
BRDA:14,2,1,0
BRDA:120,3,0,0
BRDA:120,3,1,0
BRDA:120,4,0,0
BRDA:120,4,1,0
BRDA:122,5,0,0
BRDA:122,5,1,0
BRDA:123,6,0,0
BRDA:123,6,1,0
BRDA:159,7,0,0
BRDA:159,7,1,0
BRDA:159,8,0,0
BRDA:159,8,1,0
BRDA:171,9,0,0
BRDA:171,9,1,0
BRDA:174,10,0,0
BRDA:174,10,1,0
BRDA:201,11,0,0
BRDA:201,11,1,0
BRDA:201,12,0,0
BRDA:201,12,1,0
BRDA:201,12,2,0
BRDA:201,12,3,0
BRDA:210,13,0,0
BRDA:210,13,1,0
BRDA:210,14,0,0
BRDA:210,14,1,0
BRDA:210,14,2,0
BRDA:210,14,3,0
BRDA:243,15,0,0
BRDA:243,15,1,0
BRDA:244,16,0,0
BRDA:244,16,1,0
BRDA:245,17,0,0
BRDA:245,17,1,0
BRDA:245,18,0,0
BRDA:245,18,1,0
BRF:42
BRH:0
end_of_record
TN:
SF:/Users/kphcdr/go/src/showdoc/web_src/src/components/common/Footer.vue
FN:1,(anonymous_0)
FN:16,data
FN:25,render
FNF:3
FNH:0
FNDA:0,(anonymous_0)
FNDA:0,data
FNDA:0,render
DA:1,0
DA:4,0
DA:14,0
DA:17,0
DA:23,0
DA:24,0
DA:25,0
DA:26,0
LF:8
LH:0
BRDA:23,0,0,0
BRDA:23,0,1,0
BRDA:24,1,0,0
BRDA:24,1,1,0
BRDA:25,2,0,0
BRDA:25,2,1,0
BRF:6
BRH:0
end_of_record
TN:
SF:/Users/kphcdr/go/src/showdoc/web_src/src/components/common/Header.vue
FN:1,(anonymous_0)
FN:14,data
FN:23,render
FNF:3
FNH:0
FNDA:0,(anonymous_0)
FNDA:0,data
FNDA:0,render
DA:1,0
DA:4,0
DA:12,0
DA:15,0
DA:21,0
DA:22,0
DA:23,0
DA:24,0
LF:8
LH:0
BRDA:21,0,0,0
BRDA:21,0,1,0
BRDA:22,1,0,0
BRDA:22,1,1,0
BRDA:23,2,0,0
BRDA:23,2,1,0
BRF:6
BRH:0
end_of_record
TN:
SF:/Users/kphcdr/go/src/showdoc/web_src/src/components/common/JsonBeautify.vue
FN:1,(anonymous_0)
FN:16,_interopRequireDefault
FN:42,data
FN:51,transform
FN:65,dump
FN:108,render
FN:108,(anonymous_6)
FN:108,(anonymous_7)
FN:108,(anonymous_8)
FNF:9
FNH:0
FNDA:0,(anonymous_0)
FNDA:0,_interopRequireDefault
FNDA:0,data
FNDA:0,transform
FNDA:0,dump
FNDA:0,render
FNDA:0,(anonymous_6)
FNDA:0,(anonymous_7)
FNDA:0,(anonymous_8)
DA:1,0
DA:4,0
DA:8,0
DA:10,0
DA:12,0
DA:14,0
DA:16,0
DA:35,0
DA:43,0
DA:52,0
DA:53,0
DA:54,0
DA:55,0
DA:56,0
DA:57,0
DA:58,0
DA:61,0
DA:63,0
DA:66,0
DA:67,0
DA:70,0
DA:71,0
DA:72,0
DA:73,0
DA:75,0
DA:76,0
DA:77,0
DA:78,0
DA:80,0
DA:81,0
DA:82,0
DA:84,0
DA:85,0
DA:87,0
DA:90,0
DA:91,0
DA:93,0
DA:95,0
DA:99,0
DA:101,0
DA:106,0
DA:107,0
DA:108,0
DA:109,0
LF:44
LH:0
BRDA:16,0,0,0
BRDA:16,0,1,0
BRDA:16,1,0,0
BRDA:16,1,1,0
BRDA:55,2,0,0
BRDA:55,2,1,0
BRDA:56,3,0,0
BRDA:56,3,1,0
BRDA:67,4,0,0
BRDA:67,4,1,0
BRDA:73,5,0,0
BRDA:73,5,1,0
BRDA:73,6,0,0
BRDA:73,6,1,0
BRDA:78,7,0,0
BRDA:78,7,1,0
BRDA:78,8,0,0
BRDA:78,8,1,0
BRDA:84,9,0,0
BRDA:84,9,1,0
BRDA:90,10,0,0
BRDA:90,10,1,0
BRDA:99,11,0,0
BRDA:99,11,1,0
BRDA:106,12,0,0
BRDA:106,12,1,0
BRDA:107,13,0,0
BRDA:107,13,1,0
BRDA:108,14,0,0
BRDA:108,14,1,0
BRF:30
BRH:0
end_of_record
TN:
SF:/Users/kphcdr/go/src/showdoc/web_src/src/components/common/JsonToTable.vue
FN:1,(anonymous_0)
FN:12,_interopRequireDefault
FN:37,data
FN:46,transform
FN:58,Change
FN:93,render
FN:93,(anonymous_6)
FN:93,(anonymous_7)
FN:93,(anonymous_8)
FNF:9
FNH:0
FNDA:0,(anonymous_0)
FNDA:0,_interopRequireDefault
FNDA:0,data
FNDA:0,transform
FNDA:0,Change
FNDA:0,render
FNDA:0,(anonymous_6)
FNDA:0,(anonymous_7)
FNDA:0,(anonymous_8)
DA:1,0
DA:4,0
DA:8,0
DA:10,0
DA:12,0
DA:31,0
DA:38,0
DA:48,0
DA:49,0
DA:50,0
DA:51,0
DA:52,0
DA:54,0
DA:56,0
DA:59,0
DA:60,0
DA:61,0
DA:63,0
DA:64,0
DA:65,0
DA:69,0
DA:70,0
DA:71,0
DA:72,0
DA:73,0
DA:74,0
DA:75,0
DA:76,0
DA:77,0
DA:81,0
DA:84,0
DA:91,0
DA:92,0
DA:93,0
DA:94,0
LF:35
LH:0
BRDA:12,0,0,0
BRDA:12,0,1,0
BRDA:12,1,0,0
BRDA:12,1,1,0
BRDA:61,2,0,0
BRDA:61,2,1,0
BRDA:63,3,0,0
BRDA:63,3,1,0
BRDA:71,4,0,0
BRDA:71,4,1,0
BRDA:72,5,0,0
BRDA:72,5,1,0
BRDA:74,6,0,0
BRDA:74,6,1,0
BRDA:91,7,0,0
BRDA:91,7,1,0
BRDA:92,8,0,0
BRDA:92,8,1,0
BRDA:93,9,0,0
BRDA:93,9,1,0
BRF:20
BRH:0
end_of_record
TN:
SF:/Users/kphcdr/go/src/showdoc/web_src/src/components/item/Add.vue
FN:1,(anonymous_0)
FN:69,data
FN:84,get_item_list
FN:90,(anonymous_3)
FN:100,choose_copy_item
FN:108,onSubmit
FN:120,(anonymous_6)
FN:129,mounted
FN:134,beforeDestroy
FN:142,render
FN:142,(anonymous_10)
FN:142,(anonymous_11)
FN:142,(anonymous_12)
FN:142,(anonymous_13)
FN:142,(anonymous_14)
FN:142,(anonymous_15)
FN:142,(anonymous_16)
FN:142,(anonymous_17)
FNF:18
FNH:0
FNDA:0,(anonymous_0)
FNDA:0,data
FNDA:0,get_item_list
FNDA:0,(anonymous_3)
FNDA:0,choose_copy_item
FNDA:0,onSubmit
FNDA:0,(anonymous_6)
FNDA:0,mounted
FNDA:0,beforeDestroy
FNDA:0,render
FNDA:0,(anonymous_10)
FNDA:0,(anonymous_11)
FNDA:0,(anonymous_12)
FNDA:0,(anonymous_13)
FNDA:0,(anonymous_14)
FNDA:0,(anonymous_15)
FNDA:0,(anonymous_16)
FNDA:0,(anonymous_17)
DA:1,0
DA:4,0
DA:66,0
DA:70,0
DA:85,0
DA:86,0
DA:88,0
DA:90,0
DA:91,0
DA:93,0
DA:94,0
DA:96,0
DA:101,0
DA:102,0
DA:103,0
DA:104,0
DA:109,0
DA:110,0
DA:112,0
DA:113,0
DA:114,0
DA:115,0
DA:116,0
DA:117,0
DA:118,0
DA:120,0
DA:121,0
DA:122,0
DA:124,0
DA:130,0
DA:132,0
DA:136,0
DA:140,0
DA:141,0
DA:142,0
DA:143,0
LF:36
LH:0
BRDA:91,0,0,0
BRDA:91,0,1,0
BRDA:102,1,0,0
BRDA:102,1,1,0
BRDA:121,2,0,0
BRDA:121,2,1,0
BRDA:140,3,0,0
BRDA:140,3,1,0
BRDA:141,4,0,0
BRDA:141,4,1,0
BRDA:142,5,0,0
BRDA:142,5,1,0
BRDA:142,6,0,0
BRDA:142,6,1,0
BRF:14
BRH:0
end_of_record
TN:
SF:/Users/kphcdr/go/src/showdoc/web_src/src/components/item/Index.vue
FN:1,(anonymous_0)
FN:167,data
FN:175,get_item_list
FN:181,(anonymous_3)
FN:192,feedback
FN:195,item_top_class
FN:201,bind_item_even
FN:204,(anonymous_7)
FN:207,(anonymous_8)
FN:214,(anonymous_9)
FN:224,click_item_setting
FN:227,click_item_top
FN:238,(anonymous_12)
FN:246,logout
FN:252,(anonymous_14)
FN:262,dropdown_callback
FN:268,mounted
FN:271,beforeDestroy
FN:280,render
FN:280,(anonymous_19)
FN:280,(anonymous_20)
FN:280,(anonymous_21)
FNF:22
FNH:0
FNDA:0,(anonymous_0)
FNDA:0,data
FNDA:0,get_item_list
FNDA:0,(anonymous_3)
FNDA:0,feedback
FNDA:0,item_top_class
FNDA:0,bind_item_even
FNDA:0,(anonymous_7)
FNDA:0,(anonymous_8)
FNDA:0,(anonymous_9)
FNDA:0,click_item_setting
FNDA:0,click_item_top
FNDA:0,(anonymous_12)
FNDA:0,logout
FNDA:0,(anonymous_14)
FNDA:0,dropdown_callback
FNDA:0,mounted
FNDA:0,beforeDestroy
FNDA:0,render
FNDA:0,(anonymous_19)
FNDA:0,(anonymous_20)
FNDA:0,(anonymous_21)
DA:1,0
DA:4,0
DA:163,0
DA:164,0
DA:166,0
DA:168,0
DA:176,0
DA:177,0
DA:179,0
DA:181,0
DA:182,0
DA:184,0
DA:185,0
DA:186,0
DA:188,0
DA:193,0
DA:196,0
DA:197,0
DA:199,0
DA:204,0
DA:207,0
DA:208,0
DA:209,0
DA:210,0
DA:214,0
DA:215,0
DA:216,0
DA:217,0
DA:225,0
DA:228,0
DA:229,0
DA:231,0
DA:233,0
DA:234,0
DA:235,0
DA:236,0
DA:237,0
DA:238,0
DA:239,0
DA:240,0
DA:242,0
DA:247,0
DA:248,0
DA:250,0
DA:252,0
DA:253,0
DA:254,0
DA:258,0
DA:263,0
DA:264,0
DA:269,0
DA:272,0
DA:274,0
DA:278,0
DA:279,0
DA:280,0
DA:281,0
LF:57
LH:0
BRDA:163,0,0,0
BRDA:163,0,1,0
BRDA:182,1,0,0
BRDA:182,1,1,0
BRDA:196,2,0,0
BRDA:196,2,1,0
BRDA:228,3,0,0
BRDA:228,3,1,0
BRDA:239,4,0,0
BRDA:239,4,1,0
BRDA:253,5,0,0
BRDA:253,5,1,0
BRDA:263,6,0,0
BRDA:263,6,1,0
BRDA:278,7,0,0
BRDA:278,7,1,0
BRDA:279,8,0,0
BRDA:279,8,1,0
BRDA:280,9,0,0
BRDA:280,9,1,0
BRDA:280,10,0,0
BRDA:280,10,1,0
BRDA:280,11,0,0
BRDA:280,11,1,0
BRDA:280,12,0,0
BRDA:280,12,1,0
BRF:26
BRH:0
end_of_record
TN:
SF:/Users/kphcdr/go/src/showdoc/web_src/src/components/item/Password.vue
FN:1,(anonymous_0)
FN:49,data
FN:59,onSubmit
FN:71,(anonymous_3)
FN:86,change_v_code_img
FN:91,mounted
FN:95,beforeDestroy
FN:103,render
FN:103,(anonymous_8)
FN:103,(anonymous_9)
FNF:10
FNH:0
FNDA:0,(anonymous_0)
FNDA:0,data
FNDA:0,onSubmit
FNDA:0,(anonymous_3)
FNDA:0,change_v_code_img
FNDA:0,mounted
FNDA:0,beforeDestroy
FNDA:0,render
FNDA:0,(anonymous_8)
FNDA:0,(anonymous_9)
DA:1,0
DA:4,0
DA:46,0
DA:50,0
DA:60,0
DA:61,0
DA:62,0
DA:63,0
DA:65,0
DA:66,0
DA:67,0
DA:68,0
DA:69,0
DA:71,0
DA:72,0
DA:73,0
DA:74,0
DA:78,0
DA:79,0
DA:80,0
DA:82,0
DA:87,0
DA:88,0
DA:93,0
DA:97,0
DA:101,0
DA:102,0
DA:103,0
DA:104,0
LF:29
LH:0
BRDA:60,0,0,0
BRDA:60,0,1,0
BRDA:61,1,0,0
BRDA:61,1,1,0
BRDA:72,2,0,0
BRDA:72,2,1,0
BRDA:73,3,0,0
BRDA:73,3,1,0
BRDA:78,4,0,0
BRDA:78,4,1,0
BRDA:78,5,0,0
BRDA:78,5,1,0
BRDA:101,6,0,0
BRDA:101,6,1,0
BRDA:102,7,0,0
BRDA:102,7,1,0
BRDA:103,8,0,0
BRDA:103,8,1,0
BRDA:103,9,0,0
BRDA:103,9,1,0
BRF:20
BRH:0
end_of_record
TN:
SF:/Users/kphcdr/go/src/showdoc/web_src/src/components/item/export/Index.vue
FN:1,(anonymous_0)
FN:55,data
FN:69,get_cat2
FN:74,(anonymous_3)
FN:81,(anonymous_4)
FN:87,get_cat3
FN:92,(anonymous_6)
FN:100,(anonymous_7)
FN:104,onSubmit
FN:122,goback
FN:126,mounted
FN:132,beforeDestroy
FN:140,render
FN:140,(anonymous_13)
FN:140,(anonymous_14)
FN:140,(anonymous_15)
FN:140,(anonymous_16)
FN:140,(anonymous_17)
FN:140,(anonymous_18)
FNF:19
FNH:0
FNDA:0,(anonymous_0)
FNDA:0,data
FNDA:0,get_cat2
FNDA:0,(anonymous_3)
FNDA:0,(anonymous_4)
FNDA:0,get_cat3
FNDA:0,(anonymous_6)
FNDA:0,(anonymous_7)
FNDA:0,onSubmit
FNDA:0,goback
FNDA:0,mounted
FNDA:0,beforeDestroy
FNDA:0,render
FNDA:0,(anonymous_13)
FNDA:0,(anonymous_14)
FNDA:0,(anonymous_15)
FNDA:0,(anonymous_16)
FNDA:0,(anonymous_17)
FNDA:0,(anonymous_18)
DA:1,0
DA:4,0
DA:52,0
DA:56,0
DA:70,0
DA:71,0
DA:72,0
DA:73,0
DA:74,0
DA:75,0
DA:77,0
DA:79,0
DA:82,0
DA:88,0
DA:89,0
DA:90,0
DA:91,0
DA:92,0
DA:93,0
DA:95,0
DA:96,0
DA:98,0
DA:101,0
DA:105,0
DA:106,0
DA:107,0
DA:108,0
DA:109,0
DA:110,0
DA:111,0
DA:113,0
DA:114,0
DA:115,0
DA:116,0
DA:118,0
DA:123,0
DA:127,0
DA:128,0
DA:130,0
DA:134,0
DA:138,0
DA:139,0
DA:140,0
DA:141,0
LF:44
LH:0
BRDA:75,0,0,0
BRDA:75,0,1,0
BRDA:93,1,0,0
BRDA:93,1,1,0
BRDA:106,2,0,0
BRDA:106,2,1,0
BRDA:109,3,0,0
BRDA:109,3,1,0
BRDA:113,4,0,0
BRDA:113,4,1,0
BRDA:114,5,0,0
BRDA:114,5,1,0
BRDA:138,6,0,0
BRDA:138,6,1,0
BRDA:139,7,0,0
BRDA:139,7,1,0
BRDA:140,8,0,0
BRDA:140,8,1,0
BRDA:140,9,0,0
BRDA:140,9,1,0
BRDA:140,10,0,0
BRDA:140,10,1,0
BRDA:140,11,0,0
BRDA:140,11,1,0
BRDA:140,12,0,0
BRDA:140,12,1,0
BRF:26
BRH:0
end_of_record
TN:
SF:/Users/kphcdr/go/src/showdoc/web_src/src/components/item/setting/Advanced.vue
FN:1,(anonymous_0)
FN:82,data
FN:101,deleteItem
FN:109,(anonymous_3)
FN:113,(anonymous_4)
FN:119,(anonymous_5)
FN:123,archive
FN:131,(anonymous_7)
FN:135,(anonymous_8)
FN:141,(anonymous_9)
FN:145,attorn
FN:154,(anonymous_11)
FN:158,(anonymous_12)
FN:164,(anonymous_13)
FN:170,mounted
FN:175,render
FN:175,(anonymous_16)
FN:175,(anonymous_17)
FN:175,(anonymous_18)
FN:175,(anonymous_19)
FN:175,(anonymous_20)
FN:175,(anonymous_21)
FN:175,(anonymous_22)
FN:175,(anonymous_23)
FN:175,(anonymous_24)
FN:175,(anonymous_25)
FN:175,(anonymous_26)
FN:175,(anonymous_27)
FN:175,(anonymous_28)
FNF:29
FNH:0
FNDA:0,(anonymous_0)
FNDA:0,data
FNDA:0,deleteItem
FNDA:0,(anonymous_3)
FNDA:0,(anonymous_4)
FNDA:0,(anonymous_5)
FNDA:0,archive
FNDA:0,(anonymous_7)
FNDA:0,(anonymous_8)
FNDA:0,(anonymous_9)
FNDA:0,attorn
FNDA:0,(anonymous_11)
FNDA:0,(anonymous_12)
FNDA:0,(anonymous_13)
FNDA:0,mounted
FNDA:0,render
FNDA:0,(anonymous_16)
FNDA:0,(anonymous_17)
FNDA:0,(anonymous_18)
FNDA:0,(anonymous_19)
FNDA:0,(anonymous_20)
FNDA:0,(anonymous_21)
FNDA:0,(anonymous_22)
FNDA:0,(anonymous_23)
FNDA:0,(anonymous_24)
FNDA:0,(anonymous_25)
FNDA:0,(anonymous_26)
FNDA:0,(anonymous_27)
FNDA:0,(anonymous_28)
DA:1,0
DA:4,0
DA:79,0
DA:83,0
DA:102,0
DA:103,0
DA:105,0
DA:106,0
DA:107,0
DA:109,0
DA:110,0
DA:111,0
DA:112,0
DA:113,0
DA:114,0
DA:117,0
DA:120,0
DA:124,0
DA:125,0
DA:127,0
DA:128,0
DA:129,0
DA:131,0
DA:132,0
DA:133,0
DA:134,0
DA:135,0
DA:136,0
DA:139,0
DA:142,0
DA:146,0
DA:147,0
DA:149,0
DA:150,0
DA:151,0
DA:152,0
DA:154,0
DA:155,0
DA:156,0
DA:157,0
DA:158,0
DA:159,0
DA:162,0
DA:165,0
DA:173,0
DA:174,0
DA:175,0
DA:176,0
LF:48
LH:0
BRDA:110,0,0,0
BRDA:110,0,1,0
BRDA:132,1,0,0
BRDA:132,1,1,0
BRDA:155,2,0,0
BRDA:155,2,1,0
BRDA:173,3,0,0
BRDA:173,3,1,0
BRDA:174,4,0,0
BRDA:174,4,1,0
BRDA:175,5,0,0
BRDA:175,5,1,0
BRF:12
BRH:0
end_of_record
TN:
SF:/Users/kphcdr/go/src/showdoc/web_src/src/components/item/setting/Index.vue
FN:1,(anonymous_0)
FN:24,_interopRequireDefault
FN:82,data
FN:89,get_item_info
FN:94,(anonymous_4)
FN:101,(anonymous_5)
FN:105,goback
FN:110,mounted
FN:111,beforeCreate
FN:115,beforeDestroy
FN:123,render
FNF:11
FNH:0
FNDA:0,(anonymous_0)
FNDA:0,_interopRequireDefault
FNDA:0,data
FNDA:0,get_item_info
FNDA:0,(anonymous_4)
FNDA:0,(anonymous_5)
FNDA:0,goback
FNDA:0,mounted
FNDA:0,beforeCreate
FNDA:0,beforeDestroy
FNDA:0,render
DA:1,0
DA:4,0
DA:8,0
DA:10,0
DA:12,0
DA:14,0
DA:16,0
DA:18,0
DA:20,0
DA:22,0
DA:24,0
DA:74,0
DA:83,0
DA:90,0
DA:91,0
DA:92,0
DA:93,0
DA:94,0
DA:95,0
DA:96,0
DA:97,0
DA:99,0
DA:102,0
DA:106,0
DA:113,0
DA:117,0
DA:121,0
DA:122,0
DA:123,0
DA:124,0
LF:30
LH:0
BRDA:24,0,0,0
BRDA:24,0,1,0
BRDA:24,1,0,0
BRDA:24,1,1,0
BRDA:95,2,0,0
BRDA:95,2,1,0
BRDA:121,3,0,0
BRDA:121,3,1,0
BRDA:122,4,0,0
BRDA:122,4,1,0
BRDA:123,5,0,0
BRDA:123,5,1,0
BRF:12
BRH:0
end_of_record
TN:
SF:/Users/kphcdr/go/src/showdoc/web_src/src/components/item/setting/Info.vue
FN:1,(anonymous_0)
FN:35,data
FN:42,get_item_info
FN:47,(anonymous_3)
FN:54,(anonymous_4)
FN:58,FormSubmit
FN:69,(anonymous_6)
FN:75,(anonymous_7)
FN:81,mounted
FN:88,render
FN:88,(anonymous_10)
FN:88,(anonymous_11)
FN:88,(anonymous_12)
FN:88,(anonymous_13)
FNF:14
FNH:0
FNDA:0,(anonymous_0)
FNDA:0,data
FNDA:0,get_item_info
FNDA:0,(anonymous_3)
FNDA:0,(anonymous_4)
FNDA:0,FormSubmit
FNDA:0,(anonymous_6)
FNDA:0,(anonymous_7)
FNDA:0,mounted
FNDA:0,render
FNDA:0,(anonymous_10)
FNDA:0,(anonymous_11)
FNDA:0,(anonymous_12)
FNDA:0,(anonymous_13)
DA:1,0
DA:4,0
DA:32,0
DA:36,0
DA:43,0
DA:44,0
DA:45,0
DA:46,0
DA:47,0
DA:48,0
DA:49,0
DA:50,0
DA:52,0
DA:55,0
DA:59,0
DA:60,0
DA:62,0
DA:63,0
DA:64,0
DA:65,0
DA:66,0
DA:67,0
DA:69,0
DA:70,0
DA:71,0
DA:73,0
DA:76,0
DA:82,0
DA:86,0
DA:87,0
DA:88,0
DA:89,0
LF:32
LH:0
BRDA:48,0,0,0
BRDA:48,0,1,0
BRDA:70,1,0,0
BRDA:70,1,1,0
BRDA:86,2,0,0
BRDA:86,2,1,0
BRDA:87,3,0,0
BRDA:87,3,1,0
BRDA:88,4,0,0
BRDA:88,4,1,0
BRF:10
BRH:0
end_of_record
TN:
SF:/Users/kphcdr/go/src/showdoc/web_src/src/components/item/setting/Member.vue
FN:1,(anonymous_0)
FN:64,data
FN:77,get_members
FN:82,(anonymous_3)
FN:89,(anonymous_4)
FN:93,MyFormSubmit
FN:106,(anonymous_6)
FN:113,(anonymous_7)
FN:117,delete_member
FN:125,(anonymous_9)
FN:130,(anonymous_10)
FN:141,mounted
FN:148,render
FN:148,(anonymous_13)
FN:148,(anonymous_14)
FN:148,(anonymous_15)
FN:148,(anonymous_16)
FN:148,(anonymous_17)
FN:148,(anonymous_18)
FN:148,(anonymous_19)
FNF:20
FNH:0
FNDA:0,(anonymous_0)
FNDA:0,data
FNDA:0,get_members
FNDA:0,(anonymous_3)
FNDA:0,(anonymous_4)
FNDA:0,MyFormSubmit
FNDA:0,(anonymous_6)
FNDA:0,(anonymous_7)
FNDA:0,delete_member
FNDA:0,(anonymous_9)
FNDA:0,(anonymous_10)
FNDA:0,mounted
FNDA:0,render
FNDA:0,(anonymous_13)
FNDA:0,(anonymous_14)
FNDA:0,(anonymous_15)
FNDA:0,(anonymous_16)
FNDA:0,(anonymous_17)
FNDA:0,(anonymous_18)
FNDA:0,(anonymous_19)
DA:1,0
DA:4,0
DA:61,0
DA:65,0
DA:78,0
DA:79,0
DA:80,0
DA:81,0
DA:82,0
DA:83,0
DA:84,0
DA:85,0
DA:87,0
DA:90,0
DA:94,0
DA:95,0
DA:97,0
DA:98,0
DA:99,0
DA:100,0
DA:101,0
DA:102,0
DA:104,0
DA:106,0
DA:107,0
DA:108,0
DA:109,0
DA:111,0
DA:114,0
DA:118,0
DA:119,0
DA:121,0
DA:126,0
DA:127,0
DA:128,0
DA:130,0
DA:131,0
DA:132,0
DA:134,0
DA:142,0
DA:146,0
DA:147,0
DA:148,0
DA:149,0
LF:44
LH:0
BRDA:83,0,0,0
BRDA:83,0,1,0
BRDA:101,1,0,0
BRDA:101,1,1,0
BRDA:107,2,0,0
BRDA:107,2,1,0
BRDA:131,3,0,0
BRDA:131,3,1,0
BRDA:146,4,0,0
BRDA:146,4,1,0
BRDA:147,5,0,0
BRDA:147,5,1,0
BRDA:148,6,0,0
BRDA:148,6,1,0
BRF:14
BRH:0
end_of_record
TN:
SF:/Users/kphcdr/go/src/showdoc/web_src/src/components/item/setting/OpenApi.vue
FN:1,(anonymous_0)
FN:38,data
FN:46,get_key_info
FN:51,(anonymous_3)
FN:59,(anonymous_4)
FN:63,resetKey
FN:70,(anonymous_6)
FN:76,(anonymous_7)
FN:82,mounted
FN:89,render
FN:89,(anonymous_10)
FN:89,(anonymous_11)
FNF:12
FNH:0
FNDA:0,(anonymous_0)
FNDA:0,data
FNDA:0,get_key_info
FNDA:0,(anonymous_3)
FNDA:0,(anonymous_4)
FNDA:0,resetKey
FNDA:0,(anonymous_6)
FNDA:0,(anonymous_7)
FNDA:0,mounted
FNDA:0,render
FNDA:0,(anonymous_10)
FNDA:0,(anonymous_11)
DA:1,0
DA:4,0
DA:35,0
DA:39,0
DA:47,0
DA:48,0
DA:49,0
DA:50,0
DA:51,0
DA:52,0
DA:53,0
DA:54,0
DA:55,0
DA:57,0
DA:60,0
DA:64,0
DA:65,0
DA:67,0
DA:68,0
DA:70,0
DA:71,0
DA:72,0
DA:74,0
DA:77,0
DA:83,0
DA:87,0
DA:88,0
DA:89,0
DA:90,0
LF:29
LH:0
BRDA:52,0,0,0
BRDA:52,0,1,0
BRDA:71,1,0,0
BRDA:71,1,1,0
BRDA:87,2,0,0
BRDA:87,2,1,0
BRDA:88,3,0,0
BRDA:88,3,1,0
BRDA:89,4,0,0
BRDA:89,4,1,0
BRF:10
BRH:0
end_of_record
TN:
SF:/Users/kphcdr/go/src/showdoc/web_src/src/components/item/show/Index.vue
FN:1,(anonymous_0)
FN:16,_interopRequireDefault
FN:41,data
FN:53,get_item_menu
FN:70,(anonymous_4)
FN:100,(anonymous_5)
FN:104,search_item
FN:109,mounted
FN:112,beforeDestroy
FN:121,render
FNF:10
FNH:0
FNDA:0,(anonymous_0)
FNDA:0,_interopRequireDefault
FNDA:0,data
FNDA:0,get_item_menu
FNDA:0,(anonymous_4)
FNDA:0,(anonymous_5)
FNDA:0,search_item
FNDA:0,mounted
FNDA:0,beforeDestroy
FNDA:0,render
DA:1,0
DA:4,0
DA:8,0
DA:10,0
DA:12,0
DA:14,0
DA:16,0
DA:40,0
DA:42,0
DA:54,0
DA:55,0
DA:57,0
DA:58,0
DA:59,0
DA:60,0
DA:62,0
DA:64,0
DA:65,0
DA:66,0
DA:67,0
DA:68,0
DA:70,0
DA:71,0
DA:72,0
DA:73,0
DA:74,0
DA:75,0
DA:76,0
DA:79,0
DA:81,0
DA:82,0
DA:89,0
DA:91,0
DA:96,0
DA:100,0
DA:101,0
DA:105,0
DA:106,0
DA:110,0
DA:113,0
DA:115,0
DA:119,0
DA:120,0
DA:121,0
DA:122,0
LF:45
LH:0
BRDA:16,0,0,0
BRDA:16,0,1,0
BRDA:16,1,0,0
BRDA:16,1,1,0
BRDA:54,2,0,0
BRDA:54,2,1,0
BRDA:59,3,0,0
BRDA:59,3,1,0
BRDA:60,4,0,0
BRDA:60,4,1,0
BRDA:67,5,0,0
BRDA:67,5,1,0
BRDA:72,6,0,0
BRDA:72,6,1,0
BRDA:74,7,0,0
BRDA:74,7,1,0
BRDA:75,8,0,0
BRDA:75,8,1,0
BRDA:81,9,0,0
BRDA:81,9,1,0
BRDA:89,10,0,0
BRDA:89,10,1,0
BRDA:89,11,0,0
BRDA:89,11,1,0
BRDA:119,12,0,0
BRDA:119,12,1,0
BRDA:120,13,0,0
BRDA:120,13,1,0
BRDA:121,14,0,0
BRDA:121,14,1,0
BRDA:121,15,0,0
BRDA:121,15,1,0
BRDA:121,16,0,0
BRDA:121,16,1,0
BRDA:121,17,0,0
BRDA:121,17,1,0
BRDA:121,18,0,0
BRDA:121,18,1,0
BRF:38
BRH:0
end_of_record
TN:
SF:/Users/kphcdr/go/src/showdoc/web_src/src/components/item/show/show_regular_item/Index.vue
FN:1,(anonymous_0)
FN:24,_interopRequireDefault
FN:119,data
FN:140,get_page_content
FN:148,(anonymous_4)
FN:157,(anonymous_5)
FN:166,(anonymous_6)
FN:174,dropdown_callback
FN:179,share_item
FN:186,AdaptToMobile
FN:190,show_menu
FN:198,hide_menu
FN:206,switch_menu
FN:215,mounted
FN:220,(anonymous_14)
FN:229,render
FN:229,(anonymous_16)
FN:229,(anonymous_17)
FNF:18
FNH:0
FNDA:0,(anonymous_0)
FNDA:0,_interopRequireDefault
FNDA:0,data
FNDA:0,get_page_content
FNDA:0,(anonymous_4)
FNDA:0,(anonymous_5)
FNDA:0,(anonymous_6)
FNDA:0,dropdown_callback
FNDA:0,share_item
FNDA:0,AdaptToMobile
FNDA:0,show_menu
FNDA:0,hide_menu
FNDA:0,switch_menu
FNDA:0,mounted
FNDA:0,(anonymous_14)
FNDA:0,render
FNDA:0,(anonymous_16)
FNDA:0,(anonymous_17)
DA:1,0
DA:4,0
DA:8,0
DA:10,0
DA:12,0
DA:14,0
DA:16,0
DA:18,0
DA:20,0
DA:22,0
DA:24,0
DA:114,0
DA:120,0
DA:141,0
DA:143,0
DA:144,0
DA:147,0
DA:148,0
DA:149,0
DA:152,0
DA:153,0
DA:155,0
DA:156,0
DA:157,0
DA:159,0
DA:160,0
DA:162,0
DA:163,0
DA:165,0
DA:166,0
DA:167,0
DA:175,0
DA:176,0
DA:180,0
DA:181,0
DA:182,0
DA:187,0
DA:188,0
DA:191,0
DA:192,0
DA:193,0
DA:194,0
DA:195,0
DA:196,0
DA:199,0
DA:200,0
DA:201,0
DA:202,0
DA:203,0
DA:204,0
DA:207,0
DA:208,0
DA:209,0
DA:211,0
DA:216,0
DA:219,0
DA:220,0
DA:221,0
DA:227,0
DA:228,0
DA:229,0
DA:230,0
LF:62
LH:0
BRDA:24,0,0,0
BRDA:24,0,1,0
BRDA:24,1,0,0
BRDA:24,1,1,0
BRDA:143,2,0,0
BRDA:143,2,1,0
BRDA:147,3,0,0
BRDA:147,3,1,0
BRDA:147,4,0,0
BRDA:147,4,1,0
BRDA:159,5,0,0
BRDA:159,5,1,0
BRDA:175,6,0,0
BRDA:175,6,1,0
BRDA:208,7,0,0
BRDA:208,7,1,0
BRDA:219,8,0,0
BRDA:219,8,1,0
BRDA:219,9,0,0
BRDA:219,9,1,0
BRDA:227,10,0,0
BRDA:227,10,1,0
BRDA:228,11,0,0
BRDA:228,11,1,0
BRDA:229,12,0,0
BRDA:229,12,1,0
BRDA:229,13,0,0
BRDA:229,13,1,0
BRDA:229,14,0,0
BRDA:229,14,1,0
BRDA:229,15,0,0
BRDA:229,15,1,0
BRDA:229,16,0,0
BRDA:229,16,1,0
BRDA:229,17,0,0
BRDA:229,17,1,0
BRDA:229,18,0,0
BRDA:229,18,1,0
BRDA:229,19,0,0
BRDA:229,19,1,0
BRDA:229,20,0,0
BRDA:229,20,1,0
BRDA:229,20,2,0
BRDA:229,21,0,0
BRDA:229,21,1,0
BRF:45
BRH:0
end_of_record
TN:
SF:/Users/kphcdr/go/src/showdoc/web_src/src/components/item/show/show_regular_item/LeftMenu.vue
FN:1,(anonymous_0)
FN:12,_interopRequireDefault
FN:20,data
FN:33,select_menu
FN:37,new_page
FN:41,mamage_catalog
FN:48,change_url
FN:57,input_keyword
FN:61,mounted
FN:137,render
FN:137,(anonymous_10)
FN:137,(anonymous_11)
FN:137,(anonymous_12)
FN:137,(anonymous_13)
FN:137,(anonymous_14)
FN:137,(anonymous_15)
FN:137,(anonymous_16)
FNF:17
FNH:0
FNDA:0,(anonymous_0)
FNDA:0,_interopRequireDefault
FNDA:0,data
FNDA:0,select_menu
FNDA:0,new_page
FNDA:0,mamage_catalog
FNDA:0,change_url
FNDA:0,input_keyword
FNDA:0,mounted
FNDA:0,render
FNDA:0,(anonymous_10)
FNDA:0,(anonymous_11)
FNDA:0,(anonymous_12)
FNDA:0,(anonymous_13)
FNDA:0,(anonymous_14)
FNDA:0,(anonymous_15)
FNDA:0,(anonymous_16)
DA:1,0
DA:4,0
DA:8,0
DA:10,0
DA:12,0
DA:14,0
DA:21,0
DA:34,0
DA:35,0
DA:38,0
DA:39,0
DA:42,0
DA:43,0
DA:49,0
DA:50,0
DA:51,0
DA:52,0
DA:58,0
DA:62,0
DA:63,0
DA:64,0
DA:66,0
DA:67,0
DA:68,0
DA:69,0
DA:70,0
DA:71,0
DA:135,0
DA:136,0
DA:137,0
DA:138,0
LF:31
LH:0
BRDA:12,0,0,0
BRDA:12,0,1,0
BRDA:12,1,0,0
BRDA:12,1,1,0
BRDA:51,2,0,0
BRDA:51,2,1,0
BRDA:66,3,0,0
BRDA:66,3,1,0
BRDA:68,4,0,0
BRDA:68,4,1,0
BRDA:70,5,0,0
BRDA:70,5,1,0
BRDA:135,6,0,0
BRDA:135,6,1,0
BRDA:136,7,0,0
BRDA:136,7,1,0
BRDA:137,8,0,0
BRDA:137,8,1,0
BRDA:137,9,0,0
BRDA:137,9,1,0
BRDA:137,10,0,0
BRDA:137,10,1,0
BRDA:137,11,0,0
BRDA:137,11,1,0
BRDA:137,12,0,0
BRDA:137,12,1,0
BRDA:137,13,0,0
BRDA:137,13,1,0
BRDA:137,14,0,0
BRDA:137,14,1,0
BRDA:137,15,0,0
BRDA:137,15,1,0
BRDA:137,16,0,0
BRDA:137,16,1,0
BRDA:137,17,0,0
BRDA:137,17,1,0
BRF:36
BRH:0
end_of_record
TN:
SF:/Users/kphcdr/go/src/showdoc/web_src/src/components/item/show/show_regular_item/PageBar.vue
FN:1,(anonymous_0)
FN:78,data
FN:91,edit_page
FN:96,share_page
FN:104,dropdown_callback
FN:109,show_page_info
FN:113,delete_page
FN:122,(anonymous_7)
FN:125,(anonymous_8)
FN:135,mounted
FN:137,(anonymous_10)
FN:157,render
FN:157,(anonymous_12)
FN:157,(anonymous_13)
FNF:14
FNH:0
FNDA:0,(anonymous_0)
FNDA:0,data
FNDA:0,edit_page
FNDA:0,share_page
FNDA:0,dropdown_callback
FNDA:0,show_page_info
FNDA:0,delete_page
FNDA:0,(anonymous_7)
FNDA:0,(anonymous_8)
FNDA:0,mounted
FNDA:0,(anonymous_10)
FNDA:0,render
FNDA:0,(anonymous_12)
FNDA:0,(anonymous_13)
DA:1,0
DA:4,0
DA:72,0
DA:79,0
DA:92,0
DA:93,0
DA:94,0
DA:97,0
DA:98,0
DA:99,0
DA:100,0
DA:101,0
DA:102,0
DA:105,0
DA:106,0
DA:110,0
DA:111,0
DA:114,0
DA:115,0
DA:116,0
DA:118,0
DA:123,0
DA:124,0
DA:125,0
DA:126,0
DA:127,0
DA:129,0
DA:136,0
DA:137,0
DA:139,0
DA:140,0
DA:142,0
DA:143,0
DA:146,0
DA:148,0
DA:149,0
DA:155,0
DA:156,0
DA:157,0
DA:158,0
LF:40
LH:0
BRDA:92,0,0,0
BRDA:92,0,1,0
BRDA:97,1,0,0
BRDA:97,1,1,0
BRDA:105,2,0,0
BRDA:105,2,1,0
BRDA:114,3,0,0
BRDA:114,3,1,0
BRDA:126,4,0,0
BRDA:126,4,1,0
BRDA:139,5,0,0
BRDA:139,5,1,0
BRDA:140,6,0,0
BRDA:140,6,1,0
BRDA:140,7,0,0
BRDA:140,7,1,0
BRDA:146,8,0,0
BRDA:146,8,1,0
BRDA:146,9,0,0
BRDA:146,9,1,0
BRDA:155,10,0,0
BRDA:155,10,1,0
BRDA:156,11,0,0
BRDA:156,11,1,0
BRDA:157,12,0,0
BRDA:157,12,1,0
BRF:26
BRH:0
end_of_record
TN:
SF:/Users/kphcdr/go/src/showdoc/web_src/src/components/item/show/show_single_page_item/Index.vue
FN:1,(anonymous_0)
FN:16,_interopRequireDefault
FN:152,data
FN:169,get_page_content
FN:177,(anonymous_4)
FN:185,(anonymous_5)
FN:189,edit_page
FN:194,share_item
FN:199,AdaptToMobile
FN:207,mounted
FN:216,(anonymous_10)
FN:225,render
FN:225,(anonymous_12)
FN:225,(anonymous_13)
FNF:14
FNH:0
FNDA:0,(anonymous_0)
FNDA:0,_interopRequireDefault
FNDA:0,data
FNDA:0,get_page_content
FNDA:0,(anonymous_4)
FNDA:0,(anonymous_5)
FNDA:0,edit_page
FNDA:0,share_item
FNDA:0,AdaptToMobile
FNDA:0,mounted
FNDA:0,(anonymous_10)
FNDA:0,render
FNDA:0,(anonymous_12)
FNDA:0,(anonymous_13)
DA:1,0
DA:4,0
DA:8,0
DA:10,0
DA:12,0
DA:14,0
DA:16,0
DA:148,0
DA:153,0
DA:170,0
DA:171,0
DA:172,0
DA:173,0
DA:175,0
DA:176,0
DA:177,0
DA:178,0
DA:180,0
DA:181,0
DA:183,0
DA:186,0
DA:190,0
DA:191,0
DA:192,0
DA:195,0
DA:196,0
DA:197,0
DA:200,0
DA:201,0
DA:202,0
DA:203,0
DA:204,0
DA:208,0
DA:210,0
DA:211,0
DA:212,0
DA:215,0
DA:216,0
DA:217,0
DA:223,0
DA:224,0
DA:225,0
DA:226,0
LF:43
LH:0
BRDA:16,0,0,0
BRDA:16,0,1,0
BRDA:16,1,0,0
BRDA:16,1,1,0
BRDA:172,2,0,0
BRDA:172,2,1,0
BRDA:178,3,0,0
BRDA:178,3,1,0
BRDA:190,4,0,0
BRDA:190,4,1,0
BRDA:215,5,0,0
BRDA:215,5,1,0
BRDA:215,6,0,0
BRDA:215,6,1,0
BRDA:223,7,0,0
BRDA:223,7,1,0
BRDA:224,8,0,0
BRDA:224,8,1,0
BRDA:225,9,0,0
BRDA:225,9,1,0
BRDA:225,10,0,0
BRDA:225,10,1,0
BRDA:225,11,0,0
BRDA:225,11,1,0
BRDA:225,12,0,0
BRDA:225,12,1,0
BRDA:225,13,0,0
BRDA:225,13,1,0
BRDA:225,14,0,0
BRDA:225,14,1,0
BRF:30
BRH:0
end_of_record
TN:
SF:/Users/kphcdr/go/src/showdoc/web_src/src/components/notice/Index.vue
FN:1,(anonymous_0)
FN:72,data
FN:80,getList
FN:88,(anonymous_3)
FN:101,show_notice
FN:113,(anonymous_5)
FN:121,delete_notice
FN:130,(anonymous_7)
FN:133,(anonymous_8)
FN:142,feedback
FN:147,mounted
FN:150,beforeCreate
FN:154,beforeDestroy
FN:162,render
FN:162,(anonymous_14)
FN:162,(anonymous_15)
FN:162,(anonymous_16)
FN:162,(anonymous_17)
FNF:18
FNH:0
FNDA:0,(anonymous_0)
FNDA:0,data
FNDA:0,getList
FNDA:0,(anonymous_3)
FNDA:0,show_notice
FNDA:0,(anonymous_5)
FNDA:0,delete_notice
FNDA:0,(anonymous_7)
FNDA:0,(anonymous_8)
FNDA:0,feedback
FNDA:0,mounted
FNDA:0,beforeCreate
FNDA:0,beforeDestroy
FNDA:0,render
FNDA:0,(anonymous_14)
FNDA:0,(anonymous_15)
FNDA:0,(anonymous_16)
FNDA:0,(anonymous_17)
DA:1,0
DA:4,0
DA:69,0
DA:73,0
DA:81,0
DA:82,0
DA:84,0
DA:85,0
DA:86,0
DA:87,0
DA:88,0
DA:89,0
DA:90,0
DA:91,0
DA:92,0
DA:94,0
DA:97,0
DA:102,0
DA:103,0
DA:104,0
DA:106,0
DA:110,0
DA:111,0
DA:112,0
DA:113,0
DA:114,0
DA:115,0
DA:117,0
DA:122,0
DA:123,0
DA:124,0
DA:126,0
DA:131,0
DA:132,0
DA:133,0
DA:134,0
DA:135,0
DA:137,0
DA:143,0
DA:148,0
DA:152,0
DA:156,0
DA:160,0
DA:161,0
DA:162,0
DA:163,0
LF:46
LH:0
BRDA:81,0,0,0
BRDA:81,0,1,0
BRDA:89,1,0,0
BRDA:89,1,1,0
BRDA:91,2,0,0
BRDA:91,2,1,0
BRDA:114,3,0,0
BRDA:114,3,1,0
BRDA:134,4,0,0
BRDA:134,4,1,0
BRDA:160,5,0,0
BRDA:160,5,1,0
BRDA:161,6,0,0
BRDA:161,6,1,0
BRDA:162,7,0,0
BRDA:162,7,1,0
BRDA:162,8,0,0
BRDA:162,8,1,0
BRF:18
BRH:0
end_of_record
TN:
SF:/Users/kphcdr/go/src/showdoc/web_src/src/components/page/Diff.vue
FN:1,(anonymous_0)
FN:72,data
FN:81,get_content
FN:87,(anonymous_3)
FN:92,(anonymous_4)
FN:98,(anonymous_5)
FN:102,diffUsingJS
FN:106,byId
FN:127,mounted
FN:130,(anonymous_9)
FN:139,render
FNF:11
FNH:0
FNDA:0,(anonymous_0)
FNDA:0,data
FNDA:0,get_content
FNDA:0,(anonymous_3)
FNDA:0,(anonymous_4)
FNDA:0,(anonymous_5)
FNDA:0,diffUsingJS
FNDA:0,byId
FNDA:0,mounted
FNDA:0,(anonymous_9)
FNDA:0,render
DA:1,0
DA:4,0
DA:65,0
DA:66,0
DA:68,0
DA:73,0
DA:82,0
DA:83,0
DA:84,0
DA:85,0
DA:86,0
DA:87,0
DA:88,0
DA:89,0
DA:90,0
DA:91,0
DA:92,0
DA:93,0
DA:96,0
DA:99,0
DA:105,0
DA:106,0
DA:107,0
DA:109,0
DA:110,0
DA:111,0
DA:112,0
DA:113,0
DA:115,0
DA:117,0
DA:128,0
DA:130,0
DA:132,0
DA:137,0
DA:138,0
DA:139,0
DA:140,0
LF:37
LH:0
BRDA:65,0,0,0
BRDA:65,0,1,0
BRDA:88,1,0,0
BRDA:88,1,1,0
BRDA:137,2,0,0
BRDA:137,2,1,0
BRDA:138,3,0,0
BRDA:138,3,1,0
BRDA:139,4,0,0
BRDA:139,4,1,0
BRF:10
BRH:0
end_of_record
TN:
SF:/Users/kphcdr/go/src/showdoc/web_src/src/components/page/Index.vue
FN:1,(anonymous_0)
FN:16,_interopRequireDefault
FN:116,data
FN:130,get_page_content
FN:137,(anonymous_4)
FN:153,AdaptToMobile
FN:161,mounted
FN:167,(anonymous_7)
FN:174,beforeDestroy
FN:182,render
FNF:10
FNH:0
FNDA:0,(anonymous_0)
FNDA:0,_interopRequireDefault
FNDA:0,data
FNDA:0,get_page_content
FNDA:0,(anonymous_4)
FNDA:0,AdaptToMobile
FNDA:0,mounted
FNDA:0,(anonymous_7)
FNDA:0,beforeDestroy
FNDA:0,render
DA:1,0
DA:4,0
DA:8,0
DA:10,0
DA:12,0
DA:14,0
DA:16,0
DA:115,0
DA:117,0
DA:131,0
DA:132,0
DA:133,0
DA:135,0
DA:136,0
DA:137,0
DA:138,0
DA:140,0
DA:141,0
DA:142,0
DA:144,0
DA:149,0
DA:154,0
DA:155,0
DA:156,0
DA:157,0
DA:158,0
DA:162,0
DA:164,0
DA:166,0
DA:167,0
DA:168,0
DA:172,0
DA:176,0
DA:180,0
DA:181,0
DA:182,0
DA:183,0
LF:37
LH:0
BRDA:16,0,0,0
BRDA:16,0,1,0
BRDA:16,1,0,0
BRDA:16,1,1,0
BRDA:138,2,0,0
BRDA:138,2,1,0
BRDA:142,3,0,0
BRDA:142,3,1,0
BRDA:142,4,0,0
BRDA:142,4,1,0
BRDA:166,5,0,0
BRDA:166,5,1,0
BRDA:166,6,0,0
BRDA:166,6,1,0
BRDA:180,7,0,0
BRDA:180,7,1,0
BRDA:181,8,0,0
BRDA:181,8,1,0
BRDA:182,9,0,0
BRDA:182,9,1,0
BRDA:182,10,0,0
BRDA:182,10,1,0
BRF:22
BRH:0
end_of_record
TN:
SF:/Users/kphcdr/go/src/showdoc/web_src/src/components/page/edit/HistoryVersion.vue
FN:1,(anonymous_0)
FN:46,data
FN:56,get_content
FN:61,(anonymous_3)
FN:76,(anonymous_4)
FN:80,show
FN:83,recover
FN:87,preview_diff
FN:94,mounted
FN:99,render
FN:99,(anonymous_10)
FN:99,(anonymous_11)
FN:99,(anonymous_12)
FN:99,(anonymous_13)
FNF:14
FNH:0
FNDA:0,(anonymous_0)
FNDA:0,data
FNDA:0,get_content
FNDA:0,(anonymous_3)
FNDA:0,(anonymous_4)
FNDA:0,show
FNDA:0,recover
FNDA:0,preview_diff
FNDA:0,mounted
FNDA:0,render
FNDA:0,(anonymous_10)
FNDA:0,(anonymous_11)
FNDA:0,(anonymous_12)
FNDA:0,(anonymous_13)
DA:1,0
DA:4,0
DA:42,0
DA:47,0
DA:57,0
DA:58,0
DA:59,0
DA:60,0
DA:61,0
DA:62,0
DA:64,0
DA:65,0
DA:66,0
DA:67,0
DA:69,0
DA:70,0
DA:73,0
DA:74,0
DA:77,0
DA:81,0
DA:84,0
DA:85,0
DA:88,0
DA:89,0
DA:90,0
DA:91,0
DA:97,0
DA:98,0
DA:99,0
DA:100,0
LF:30
LH:0
BRDA:62,0,0,0
BRDA:62,0,1,0
BRDA:65,1,0,0
BRDA:65,1,1,0
BRDA:97,2,0,0
BRDA:97,2,1,0
BRDA:98,3,0,0
BRDA:98,3,1,0
BRDA:99,4,0,0
BRDA:99,4,1,0
BRF:10
BRH:0
end_of_record
TN:
SF:/Users/kphcdr/go/src/showdoc/web_src/src/components/page/edit/Index.vue
FN:1,(anonymous_0)
FN:28,_interopRequireDefault
FN:31,data
FN:58,get_page_content
FN:66,(anonymous_4)
FN:76,(anonymous_5)
FN:83,get_cat2
FN:88,(anonymous_7)
FN:100,get_cat3
FN:105,(anonymous_9)
FN:120,get_default_cat
FN:127,(anonymous_11)
FN:132,(anonymous_12)
FN:142,insertValue
FN:155,insert_api_template
FN:161,insert_database_template
FN:167,ShowJsonToTable
FN:173,ShowJsonBeautify
FN:177,ShowRunApi
FN:182,ShowTemplateList
FN:189,ShowHistoryVersion
FN:193,save
FN:215,(anonymous_22)
FN:226,(anonymous_23)
FN:230,goback
FN:234,dropdown_callback
FN:241,save_to_template
FN:245,(anonymous_27)
FN:250,(anonymous_28)
FN:262,on_paste
FN:265,(anonymous_30)
FN:274,callback
FN:306,beforeSend
FN:309,error
FN:312,success
FN:323,mounted
FN:340,(anonymous_36)
FN:525,render
FN:525,(anonymous_38)
FN:525,(anonymous_39)
FN:525,(anonymous_40)
FN:525,(anonymous_41)
FN:525,(anonymous_42)
FN:525,(anonymous_43)
FN:525,(anonymous_44)
FN:525,(anonymous_45)
FN:525,(anonymous_46)
FNF:47
FNH:0
FNDA:0,(anonymous_0)
FNDA:0,_interopRequireDefault
FNDA:0,data
FNDA:0,get_page_content
FNDA:0,(anonymous_4)
FNDA:0,(anonymous_5)
FNDA:0,get_cat2
FNDA:0,(anonymous_7)
FNDA:0,get_cat3
FNDA:0,(anonymous_9)
FNDA:0,get_default_cat
FNDA:0,(anonymous_11)
FNDA:0,(anonymous_12)
FNDA:0,insertValue
FNDA:0,insert_api_template
FNDA:0,insert_database_template
FNDA:0,ShowJsonToTable
FNDA:0,ShowJsonBeautify
FNDA:0,ShowRunApi
FNDA:0,ShowTemplateList
FNDA:0,ShowHistoryVersion
FNDA:0,save
FNDA:0,(anonymous_22)
FNDA:0,(anonymous_23)
FNDA:0,goback
FNDA:0,dropdown_callback
FNDA:0,save_to_template
FNDA:0,(anonymous_27)
FNDA:0,(anonymous_28)
FNDA:0,on_paste
FNDA:0,(anonymous_30)
FNDA:0,callback
FNDA:0,beforeSend
FNDA:0,error
FNDA:0,success
FNDA:0,mounted
FNDA:0,(anonymous_36)
FNDA:0,render
FNDA:0,(anonymous_38)
FNDA:0,(anonymous_39)
FNDA:0,(anonymous_40)
FNDA:0,(anonymous_41)
FNDA:0,(anonymous_42)
FNDA:0,(anonymous_43)
FNDA:0,(anonymous_44)
FNDA:0,(anonymous_45)
FNDA:0,(anonymous_46)
DA:1,0
DA:4,0
DA:8,0
DA:10,0
DA:12,0
DA:14,0
DA:16,0
DA:18,0
DA:20,0
DA:22,0
DA:24,0
DA:26,0
DA:28,0
DA:30,0
DA:32,0
DA:59,0
DA:60,0
DA:62,0
DA:63,0
DA:64,0
DA:65,0
DA:66,0
DA:67,0
DA:69,0
DA:70,0
DA:71,0
DA:72,0
DA:74,0
DA:77,0
DA:84,0
DA:85,0
DA:86,0
DA:87,0
DA:88,0
DA:89,0
DA:91,0
DA:92,0
DA:94,0
DA:101,0
DA:102,0
DA:103,0
DA:104,0
DA:105,0
DA:106,0
DA:108,0
DA:109,0
DA:110,0
DA:111,0
DA:114,0
DA:121,0
DA:122,0
DA:123,0
DA:124,0
DA:125,0
DA:127,0
DA:128,0
DA:130,0
DA:131,0
DA:132,0
DA:133,0
DA:136,0
DA:143,0
DA:144,0
DA:145,0
DA:147,0
DA:149,0
DA:156,0
DA:162,0
DA:168,0
DA:169,0
DA:174,0
DA:175,0
DA:178,0
DA:183,0
DA:184,0
DA:190,0
DA:191,0
DA:194,0
DA:195,0
DA:196,0
DA:197,0
DA:198,0
DA:199,0
DA:200,0
DA:202,0
DA:203,0
DA:205,0
DA:206,0
DA:207,0
DA:208,0
DA:209,0
DA:210,0
DA:211,0
DA:212,0
DA:213,0
DA:214,0
DA:215,0
DA:216,0
DA:217,0
DA:219,0
DA:220,0
DA:222,0
DA:226,0
DA:227,0
DA:231,0
DA:232,0
DA:235,0
DA:236,0
DA:242,0
DA:243,0
DA:244,0
DA:245,0
DA:246,0
DA:247,0
DA:248,0
DA:249,0
DA:250,0
DA:251,0
DA:252,0
DA:254,0
DA:263,0
DA:264,0
DA:265,0
DA:266,0
DA:267,0
DA:268,0
DA:269,0
DA:270,0
DA:271,0
DA:272,0
DA:273,0
DA:274,0
DA:275,0
DA:276,0
DA:279,0
DA:280,0
DA:283,0
DA:284,0
DA:285,0
DA:288,0
DA:289,0
DA:290,0
DA:291,0
DA:293,0
DA:296,0
DA:299,0
DA:307,0
DA:310,0
DA:313,0
DA:316,0
DA:324,0
DA:325,0
DA:326,0
DA:328,0
DA:329,0
DA:330,0
DA:331,0
DA:333,0
DA:334,0
DA:336,0
DA:338,0
DA:340,0
DA:342,0
DA:343,0
DA:345,0
DA:346,0
DA:523,0
DA:524,0
DA:525,0
DA:526,0
LF:170
LH:0
BRDA:28,0,0,0
BRDA:28,0,1,0
BRDA:28,1,0,0
BRDA:28,1,1,0
BRDA:59,2,0,0
BRDA:59,2,1,0
BRDA:67,3,0,0
BRDA:67,3,1,0
BRDA:89,4,0,0
BRDA:89,4,1,0
BRDA:106,5,0,0
BRDA:106,5,1,0
BRDA:110,6,0,0
BRDA:110,6,1,0
BRDA:128,7,0,0
BRDA:128,7,1,0
BRDA:143,8,0,0
BRDA:143,8,1,0
BRDA:145,9,0,0
BRDA:145,9,1,0
BRDA:199,10,0,0
BRDA:199,10,1,0
BRDA:202,11,0,0
BRDA:202,11,1,0
BRDA:217,12,0,0
BRDA:217,12,1,0
BRDA:235,13,0,0
BRDA:235,13,1,0
BRDA:251,14,0,0
BRDA:251,14,1,0
BRDA:268,15,0,0
BRDA:268,15,1,0
BRDA:268,16,0,0
BRDA:268,16,1,0
BRDA:275,17,0,0
BRDA:275,17,1,0
BRDA:276,18,0,0
BRDA:276,18,1,0
BRDA:276,18,2,0
BRDA:289,19,0,0
BRDA:289,19,1,0
BRDA:326,20,0,0
BRDA:326,20,1,0
BRDA:328,21,0,0
BRDA:328,21,1,0
BRDA:330,22,0,0
BRDA:330,22,1,0
BRDA:342,23,0,0
BRDA:342,23,1,0
BRDA:343,24,0,0
BRDA:343,24,1,0
BRDA:343,25,0,0
BRDA:343,25,1,0
BRDA:523,26,0,0
BRDA:523,26,1,0
BRDA:524,27,0,0
BRDA:524,27,1,0
BRDA:525,28,0,0
BRDA:525,28,1,0
BRDA:525,29,0,0
BRDA:525,29,1,0
BRDA:525,30,0,0
BRDA:525,30,1,0
BRDA:525,31,0,0
BRDA:525,31,1,0
BRF:65
BRH:0
end_of_record
TN:
SF:/Users/kphcdr/go/src/showdoc/web_src/src/components/page/edit/TemplateList.vue
FN:1,(anonymous_0)
FN:46,data
FN:56,get_content
FN:61,(anonymous_3)
FN:76,(anonymous_4)
FN:80,show
FN:83,insertTemplate
FN:87,deleteTemplate
FN:93,(anonymous_8)
FN:99,(anonymous_9)
FN:104,mounted
FN:109,render
FN:109,(anonymous_12)
FN:109,(anonymous_13)
FN:109,(anonymous_14)
FN:109,(anonymous_15)
FNF:16
FNH:0
FNDA:0,(anonymous_0)
FNDA:0,data
FNDA:0,get_content
FNDA:0,(anonymous_3)
FNDA:0,(anonymous_4)
FNDA:0,show
FNDA:0,insertTemplate
FNDA:0,deleteTemplate
FNDA:0,(anonymous_8)
FNDA:0,(anonymous_9)
FNDA:0,mounted
FNDA:0,render
FNDA:0,(anonymous_12)
FNDA:0,(anonymous_13)
FNDA:0,(anonymous_14)
FNDA:0,(anonymous_15)
DA:1,0
DA:4,0
DA:42,0
DA:47,0
DA:57,0
DA:58,0
DA:59,0
DA:61,0
DA:62,0
DA:64,0
DA:65,0
DA:66,0
DA:67,0
DA:69,0
DA:70,0
DA:73,0
DA:74,0
DA:77,0
DA:81,0
DA:84,0
DA:85,0
DA:88,0
DA:89,0
DA:90,0
DA:91,0
DA:92,0
DA:93,0
DA:94,0
DA:95,0
DA:97,0
DA:100,0
DA:107,0
DA:108,0
DA:109,0
DA:110,0
LF:35
LH:0
BRDA:62,0,0,0
BRDA:62,0,1,0
BRDA:65,1,0,0
BRDA:65,1,1,0
BRDA:94,2,0,0
BRDA:94,2,1,0
BRDA:107,3,0,0
BRDA:107,3,1,0
BRDA:108,4,0,0
BRDA:108,4,1,0
BRDA:109,5,0,0
BRDA:109,5,1,0
BRF:12
BRH:0
end_of_record
TN:
SF:/Users/kphcdr/go/src/showdoc/web_src/src/components/user/Login.vue
FN:1,(anonymous_0)
FN:52,data
FN:63,onSubmit
FN:72,(anonymous_3)
FN:88,change_v_code_img
FN:93,mounted
FN:97,beforeDestroy
FN:105,render
FN:105,(anonymous_8)
FN:105,(anonymous_9)
FN:105,(anonymous_10)
FNF:11
FNH:0
FNDA:0,(anonymous_0)
FNDA:0,data
FNDA:0,onSubmit
FNDA:0,(anonymous_3)
FNDA:0,change_v_code_img
FNDA:0,mounted
FNDA:0,beforeDestroy
FNDA:0,render
FNDA:0,(anonymous_8)
FNDA:0,(anonymous_9)
FNDA:0,(anonymous_10)
DA:1,0
DA:4,0
DA:49,0
DA:53,0
DA:65,0
DA:66,0
DA:67,0
DA:68,0
DA:69,0
DA:70,0
DA:72,0
DA:73,0
DA:75,0
DA:76,0
DA:80,0
DA:81,0
DA:82,0
DA:84,0
DA:89,0
DA:90,0
DA:95,0
DA:99,0
DA:103,0
DA:104,0
DA:105,0
DA:106,0
LF:26
LH:0
BRDA:73,0,0,0
BRDA:73,0,1,0
BRDA:75,1,0,0
BRDA:75,1,1,0
BRDA:80,2,0,0
BRDA:80,2,1,0
BRDA:80,3,0,0
BRDA:80,3,1,0
BRDA:103,4,0,0
BRDA:103,4,1,0
BRDA:104,5,0,0
BRDA:104,5,1,0
BRDA:105,6,0,0
BRDA:105,6,1,0
BRDA:105,7,0,0
BRDA:105,7,1,0
BRF:16
BRH:0
end_of_record
TN:
SF:/Users/kphcdr/go/src/showdoc/web_src/src/components/user/Register.vue
FN:1,(anonymous_0)
FN:56,data
FN:67,onSubmit
FN:78,(anonymous_3)
FN:87,change_v_code_img
FN:92,mounted
FN:96,beforeDestroy
FN:104,render
FN:104,(anonymous_8)
FN:104,(anonymous_9)
FN:104,(anonymous_10)
FN:104,(anonymous_11)
FNF:12
FNH:0
FNDA:0,(anonymous_0)
FNDA:0,data
FNDA:0,onSubmit
FNDA:0,(anonymous_3)
FNDA:0,change_v_code_img
FNDA:0,mounted
FNDA:0,beforeDestroy
FNDA:0,render
FNDA:0,(anonymous_8)
FNDA:0,(anonymous_9)
FNDA:0,(anonymous_10)
FNDA:0,(anonymous_11)
DA:1,0
DA:4,0
DA:53,0
DA:57,0
DA:69,0
DA:70,0
DA:72,0
DA:73,0
DA:74,0
DA:75,0
DA:76,0
DA:78,0
DA:79,0
DA:81,0
DA:83,0
DA:88,0
DA:89,0
DA:94,0
DA:98,0
DA:102,0
DA:103,0
DA:104,0
DA:105,0
LF:23
LH:0
BRDA:79,0,0,0
BRDA:79,0,1,0
BRDA:102,1,0,0
BRDA:102,1,1,0
BRDA:103,2,0,0
BRDA:103,2,1,0
BRDA:104,3,0,0
BRDA:104,3,1,0
BRF:8
BRH:0
end_of_record
TN:
SF:/Users/kphcdr/go/src/showdoc/web_src/src/components/user/ResetPassword.vue
FN:1,(anonymous_0)
FN:47,data
FN:56,onSubmit
FN:65,(anonymous_3)
FN:73,change_v_code_img
FN:78,mounted
FN:82,beforeDestroy
FN:90,render
FN:90,(anonymous_8)
FN:90,(anonymous_9)
FNF:10
FNH:0
FNDA:0,(anonymous_0)
FNDA:0,data
FNDA:0,onSubmit
FNDA:0,(anonymous_3)
FNDA:0,change_v_code_img
FNDA:0,mounted
FNDA:0,beforeDestroy
FNDA:0,render
FNDA:0,(anonymous_8)
FNDA:0,(anonymous_9)
DA:1,0
DA:4,0
DA:44,0
DA:48,0
DA:58,0
DA:59,0
DA:61,0
DA:62,0
DA:63,0
DA:65,0
DA:66,0
DA:67,0
DA:69,0
DA:74,0
DA:75,0
DA:80,0
DA:84,0
DA:88,0
DA:89,0
DA:90,0
DA:91,0
LF:21
LH:0
BRDA:66,0,0,0
BRDA:66,0,1,0
BRDA:88,1,0,0
BRDA:88,1,1,0
BRDA:89,2,0,0
BRDA:89,2,1,0
BRDA:90,3,0,0
BRDA:90,3,1,0
BRF:8
BRH:0
end_of_record
TN:
SF:/Users/kphcdr/go/src/showdoc/web_src/src/components/user/ResetPasswordByUrl.vue
FN:1,(anonymous_0)
FN:42,data
FN:49,onSubmit
FN:60,(anonymous_3)
FN:72,mounted
FN:76,beforeDestroy
FN:84,render
FN:84,(anonymous_7)
FNF:8
FNH:0
FNDA:0,(anonymous_0)
FNDA:0,data
FNDA:0,onSubmit
FNDA:0,(anonymous_3)
FNDA:0,mounted
FNDA:0,beforeDestroy
FNDA:0,render
FNDA:0,(anonymous_7)
DA:1,0
DA:4,0
DA:39,0
DA:43,0
DA:51,0
DA:52,0
DA:54,0
DA:55,0
DA:56,0
DA:57,0
DA:58,0
DA:60,0
DA:61,0
DA:62,0
DA:63,0
DA:67,0
DA:74,0
DA:78,0
DA:82,0
DA:83,0
DA:84,0
DA:85,0
LF:22
LH:0
BRDA:61,0,0,0
BRDA:61,0,1,0
BRDA:62,1,0,0
BRDA:62,1,1,0
BRDA:82,2,0,0
BRDA:82,2,1,0
BRDA:83,3,0,0
BRDA:83,3,1,0
BRDA:84,4,0,0
BRDA:84,4,1,0
BRF:10
BRH:0
end_of_record
TN:
SF:/Users/kphcdr/go/src/showdoc/web_src/src/components/user/Setting.vue
FN:1,(anonymous_0)
FN:55,data
FN:73,get_user_info
FN:77,(anonymous_3)
FN:99,(anonymous_4)
FN:103,passwordFormSubmit
FN:111,(anonymous_6)
FN:117,(anonymous_7)
FN:121,emailFormSubmit
FN:129,(anonymous_9)
FN:136,(anonymous_10)
FN:142,mounted
FN:148,beforeDestroy
FN:156,render
FN:156,(anonymous_14)
FN:156,(anonymous_15)
FN:156,(anonymous_16)
FN:156,(anonymous_17)
FNF:18
FNH:0
FNDA:0,(anonymous_0)
FNDA:0,data
FNDA:0,get_user_info
FNDA:0,(anonymous_3)
FNDA:0,(anonymous_4)
FNDA:0,passwordFormSubmit
FNDA:0,(anonymous_6)
FNDA:0,(anonymous_7)
FNDA:0,emailFormSubmit
FNDA:0,(anonymous_9)
FNDA:0,(anonymous_10)
FNDA:0,mounted
FNDA:0,beforeDestroy
FNDA:0,render
FNDA:0,(anonymous_14)
FNDA:0,(anonymous_15)
FNDA:0,(anonymous_16)
FNDA:0,(anonymous_17)
DA:1,0
DA:4,0
DA:52,0
DA:56,0
DA:74,0
DA:75,0
DA:76,0
DA:77,0
DA:78,0
DA:79,0
DA:80,0
DA:81,0
DA:82,0
DA:83,0
DA:84,0
DA:85,0
DA:86,0
DA:87,0
DA:89,0
DA:92,0
DA:93,0
DA:95,0
DA:97,0
DA:100,0
DA:104,0
DA:105,0
DA:107,0
DA:108,0
DA:109,0
DA:111,0
DA:112,0
DA:113,0
DA:115,0
DA:118,0
DA:122,0
DA:123,0
DA:125,0
DA:126,0
DA:127,0
DA:129,0
DA:130,0
DA:131,0
DA:132,0
DA:134,0
DA:137,0
DA:144,0
DA:146,0
DA:150,0
DA:154,0
DA:155,0
DA:156,0
DA:157,0
LF:52
LH:0
BRDA:78,0,0,0
BRDA:78,0,1,0
BRDA:84,1,0,0
BRDA:84,1,1,0
BRDA:86,2,0,0
BRDA:86,2,1,0
BRDA:112,3,0,0
BRDA:112,3,1,0
BRDA:130,4,0,0
BRDA:130,4,1,0
BRDA:154,5,0,0
BRDA:154,5,1,0
BRDA:155,6,0,0
BRDA:155,6,1,0
BRDA:156,7,0,0
BRDA:156,7,1,0
BRF:16
BRH:0
end_of_record
